This file contains any messages produced by compilers while
running configure, to aid debugging if configure makes a mistake.

It was created by Smileycoin Core configure 2.2.4, which was
generated by GNU Autoconf 2.69.  Invocation command line was

  $ ./configure --with-incompatible-bdb --no-create --no-recursion

## --------- ##
## Platform. ##
## --------- ##

hostname = htgi-dw0946.rhi.hi.is
uname -m = x86_64
uname -r = 18.7.0
uname -s = Darwin
uname -v = Darwin Kernel Version 18.7.0: Tue Aug 20 16:57:14 PDT 2019; root:xnu-4903.271.2~2/RELEASE_X86_64

/usr/bin/uname -p = i386
/bin/uname -X     = unknown

/bin/arch              = unknown
/usr/bin/arch -k       = unknown
/usr/convex/getsysinfo = unknown
/usr/bin/hostinfo      = Mach kernel version:
	 Darwin Kernel Version 18.7.0: Tue Aug 20 16:57:14 PDT 2019; root:xnu-4903.271.2~2/RELEASE_X86_64
Kernel configured for up to 4 processors.
2 processors are physically available.
4 processors are logically available.
Processor type: x86_64h (Intel x86-64h Haswell)
Processors active: 0 1 2 3
Primary memory available: 8.00 gigabytes
Default processor set: 362 tasks, 1925 threads, 4 processors
Load average: 2.92, Mach factor: 1.08
/bin/machine           = unknown
/usr/bin/oslevel       = unknown
/bin/universe          = unknown

PATH: /opt/local/bin
PATH: /opt/local/sbin
PATH: /anaconda3/bin
PATH: /anaconda3/condabin
PATH: /Users/freyja/.sdkman/candidates/gradle/current/bin
PATH: /usr/bin
PATH: /Library/Frameworks/Python.framework/Versions/3.6/bin
PATH: /Library/Frameworks/Python.framework/Versions/3.6/bin
PATH: /Library/Frameworks/Python.framework/Versions/3.6/bin
PATH: /Users/freyja/usr/bin
PATH: /Users/freyja/usr/bin
PATH: /usr/bin
PATH: /bin
PATH: /usr/sbin
PATH: /sbin
PATH: /usr/local/bin
PATH: /Library/TeX/texbin
PATH: /opt/X11/bin
PATH: /Applications/Postgres.app/Contents/Versions/latest/bin


## ----------- ##
## Core tests. ##
## ----------- ##

configure:2779: checking build system type
configure:2793: result: x86_64-apple-darwin18.7.0
configure:2813: checking host system type
configure:2826: result: x86_64-apple-darwin18.7.0
configure:2967: checking for a BSD-compatible install
configure:3035: result: /usr/bin/install -c
configure:3046: checking whether build environment is sane
configure:3101: result: yes
configure:3252: checking for a thread-safe mkdir -p
configure:3291: result: src/build-aux/install-sh -c -d
configure:3298: checking for gawk
configure:3328: result: no
configure:3298: checking for mawk
configure:3328: result: no
configure:3298: checking for nawk
configure:3328: result: no
configure:3298: checking for awk
configure:3314: found /usr/bin/awk
configure:3325: result: awk
configure:3336: checking whether make sets $(MAKE)
configure:3358: result: yes
configure:3387: checking whether make supports nested variables
configure:3404: result: yes
configure:3523: checking whether to enable maintainer-specific portions of Makefiles
configure:3532: result: yes
configure:3557: checking whether make supports nested variables
configure:3574: result: yes
configure:3748: checking for g++
configure:3764: found /usr/bin/g++
configure:3775: result: g++
configure:3802: checking for C++ compiler version
configure:3811: g++ --version >&5
Apple LLVM version 10.0.1 (clang-1001.0.46.4)
Target: x86_64-apple-darwin18.7.0
Thread model: posix
InstalledDir: /Library/Developer/CommandLineTools/usr/bin
Configured with: --prefix=/Library/Developer/CommandLineTools/usr --with-gxx-include-dir=/Library/Developer/CommandLineTools/SDKs/MacOSX10.14.sdk/usr/include/c++/4.2.1
configure:3822: $? = 0
configure:3811: g++ -v >&5
Configured with: --prefix=/Library/Developer/CommandLineTools/usr --with-gxx-include-dir=/Library/Developer/CommandLineTools/SDKs/MacOSX10.14.sdk/usr/include/c++/4.2.1
Apple LLVM version 10.0.1 (clang-1001.0.46.4)
Target: x86_64-apple-darwin18.7.0
Thread model: posix
InstalledDir: /Library/Developer/CommandLineTools/usr/bin
configure:3822: $? = 0
configure:3811: g++ -V >&5
clang: error: unsupported option '-V -Wno-atomic-implicit-seq-cst'
clang: error: no input files
configure:3822: $? = 1
configure:3811: g++ -qversion >&5
clang: error: unknown argument '-qversion', did you mean '--version'?
clang: error: no input files
configure:3822: $? = 1
configure:3842: checking whether the C++ compiler works
configure:3864: g++    conftest.cpp  >&5
configure:3868: $? = 0
configure:3916: result: yes
configure:3919: checking for C++ compiler default output file name
configure:3921: result: a.out
configure:3927: checking for suffix of executables
configure:3934: g++ -o conftest    conftest.cpp  >&5
configure:3938: $? = 0
configure:3960: result: 
configure:3982: checking whether we are cross compiling
configure:3990: g++ -o conftest    conftest.cpp  >&5
configure:3994: $? = 0
configure:4001: ./conftest
configure:4005: $? = 0
configure:4020: result: no
configure:4025: checking for suffix of object files
configure:4047: g++ -c   conftest.cpp >&5
configure:4051: $? = 0
configure:4072: result: o
configure:4076: checking whether we are using the GNU C++ compiler
configure:4095: g++ -c   conftest.cpp >&5
configure:4095: $? = 0
configure:4104: result: yes
configure:4113: checking whether g++ accepts -g
configure:4133: g++ -c -g  conftest.cpp >&5
configure:4133: $? = 0
configure:4174: result: yes
configure:4200: checking whether make supports the include directive
configure:4215: make -f confmf.GNU && cat confinc.out
this is the am__doit target
configure:4218: $? = 0
configure:4237: result: yes (GNU style)
configure:4262: checking dependency style of g++
configure:4373: result: gcc3
configure:4436: checking for gcc
configure:4452: found /usr/bin/gcc
configure:4463: result: gcc
configure:4692: checking for C compiler version
configure:4701: gcc --version >&5
Apple LLVM version 10.0.1 (clang-1001.0.46.4)
Target: x86_64-apple-darwin18.7.0
Thread model: posix
InstalledDir: /Library/Developer/CommandLineTools/usr/bin
Configured with: --prefix=/Library/Developer/CommandLineTools/usr --with-gxx-include-dir=/Library/Developer/CommandLineTools/SDKs/MacOSX10.14.sdk/usr/include/c++/4.2.1
configure:4712: $? = 0
configure:4701: gcc -v >&5
Configured with: --prefix=/Library/Developer/CommandLineTools/usr --with-gxx-include-dir=/Library/Developer/CommandLineTools/SDKs/MacOSX10.14.sdk/usr/include/c++/4.2.1
Apple LLVM version 10.0.1 (clang-1001.0.46.4)
Target: x86_64-apple-darwin18.7.0
Thread model: posix
InstalledDir: /Library/Developer/CommandLineTools/usr/bin
configure:4712: $? = 0
configure:4701: gcc -V >&5
clang: error: unsupported option '-V -Wno-atomic-implicit-seq-cst'
clang: error: no input files
configure:4712: $? = 1
configure:4701: gcc -qversion >&5
clang: error: unknown argument '-qversion', did you mean '--version'?
clang: error: no input files
configure:4712: $? = 1
configure:4716: checking whether we are using the GNU C compiler
configure:4735: gcc -c   conftest.c >&5
configure:4735: $? = 0
configure:4744: result: yes
configure:4753: checking whether gcc accepts -g
configure:4773: gcc -c -g  conftest.c >&5
configure:4773: $? = 0
configure:4814: result: yes
configure:4831: checking for gcc option to accept ISO C89
configure:4894: gcc  -c -g -O2  conftest.c >&5
configure:4894: $? = 0
configure:4907: result: none needed
configure:4932: checking whether gcc understands -c and -o together
configure:4954: gcc -c conftest.c -o conftest2.o
configure:4957: $? = 0
configure:4954: gcc -c conftest.c -o conftest2.o
configure:4957: $? = 0
configure:4969: result: yes
configure:4988: checking dependency style of gcc
configure:5099: result: gcc3
configure:5119: checking how to run the C preprocessor
configure:5150: gcc -E  conftest.c
configure:5150: $? = 0
configure:5164: gcc -E  conftest.c
conftest.c:9:10: fatal error: 'ac_nonexistent.h' file not found
#include <ac_nonexistent.h>
         ^~~~~~~~~~~~~~~~~~
1 error generated.
configure:5164: $? = 1
configure: failed program was:
| /* confdefs.h */
| #define PACKAGE_NAME "Smileycoin Core"
| #define PACKAGE_TARNAME "smileycoin"
| #define PACKAGE_VERSION "2.2.4"
| #define PACKAGE_STRING "Smileycoin Core 2.2.4"
| #define PACKAGE_BUGREPORT "smlyarad@smlyarad.is"
| #define PACKAGE_URL ""
| /* end confdefs.h.  */
| #include <ac_nonexistent.h>
configure:5189: result: gcc -E
configure:5209: gcc -E  conftest.c
configure:5209: $? = 0
configure:5223: gcc -E  conftest.c
conftest.c:9:10: fatal error: 'ac_nonexistent.h' file not found
#include <ac_nonexistent.h>
         ^~~~~~~~~~~~~~~~~~
1 error generated.
configure:5223: $? = 1
configure: failed program was:
| /* confdefs.h */
| #define PACKAGE_NAME "Smileycoin Core"
| #define PACKAGE_TARNAME "smileycoin"
| #define PACKAGE_VERSION "2.2.4"
| #define PACKAGE_STRING "Smileycoin Core 2.2.4"
| #define PACKAGE_BUGREPORT "smlyarad@smlyarad.is"
| #define PACKAGE_URL ""
| /* end confdefs.h.  */
| #include <ac_nonexistent.h>
configure:5256: checking how to run the C++ preprocessor
configure:5283: g++ -E  conftest.cpp
configure:5283: $? = 0
configure:5297: g++ -E  conftest.cpp
conftest.cpp:9:10: fatal error: 'ac_nonexistent.h' file not found
#include <ac_nonexistent.h>
         ^~~~~~~~~~~~~~~~~~
1 error generated.
configure:5297: $? = 1
configure: failed program was:
| /* confdefs.h */
| #define PACKAGE_NAME "Smileycoin Core"
| #define PACKAGE_TARNAME "smileycoin"
| #define PACKAGE_VERSION "2.2.4"
| #define PACKAGE_STRING "Smileycoin Core 2.2.4"
| #define PACKAGE_BUGREPORT "smlyarad@smlyarad.is"
| #define PACKAGE_URL ""
| /* end confdefs.h.  */
| #include <ac_nonexistent.h>
configure:5322: result: g++ -E
configure:5342: g++ -E  conftest.cpp
configure:5342: $? = 0
configure:5356: g++ -E  conftest.cpp
conftest.cpp:9:10: fatal error: 'ac_nonexistent.h' file not found
#include <ac_nonexistent.h>
         ^~~~~~~~~~~~~~~~~~
1 error generated.
configure:5356: $? = 1
configure: failed program was:
| /* confdefs.h */
| #define PACKAGE_NAME "Smileycoin Core"
| #define PACKAGE_TARNAME "smileycoin"
| #define PACKAGE_VERSION "2.2.4"
| #define PACKAGE_STRING "Smileycoin Core 2.2.4"
| #define PACKAGE_BUGREPORT "smlyarad@smlyarad.is"
| #define PACKAGE_URL ""
| /* end confdefs.h.  */
| #include <ac_nonexistent.h>
configure:5439: checking for gcc
configure:5455: found /usr/bin/gcc
configure:5466: result: gcc
configure:5491: checking for Objective C compiler version
configure:5500: gcc --version >&5
Apple LLVM version 10.0.1 (clang-1001.0.46.4)
Target: x86_64-apple-darwin18.7.0
Thread model: posix
InstalledDir: /Library/Developer/CommandLineTools/usr/bin
Configured with: --prefix=/Library/Developer/CommandLineTools/usr --with-gxx-include-dir=/Library/Developer/CommandLineTools/SDKs/MacOSX10.14.sdk/usr/include/c++/4.2.1
configure:5511: $? = 0
configure:5500: gcc -v >&5
Configured with: --prefix=/Library/Developer/CommandLineTools/usr --with-gxx-include-dir=/Library/Developer/CommandLineTools/SDKs/MacOSX10.14.sdk/usr/include/c++/4.2.1
Apple LLVM version 10.0.1 (clang-1001.0.46.4)
Target: x86_64-apple-darwin18.7.0
Thread model: posix
InstalledDir: /Library/Developer/CommandLineTools/usr/bin
configure:5511: $? = 0
configure:5500: gcc -V >&5
clang: error: unsupported option '-V -Wno-atomic-implicit-seq-cst'
clang: error: no input files
configure:5511: $? = 1
configure:5500: gcc -qversion >&5
clang: error: unknown argument '-qversion', did you mean '--version'?
clang: error: no input files
configure:5511: $? = 1
configure:5515: checking whether we are using the GNU Objective C compiler
configure:5534: gcc -c   conftest.m >&5
configure:5534: $? = 0
configure:5543: result: yes
configure:5552: checking whether gcc accepts -g
configure:5572: gcc -c -g  conftest.m >&5
configure:5572: $? = 0
configure:5613: result: yes
configure:5638: checking dependency style of gcc
configure:5747: result: gcc3
configure:5762: checking whether ln -s works
configure:5766: result: yes
configure:5827: checking for g++
configure:5843: found /usr/bin/g++
configure:5854: result: g++
configure:5879: checking for Objective C++ compiler version
configure:5888: g++ --version >&5
Apple LLVM version 10.0.1 (clang-1001.0.46.4)
Target: x86_64-apple-darwin18.7.0
Thread model: posix
InstalledDir: /Library/Developer/CommandLineTools/usr/bin
Configured with: --prefix=/Library/Developer/CommandLineTools/usr --with-gxx-include-dir=/Library/Developer/CommandLineTools/SDKs/MacOSX10.14.sdk/usr/include/c++/4.2.1
configure:5899: $? = 0
configure:5888: g++ -v >&5
Configured with: --prefix=/Library/Developer/CommandLineTools/usr --with-gxx-include-dir=/Library/Developer/CommandLineTools/SDKs/MacOSX10.14.sdk/usr/include/c++/4.2.1
Apple LLVM version 10.0.1 (clang-1001.0.46.4)
Target: x86_64-apple-darwin18.7.0
Thread model: posix
InstalledDir: /Library/Developer/CommandLineTools/usr/bin
configure:5899: $? = 0
configure:5888: g++ -V >&5
clang: error: unsupported option '-V -Wno-atomic-implicit-seq-cst'
clang: error: no input files
configure:5899: $? = 1
configure:5888: g++ -qversion >&5
clang: error: unknown argument '-qversion', did you mean '--version'?
clang: error: no input files
configure:5899: $? = 1
configure:5903: checking whether we are using the GNU Objective C++ compiler
configure:5922: g++ -c   conftest.mm >&5
configure:5922: $? = 0
configure:5931: result: yes
configure:5940: checking whether g++ accepts -g
configure:5960: g++ -c -g  conftest.mm >&5
configure:5960: $? = 0
configure:6001: result: yes
configure:6026: checking dependency style of g++
configure:6135: result: gcc3
configure:6151: checking for a sed that does not truncate output
configure:6215: result: /usr/bin/sed
configure:6266: checking for ar
configure:6284: found /usr/bin/ar
configure:6296: result: /usr/bin/ar
configure:6364: checking for ranlib
configure:6382: found /usr/bin/ranlib
configure:6394: result: /usr/bin/ranlib
configure:6462: checking for strip
configure:6480: found /usr/bin/strip
configure:6492: result: /usr/bin/strip
configure:6560: checking for gcov
configure:6578: found /usr/bin/gcov
configure:6590: result: /usr/bin/gcov
configure:6614: checking for lcov
configure:6647: result: no
configure:6654: checking for java
configure:6672: found /usr/bin/java
configure:6684: result: /usr/bin/java
configure:6694: checking for genhtml
configure:6727: result: no
configure:6734: checking for git
configure:6752: found /usr/bin/git
configure:6764: result: /usr/bin/git
configure:6774: checking for ccache
configure:6807: result: no
configure:6814: checking for xgettext
configure:6832: found /anaconda3/bin/xgettext
configure:6844: result: /anaconda3/bin/xgettext
configure:6854: checking for hexdump
configure:6872: found /usr/bin/hexdump
configure:6884: result: /usr/bin/hexdump
configure:6946: checking for pkg-config
configure:6964: found /usr/local/bin/pkg-config
configure:6976: result: /usr/local/bin/pkg-config
configure:7001: checking pkg-config is at least version 0.9.0
configure:7004: result: yes
configure:8169: checking for port
configure:8185: found /opt/local/bin/port
configure:8196: result: port
configure:8211: checking for brew
configure:8227: found /usr/local/bin/brew
configure:8238: result: brew
configure:8582: checking for grep that handles long lines and -e
configure:8640: result: /usr/bin/grep
configure:8645: checking for egrep
configure:8707: result: /usr/bin/grep -E
configure:8712: checking for ANSI C header files
configure:8732: g++ -c -g -O2 -Wall -Wextra -Wformat -Wformat-security -Wno-unused-parameter  -DBOOST_SPIRIT_THREADSAFE -DHAVE_BUILD_INFO -D__STDC_FORMAT_MACROS -isystem /opt/local/include -I/opt/local/include/db53 -I/usr/local/Cellar/berkeley-db5/5.3.28/include -DMAC_OSX conftest.cpp >&5
configure:8732: $? = 0
configure:8805: g++ -o conftest -g -O2 -Wall -Wextra -Wformat -Wformat-security -Wno-unused-parameter  -DBOOST_SPIRIT_THREADSAFE -DHAVE_BUILD_INFO -D__STDC_FORMAT_MACROS -isystem /opt/local/include -I/opt/local/include/db53 -I/usr/local/Cellar/berkeley-db5/5.3.28/include -DMAC_OSX  conftest.cpp  -L/opt/local/lib -L/opt/local/lib/db53 -L/usr/local/Cellar/berkeley-db5/5.3.28/lib >&5
ld: warning: directory not found for option '-L/usr/local/Cellar/berkeley-db5/5.3.28/lib'
configure:8805: $? = 0
configure:8805: ./conftest
configure:8805: $? = 0
configure:8816: result: yes
configure:8829: checking for sys/types.h
configure:8829: g++ -c -g -O2 -Wall -Wextra -Wformat -Wformat-security -Wno-unused-parameter  -DBOOST_SPIRIT_THREADSAFE -DHAVE_BUILD_INFO -D__STDC_FORMAT_MACROS -isystem /opt/local/include -I/opt/local/include/db53 -I/usr/local/Cellar/berkeley-db5/5.3.28/include -DMAC_OSX conftest.cpp >&5
configure:8829: $? = 0
configure:8829: result: yes
configure:8829: checking for sys/stat.h
configure:8829: g++ -c -g -O2 -Wall -Wextra -Wformat -Wformat-security -Wno-unused-parameter  -DBOOST_SPIRIT_THREADSAFE -DHAVE_BUILD_INFO -D__STDC_FORMAT_MACROS -isystem /opt/local/include -I/opt/local/include/db53 -I/usr/local/Cellar/berkeley-db5/5.3.28/include -DMAC_OSX conftest.cpp >&5
configure:8829: $? = 0
configure:8829: result: yes
configure:8829: checking for stdlib.h
configure:8829: g++ -c -g -O2 -Wall -Wextra -Wformat -Wformat-security -Wno-unused-parameter  -DBOOST_SPIRIT_THREADSAFE -DHAVE_BUILD_INFO -D__STDC_FORMAT_MACROS -isystem /opt/local/include -I/opt/local/include/db53 -I/usr/local/Cellar/berkeley-db5/5.3.28/include -DMAC_OSX conftest.cpp >&5
configure:8829: $? = 0
configure:8829: result: yes
configure:8829: checking for string.h
configure:8829: g++ -c -g -O2 -Wall -Wextra -Wformat -Wformat-security -Wno-unused-parameter  -DBOOST_SPIRIT_THREADSAFE -DHAVE_BUILD_INFO -D__STDC_FORMAT_MACROS -isystem /opt/local/include -I/opt/local/include/db53 -I/usr/local/Cellar/berkeley-db5/5.3.28/include -DMAC_OSX conftest.cpp >&5
configure:8829: $? = 0
configure:8829: result: yes
configure:8829: checking for memory.h
configure:8829: g++ -c -g -O2 -Wall -Wextra -Wformat -Wformat-security -Wno-unused-parameter  -DBOOST_SPIRIT_THREADSAFE -DHAVE_BUILD_INFO -D__STDC_FORMAT_MACROS -isystem /opt/local/include -I/opt/local/include/db53 -I/usr/local/Cellar/berkeley-db5/5.3.28/include -DMAC_OSX conftest.cpp >&5
configure:8829: $? = 0
configure:8829: result: yes
configure:8829: checking for strings.h
configure:8829: g++ -c -g -O2 -Wall -Wextra -Wformat -Wformat-security -Wno-unused-parameter  -DBOOST_SPIRIT_THREADSAFE -DHAVE_BUILD_INFO -D__STDC_FORMAT_MACROS -isystem /opt/local/include -I/opt/local/include/db53 -I/usr/local/Cellar/berkeley-db5/5.3.28/include -DMAC_OSX conftest.cpp >&5
configure:8829: $? = 0
configure:8829: result: yes
configure:8829: checking for inttypes.h
configure:8829: g++ -c -g -O2 -Wall -Wextra -Wformat -Wformat-security -Wno-unused-parameter  -DBOOST_SPIRIT_THREADSAFE -DHAVE_BUILD_INFO -D__STDC_FORMAT_MACROS -isystem /opt/local/include -I/opt/local/include/db53 -I/usr/local/Cellar/berkeley-db5/5.3.28/include -DMAC_OSX conftest.cpp >&5
configure:8829: $? = 0
configure:8829: result: yes
configure:8829: checking for stdint.h
configure:8829: g++ -c -g -O2 -Wall -Wextra -Wformat -Wformat-security -Wno-unused-parameter  -DBOOST_SPIRIT_THREADSAFE -DHAVE_BUILD_INFO -D__STDC_FORMAT_MACROS -isystem /opt/local/include -I/opt/local/include/db53 -I/usr/local/Cellar/berkeley-db5/5.3.28/include -DMAC_OSX conftest.cpp >&5
configure:8829: $? = 0
configure:8829: result: yes
configure:8829: checking for unistd.h
configure:8829: g++ -c -g -O2 -Wall -Wextra -Wformat -Wformat-security -Wno-unused-parameter  -DBOOST_SPIRIT_THREADSAFE -DHAVE_BUILD_INFO -D__STDC_FORMAT_MACROS -isystem /opt/local/include -I/opt/local/include/db53 -I/usr/local/Cellar/berkeley-db5/5.3.28/include -DMAC_OSX conftest.cpp >&5
configure:8829: $? = 0
configure:8829: result: yes
configure:8841: checking whether byte ordering is bigendian
configure:8856: g++ -c -g -O2 -Wall -Wextra -Wformat -Wformat-security -Wno-unused-parameter  -DBOOST_SPIRIT_THREADSAFE -DHAVE_BUILD_INFO -D__STDC_FORMAT_MACROS -isystem /opt/local/include -I/opt/local/include/db53 -I/usr/local/Cellar/berkeley-db5/5.3.28/include -DMAC_OSX conftest.cpp >&5
configure:8856: $? = 0
configure:8901: g++ -c -g -O2 -Wall -Wextra -Wformat -Wformat-security -Wno-unused-parameter  -DBOOST_SPIRIT_THREADSAFE -DHAVE_BUILD_INFO -D__STDC_FORMAT_MACROS -isystem /opt/local/include -I/opt/local/include/db53 -I/usr/local/Cellar/berkeley-db5/5.3.28/include -DMAC_OSX conftest.cpp >&5
configure:8901: $? = 0
configure:8919: g++ -c -g -O2 -Wall -Wextra -Wformat -Wformat-security -Wno-unused-parameter  -DBOOST_SPIRIT_THREADSAFE -DHAVE_BUILD_INFO -D__STDC_FORMAT_MACROS -isystem /opt/local/include -I/opt/local/include/db53 -I/usr/local/Cellar/berkeley-db5/5.3.28/include -DMAC_OSX conftest.cpp >&5
conftest.cpp:26:11: error: expected ';' after expression
                 not big endian
                        ^
                        ;
conftest.cpp:26:8: error: use of undeclared identifier 'big'
                 not big endian
                     ^
conftest.cpp:26:12: error: use of undeclared identifier 'endian'
                 not big endian
                         ^
3 errors generated.
configure:8919: $? = 1
configure: failed program was:
| /* confdefs.h */
| #define PACKAGE_NAME "Smileycoin Core"
| #define PACKAGE_TARNAME "smileycoin"
| #define PACKAGE_VERSION "2.2.4"
| #define PACKAGE_STRING "Smileycoin Core 2.2.4"
| #define PACKAGE_BUGREPORT "smlyarad@smlyarad.is"
| #define PACKAGE_URL ""
| #define STDC_HEADERS 1
| #define HAVE_SYS_TYPES_H 1
| #define HAVE_SYS_STAT_H 1
| #define HAVE_STDLIB_H 1
| #define HAVE_STRING_H 1
| #define HAVE_MEMORY_H 1
| #define HAVE_STRINGS_H 1
| #define HAVE_INTTYPES_H 1
| #define HAVE_STDINT_H 1
| #define HAVE_UNISTD_H 1
| /* end confdefs.h.  */
| #include <sys/types.h>
| 		#include <sys/param.h>
| 
| int
| main ()
| {
| #if BYTE_ORDER != BIG_ENDIAN
| 		 not big endian
| 		#endif
| 
|   ;
|   return 0;
| }
configure:9047: result: no
configure:9178: checking if compiler needs -Werror to reject unknown flags
configure:9194: gcc -c -g -O2 -Werror -Wunknown-warning-option -Wsizeof-array-argument  -DBOOST_SPIRIT_THREADSAFE -DHAVE_BUILD_INFO -D__STDC_FORMAT_MACROS -isystem /opt/local/include -I/opt/local/include/db53 -I/usr/local/Cellar/berkeley-db5/5.3.28/include -DMAC_OSX conftest.c >&5
configure:9194: $? = 0
configure:9195: result: yes
configure:9215: checking whether pthreads work with -pthread
configure:9303: gcc -o conftest -g -O2 -pthread -Werror  -DBOOST_SPIRIT_THREADSAFE -DHAVE_BUILD_INFO -D__STDC_FORMAT_MACROS -isystem /opt/local/include -I/opt/local/include/db53 -I/usr/local/Cellar/berkeley-db5/5.3.28/include -DMAC_OSX  conftest.c   -L/opt/local/lib -L/opt/local/lib/db53 -L/usr/local/Cellar/berkeley-db5/5.3.28/lib >&5
ld: warning: directory not found for option '-L/usr/local/Cellar/berkeley-db5/5.3.28/lib'
configure:9303: $? = 0
configure:9312: result: yes
configure:9331: checking for joinable pthread attribute
configure:9346: gcc -o conftest -g -O2 -pthread  -DBOOST_SPIRIT_THREADSAFE -DHAVE_BUILD_INFO -D__STDC_FORMAT_MACROS -isystem /opt/local/include -I/opt/local/include/db53 -I/usr/local/Cellar/berkeley-db5/5.3.28/include -DMAC_OSX  conftest.c   -L/opt/local/lib -L/opt/local/lib/db53 -L/usr/local/Cellar/berkeley-db5/5.3.28/lib >&5
ld: warning: directory not found for option '-L/usr/local/Cellar/berkeley-db5/5.3.28/lib'
configure:9346: $? = 0
configure:9352: result: PTHREAD_CREATE_JOINABLE
configure:9362: checking if more special flags are required for pthreads
configure:9377: result: -D_THREAD_SAFE
configure:9383: checking for PTHREAD_PRIO_INHERIT
configure:9400: gcc -o conftest -g -O2 -pthread  -DBOOST_SPIRIT_THREADSAFE -DHAVE_BUILD_INFO -D__STDC_FORMAT_MACROS -isystem /opt/local/include -I/opt/local/include/db53 -I/usr/local/Cellar/berkeley-db5/5.3.28/include -DMAC_OSX  conftest.c   -L/opt/local/lib -L/opt/local/lib/db53 -L/usr/local/Cellar/berkeley-db5/5.3.28/lib >&5
ld: warning: directory not found for option '-L/usr/local/Cellar/berkeley-db5/5.3.28/lib'
configure:9400: $? = 0
configure:9409: result: yes
configure:9520: checking for special C compiler options needed for large files
configure:9565: result: no
configure:9571: checking for _FILE_OFFSET_BITS value needed for large files
configure:9596: g++ -c -g -O2 -Wall -Wextra -Wformat -Wformat-security -Wno-unused-parameter  -DBOOST_SPIRIT_THREADSAFE -DHAVE_BUILD_INFO -D__STDC_FORMAT_MACROS -isystem /opt/local/include -I/opt/local/include/db53 -I/usr/local/Cellar/berkeley-db5/5.3.28/include -DMAC_OSX conftest.cpp >&5
configure:9596: $? = 0
configure:9628: result: no
configure:9714: checking whether strerror_r is declared
configure:9714: g++ -c -g -O2 -Wall -Wextra -Wformat -Wformat-security -Wno-unused-parameter  -DBOOST_SPIRIT_THREADSAFE -DHAVE_BUILD_INFO -D__STDC_FORMAT_MACROS -isystem /opt/local/include -I/opt/local/include/db53 -I/usr/local/Cellar/berkeley-db5/5.3.28/include -DMAC_OSX conftest.cpp >&5
configure:9714: $? = 0
configure:9714: result: yes
configure:9727: checking for strerror_r
configure:9727: g++ -o conftest -g -O2 -Wall -Wextra -Wformat -Wformat-security -Wno-unused-parameter  -DBOOST_SPIRIT_THREADSAFE -DHAVE_BUILD_INFO -D__STDC_FORMAT_MACROS -isystem /opt/local/include -I/opt/local/include/db53 -I/usr/local/Cellar/berkeley-db5/5.3.28/include -DMAC_OSX  conftest.cpp  -L/opt/local/lib -L/opt/local/lib/db53 -L/usr/local/Cellar/berkeley-db5/5.3.28/lib >&5
ld: warning: directory not found for option '-L/usr/local/Cellar/berkeley-db5/5.3.28/lib'
configure:9727: $? = 0
configure:9727: result: yes
configure:9736: checking whether strerror_r returns char *
configure:9760: g++ -c -g -O2 -Wall -Wextra -Wformat -Wformat-security -Wno-unused-parameter  -DBOOST_SPIRIT_THREADSAFE -DHAVE_BUILD_INFO -D__STDC_FORMAT_MACROS -isystem /opt/local/include -I/opt/local/include/db53 -I/usr/local/Cellar/berkeley-db5/5.3.28/include -DMAC_OSX conftest.cpp >&5
conftest.cpp:61:13: error: indirection requires pointer operand ('int' invalid)
          char x = *strerror_r (0, buf, sizeof buf);
                   ^~~~~~~~~~~~~~~~~~~~~~~~~~~~~~~~
conftest.cpp:62:10: error: cannot initialize a variable of type 'char *' with an rvalue of type 'int'
          char *p = strerror_r (0, buf, sizeof buf);
                ^   ~~~~~~~~~~~~~~~~~~~~~~~~~~~~~~~
2 errors generated.
configure:9760: $? = 1
configure: failed program was:
| /* confdefs.h */
| #define PACKAGE_NAME "Smileycoin Core"
| #define PACKAGE_TARNAME "smileycoin"
| #define PACKAGE_VERSION "2.2.4"
| #define PACKAGE_STRING "Smileycoin Core 2.2.4"
| #define PACKAGE_BUGREPORT "smlyarad@smlyarad.is"
| #define PACKAGE_URL ""
| #define STDC_HEADERS 1
| #define HAVE_SYS_TYPES_H 1
| #define HAVE_SYS_STAT_H 1
| #define HAVE_STDLIB_H 1
| #define HAVE_STRING_H 1
| #define HAVE_MEMORY_H 1
| #define HAVE_STRINGS_H 1
| #define HAVE_INTTYPES_H 1
| #define HAVE_STDINT_H 1
| #define HAVE_UNISTD_H 1
| #define HAVE_PTHREAD_PRIO_INHERIT 1
| #define HAVE_PTHREAD 1
| #define HAVE_DECL_STRERROR_R 1
| #define HAVE_STRERROR_R 1
| /* end confdefs.h.  */
| #include <stdio.h>
| #ifdef HAVE_SYS_TYPES_H
| # include <sys/types.h>
| #endif
| #ifdef HAVE_SYS_STAT_H
| # include <sys/stat.h>
| #endif
| #ifdef STDC_HEADERS
| # include <stdlib.h>
| # include <stddef.h>
| #else
| # ifdef HAVE_STDLIB_H
| #  include <stdlib.h>
| # endif
| #endif
| #ifdef HAVE_STRING_H
| # if !defined STDC_HEADERS && defined HAVE_MEMORY_H
| #  include <memory.h>
| # endif
| # include <string.h>
| #endif
| #ifdef HAVE_STRINGS_H
| # include <strings.h>
| #endif
| #ifdef HAVE_INTTYPES_H
| # include <inttypes.h>
| #endif
| #ifdef HAVE_STDINT_H
| # include <stdint.h>
| #endif
| #ifdef HAVE_UNISTD_H
| # include <unistd.h>
| #endif
| int
| main ()
| {
| 
| 	  char buf[100];
| 	  char x = *strerror_r (0, buf, sizeof buf);
| 	  char *p = strerror_r (0, buf, sizeof buf);
| 	  return !p || x;
| 
|   ;
|   return 0;
| }
configure:9798: result: no
configure:9819: checking whether the linker accepts -Wl,--large-address-aware
configure:9838: g++ -o conftest -g -O2 -Wall -Wextra -Wformat -Wformat-security -Wno-unused-parameter  -DBOOST_SPIRIT_THREADSAFE -DHAVE_BUILD_INFO -D__STDC_FORMAT_MACROS -isystem /opt/local/include -I/opt/local/include/db53 -I/usr/local/Cellar/berkeley-db5/5.3.28/include -DMAC_OSX   -Wl,--large-address-aware conftest.cpp  -L/opt/local/lib -L/opt/local/lib/db53 -L/usr/local/Cellar/berkeley-db5/5.3.28/lib >&5
ld: warning: directory not found for option '-L/usr/local/Cellar/berkeley-db5/5.3.28/lib'
ld: unknown option: --large-address-aware
clang: error: linker command failed with exit code 1 (use -v to see invocation)
configure:9838: $? = 1
configure: failed program was:
| /* confdefs.h */
| #define PACKAGE_NAME "Smileycoin Core"
| #define PACKAGE_TARNAME "smileycoin"
| #define PACKAGE_VERSION "2.2.4"
| #define PACKAGE_STRING "Smileycoin Core 2.2.4"
| #define PACKAGE_BUGREPORT "smlyarad@smlyarad.is"
| #define PACKAGE_URL ""
| #define STDC_HEADERS 1
| #define HAVE_SYS_TYPES_H 1
| #define HAVE_SYS_STAT_H 1
| #define HAVE_STDLIB_H 1
| #define HAVE_STRING_H 1
| #define HAVE_MEMORY_H 1
| #define HAVE_STRINGS_H 1
| #define HAVE_INTTYPES_H 1
| #define HAVE_STDINT_H 1
| #define HAVE_UNISTD_H 1
| #define HAVE_PTHREAD_PRIO_INHERIT 1
| #define HAVE_PTHREAD 1
| #define HAVE_DECL_STRERROR_R 1
| #define HAVE_STRERROR_R 1
| /* end confdefs.h.  */
| 
| int
| main ()
| {
| 
|   ;
|   return 0;
| }
configure:9847: result: no
configure:9892: checking whether C++ compiler accepts -Wstack-protector
configure:9911: g++ -c -g -O2 -Wall -Wextra -Wformat -Wformat-security -Wno-unused-parameter  -Wstack-protector  -DBOOST_SPIRIT_THREADSAFE -DHAVE_BUILD_INFO -D__STDC_FORMAT_MACROS -isystem /opt/local/include -I/opt/local/include/db53 -I/usr/local/Cellar/berkeley-db5/5.3.28/include -DMAC_OSX conftest.cpp >&5
configure:9911: $? = 0
configure:9919: result: yes
configure:9927: checking whether C++ compiler accepts -fstack-protector-all
configure:9946: g++ -c -g -O2 -Wall -Wextra -Wformat -Wformat-security -Wno-unused-parameter  -fstack-protector-all  -DBOOST_SPIRIT_THREADSAFE -DHAVE_BUILD_INFO -D__STDC_FORMAT_MACROS -isystem /opt/local/include -I/opt/local/include/db53 -I/usr/local/Cellar/berkeley-db5/5.3.28/include -DMAC_OSX conftest.cpp >&5
configure:9946: $? = 0
configure:9954: result: yes
configure:9962: checking whether C++ compiler accepts -fPIE
configure:9981: g++ -c -g -O2 -Wall -Wextra -Wformat -Wformat-security -Wno-unused-parameter  -fPIE  -DBOOST_SPIRIT_THREADSAFE -DHAVE_BUILD_INFO -D__STDC_FORMAT_MACROS -isystem /opt/local/include -I/opt/local/include/db53 -I/usr/local/Cellar/berkeley-db5/5.3.28/include -DMAC_OSX conftest.cpp >&5
configure:9981: $? = 0
configure:9989: result: yes
configure:9998: checking whether C++ preprocessor accepts -D_FORTIFY_SOURCE=2
configure:10017: g++ -E  -DBOOST_SPIRIT_THREADSAFE -DHAVE_BUILD_INFO -D__STDC_FORMAT_MACROS -isystem /opt/local/include -I/opt/local/include/db53 -I/usr/local/Cellar/berkeley-db5/5.3.28/include -DMAC_OSX  -D_FORTIFY_SOURCE=2 conftest.cpp
configure:10017: $? = 0
configure:10025: result: yes
configure:10029: checking whether C++ preprocessor accepts -U_FORTIFY_SOURCE
configure:10048: g++ -E  -DBOOST_SPIRIT_THREADSAFE -DHAVE_BUILD_INFO -D__STDC_FORMAT_MACROS -isystem /opt/local/include -I/opt/local/include/db53 -I/usr/local/Cellar/berkeley-db5/5.3.28/include -DMAC_OSX  -U_FORTIFY_SOURCE conftest.cpp
configure:10048: $? = 0
configure:10056: result: yes
configure:10073: checking whether the linker accepts -Wl,--dynamicbase
configure:10092: g++ -o conftest -g -O2 -Wall -Wextra -Wformat -Wformat-security -Wno-unused-parameter  -DBOOST_SPIRIT_THREADSAFE -DHAVE_BUILD_INFO -D__STDC_FORMAT_MACROS -isystem /opt/local/include -I/opt/local/include/db53 -I/usr/local/Cellar/berkeley-db5/5.3.28/include -DMAC_OSX   -Wl,--dynamicbase conftest.cpp  -L/opt/local/lib -L/opt/local/lib/db53 -L/usr/local/Cellar/berkeley-db5/5.3.28/lib >&5
ld: warning: directory not found for option '-L/usr/local/Cellar/berkeley-db5/5.3.28/lib'
ld: unknown option: --dynamicbase
clang: error: linker command failed with exit code 1 (use -v to see invocation)
configure:10092: $? = 1
configure: failed program was:
| /* confdefs.h */
| #define PACKAGE_NAME "Smileycoin Core"
| #define PACKAGE_TARNAME "smileycoin"
| #define PACKAGE_VERSION "2.2.4"
| #define PACKAGE_STRING "Smileycoin Core 2.2.4"
| #define PACKAGE_BUGREPORT "smlyarad@smlyarad.is"
| #define PACKAGE_URL ""
| #define STDC_HEADERS 1
| #define HAVE_SYS_TYPES_H 1
| #define HAVE_SYS_STAT_H 1
| #define HAVE_STDLIB_H 1
| #define HAVE_STRING_H 1
| #define HAVE_MEMORY_H 1
| #define HAVE_STRINGS_H 1
| #define HAVE_INTTYPES_H 1
| #define HAVE_STDINT_H 1
| #define HAVE_UNISTD_H 1
| #define HAVE_PTHREAD_PRIO_INHERIT 1
| #define HAVE_PTHREAD 1
| #define HAVE_DECL_STRERROR_R 1
| #define HAVE_STRERROR_R 1
| /* end confdefs.h.  */
| 
| int
| main ()
| {
| 
|   ;
|   return 0;
| }
configure:10101: result: no
configure:10109: checking whether the linker accepts -Wl,--nxcompat
configure:10128: g++ -o conftest -g -O2 -Wall -Wextra -Wformat -Wformat-security -Wno-unused-parameter  -DBOOST_SPIRIT_THREADSAFE -DHAVE_BUILD_INFO -D__STDC_FORMAT_MACROS -isystem /opt/local/include -I/opt/local/include/db53 -I/usr/local/Cellar/berkeley-db5/5.3.28/include -DMAC_OSX   -Wl,--nxcompat conftest.cpp  -L/opt/local/lib -L/opt/local/lib/db53 -L/usr/local/Cellar/berkeley-db5/5.3.28/lib >&5
ld: warning: directory not found for option '-L/usr/local/Cellar/berkeley-db5/5.3.28/lib'
ld: unknown option: --nxcompat
clang: error: linker command failed with exit code 1 (use -v to see invocation)
configure:10128: $? = 1
configure: failed program was:
| /* confdefs.h */
| #define PACKAGE_NAME "Smileycoin Core"
| #define PACKAGE_TARNAME "smileycoin"
| #define PACKAGE_VERSION "2.2.4"
| #define PACKAGE_STRING "Smileycoin Core 2.2.4"
| #define PACKAGE_BUGREPORT "smlyarad@smlyarad.is"
| #define PACKAGE_URL ""
| #define STDC_HEADERS 1
| #define HAVE_SYS_TYPES_H 1
| #define HAVE_SYS_STAT_H 1
| #define HAVE_STDLIB_H 1
| #define HAVE_STRING_H 1
| #define HAVE_MEMORY_H 1
| #define HAVE_STRINGS_H 1
| #define HAVE_INTTYPES_H 1
| #define HAVE_STDINT_H 1
| #define HAVE_UNISTD_H 1
| #define HAVE_PTHREAD_PRIO_INHERIT 1
| #define HAVE_PTHREAD 1
| #define HAVE_DECL_STRERROR_R 1
| #define HAVE_STRERROR_R 1
| /* end confdefs.h.  */
| 
| int
| main ()
| {
| 
|   ;
|   return 0;
| }
configure:10137: result: no
configure:10145: checking whether the linker accepts -Wl,-z,relro
configure:10164: g++ -o conftest -g -O2 -Wall -Wextra -Wformat -Wformat-security -Wno-unused-parameter  -DBOOST_SPIRIT_THREADSAFE -DHAVE_BUILD_INFO -D__STDC_FORMAT_MACROS -isystem /opt/local/include -I/opt/local/include/db53 -I/usr/local/Cellar/berkeley-db5/5.3.28/include -DMAC_OSX   -Wl,-z,relro conftest.cpp  -L/opt/local/lib -L/opt/local/lib/db53 -L/usr/local/Cellar/berkeley-db5/5.3.28/lib >&5
ld: warning: directory not found for option '-L/usr/local/Cellar/berkeley-db5/5.3.28/lib'
ld: unknown option: -z
clang: error: linker command failed with exit code 1 (use -v to see invocation)
configure:10164: $? = 1
configure: failed program was:
| /* confdefs.h */
| #define PACKAGE_NAME "Smileycoin Core"
| #define PACKAGE_TARNAME "smileycoin"
| #define PACKAGE_VERSION "2.2.4"
| #define PACKAGE_STRING "Smileycoin Core 2.2.4"
| #define PACKAGE_BUGREPORT "smlyarad@smlyarad.is"
| #define PACKAGE_URL ""
| #define STDC_HEADERS 1
| #define HAVE_SYS_TYPES_H 1
| #define HAVE_SYS_STAT_H 1
| #define HAVE_STDLIB_H 1
| #define HAVE_STRING_H 1
| #define HAVE_MEMORY_H 1
| #define HAVE_STRINGS_H 1
| #define HAVE_INTTYPES_H 1
| #define HAVE_STDINT_H 1
| #define HAVE_UNISTD_H 1
| #define HAVE_PTHREAD_PRIO_INHERIT 1
| #define HAVE_PTHREAD 1
| #define HAVE_DECL_STRERROR_R 1
| #define HAVE_STRERROR_R 1
| /* end confdefs.h.  */
| 
| int
| main ()
| {
| 
|   ;
|   return 0;
| }
configure:10173: result: no
configure:10181: checking whether the linker accepts -Wl,-z,now
configure:10200: g++ -o conftest -g -O2 -Wall -Wextra -Wformat -Wformat-security -Wno-unused-parameter  -DBOOST_SPIRIT_THREADSAFE -DHAVE_BUILD_INFO -D__STDC_FORMAT_MACROS -isystem /opt/local/include -I/opt/local/include/db53 -I/usr/local/Cellar/berkeley-db5/5.3.28/include -DMAC_OSX   -Wl,-z,now conftest.cpp  -L/opt/local/lib -L/opt/local/lib/db53 -L/usr/local/Cellar/berkeley-db5/5.3.28/lib >&5
ld: warning: directory not found for option '-L/usr/local/Cellar/berkeley-db5/5.3.28/lib'
ld: unknown option: -z
clang: error: linker command failed with exit code 1 (use -v to see invocation)
configure:10200: $? = 1
configure: failed program was:
| /* confdefs.h */
| #define PACKAGE_NAME "Smileycoin Core"
| #define PACKAGE_TARNAME "smileycoin"
| #define PACKAGE_VERSION "2.2.4"
| #define PACKAGE_STRING "Smileycoin Core 2.2.4"
| #define PACKAGE_BUGREPORT "smlyarad@smlyarad.is"
| #define PACKAGE_URL ""
| #define STDC_HEADERS 1
| #define HAVE_SYS_TYPES_H 1
| #define HAVE_SYS_STAT_H 1
| #define HAVE_STDLIB_H 1
| #define HAVE_STRING_H 1
| #define HAVE_MEMORY_H 1
| #define HAVE_STRINGS_H 1
| #define HAVE_INTTYPES_H 1
| #define HAVE_STDINT_H 1
| #define HAVE_UNISTD_H 1
| #define HAVE_PTHREAD_PRIO_INHERIT 1
| #define HAVE_PTHREAD 1
| #define HAVE_DECL_STRERROR_R 1
| #define HAVE_STRERROR_R 1
| /* end confdefs.h.  */
| 
| int
| main ()
| {
| 
|   ;
|   return 0;
| }
configure:10209: result: no
configure:10220: checking whether the linker accepts -pie
configure:10239: g++ -o conftest -g -O2 -Wall -Wextra -Wformat -Wformat-security -Wno-unused-parameter  -DBOOST_SPIRIT_THREADSAFE -DHAVE_BUILD_INFO -D__STDC_FORMAT_MACROS -isystem /opt/local/include -I/opt/local/include/db53 -I/usr/local/Cellar/berkeley-db5/5.3.28/include -DMAC_OSX   -pie conftest.cpp  -L/opt/local/lib -L/opt/local/lib/db53 -L/usr/local/Cellar/berkeley-db5/5.3.28/lib >&5
clang: warning: argument unused during compilation: '-pie' [-Wunused-command-line-argument]
ld: warning: directory not found for option '-L/usr/local/Cellar/berkeley-db5/5.3.28/lib'
configure:10239: $? = 0
configure:10248: result: yes
configure:10265: checking whether the linker accepts -Wl,-dead_strip
configure:10284: g++ -o conftest -g -O2 -Wall -Wextra -Wformat -Wformat-security -Wno-unused-parameter  -Wstack-protector -fstack-protector-all -fPIE  -DBOOST_SPIRIT_THREADSAFE -DHAVE_BUILD_INFO -D__STDC_FORMAT_MACROS -isystem /opt/local/include -I/opt/local/include/db53 -I/usr/local/Cellar/berkeley-db5/5.3.28/include -DMAC_OSX  -U_FORTIFY_SOURCE -D_FORTIFY_SOURCE=2   -pie  -Wl,-dead_strip conftest.cpp  -L/opt/local/lib -L/opt/local/lib/db53 -L/usr/local/Cellar/berkeley-db5/5.3.28/lib >&5
clang: warning: argument unused during compilation: '-pie' [-Wunused-command-line-argument]
ld: warning: directory not found for option '-L/usr/local/Cellar/berkeley-db5/5.3.28/lib'
configure:10284: $? = 0
configure:10293: result: yes
configure:10306: checking stdio.h usability
configure:10306: g++ -c -g -O2 -Wall -Wextra -Wformat -Wformat-security -Wno-unused-parameter  -Wstack-protector -fstack-protector-all -fPIE  -DBOOST_SPIRIT_THREADSAFE -DHAVE_BUILD_INFO -D__STDC_FORMAT_MACROS -isystem /opt/local/include -I/opt/local/include/db53 -I/usr/local/Cellar/berkeley-db5/5.3.28/include -DMAC_OSX  -U_FORTIFY_SOURCE -D_FORTIFY_SOURCE=2 conftest.cpp >&5
configure:10306: $? = 0
configure:10306: result: yes
configure:10306: checking stdio.h presence
configure:10306: g++ -E  -DBOOST_SPIRIT_THREADSAFE -DHAVE_BUILD_INFO -D__STDC_FORMAT_MACROS -isystem /opt/local/include -I/opt/local/include/db53 -I/usr/local/Cellar/berkeley-db5/5.3.28/include -DMAC_OSX  -U_FORTIFY_SOURCE -D_FORTIFY_SOURCE=2 conftest.cpp
configure:10306: $? = 0
configure:10306: result: yes
configure:10306: checking for stdio.h
configure:10306: result: yes
configure:10306: checking for stdlib.h
configure:10306: result: yes
configure:10306: checking for unistd.h
configure:10306: result: yes
configure:10306: checking for strings.h
configure:10306: result: yes
configure:10306: checking for sys/types.h
configure:10306: result: yes
configure:10306: checking for sys/stat.h
configure:10306: result: yes
configure:10317: checking for MSG_NOSIGNAL
configure:10330: g++ -c -g -O2 -Wall -Wextra -Wformat -Wformat-security -Wno-unused-parameter  -Wstack-protector -fstack-protector-all -fPIE  -DBOOST_SPIRIT_THREADSAFE -DHAVE_BUILD_INFO -D__STDC_FORMAT_MACROS -isystem /opt/local/include -I/opt/local/include/db53 -I/usr/local/Cellar/berkeley-db5/5.3.28/include -DMAC_OSX  -U_FORTIFY_SOURCE -D_FORTIFY_SOURCE=2 conftest.cpp >&5
conftest.cpp:33:10: error: use of undeclared identifier 'MSG_NOSIGNAL'
 int f = MSG_NOSIGNAL;
         ^
1 error generated.
configure:10330: $? = 1
configure: failed program was:
| /* confdefs.h */
| #define PACKAGE_NAME "Smileycoin Core"
| #define PACKAGE_TARNAME "smileycoin"
| #define PACKAGE_VERSION "2.2.4"
| #define PACKAGE_STRING "Smileycoin Core 2.2.4"
| #define PACKAGE_BUGREPORT "smlyarad@smlyarad.is"
| #define PACKAGE_URL ""
| #define STDC_HEADERS 1
| #define HAVE_SYS_TYPES_H 1
| #define HAVE_SYS_STAT_H 1
| #define HAVE_STDLIB_H 1
| #define HAVE_STRING_H 1
| #define HAVE_MEMORY_H 1
| #define HAVE_STRINGS_H 1
| #define HAVE_INTTYPES_H 1
| #define HAVE_STDINT_H 1
| #define HAVE_UNISTD_H 1
| #define HAVE_PTHREAD_PRIO_INHERIT 1
| #define HAVE_PTHREAD 1
| #define HAVE_DECL_STRERROR_R 1
| #define HAVE_STRERROR_R 1
| #define HAVE_STDIO_H 1
| #define HAVE_STDLIB_H 1
| #define HAVE_UNISTD_H 1
| #define HAVE_STRINGS_H 1
| #define HAVE_SYS_TYPES_H 1
| #define HAVE_SYS_STAT_H 1
| /* end confdefs.h.  */
| #include <sys/socket.h>
| int
| main ()
| {
|  int f = MSG_NOSIGNAL;
|   ;
|   return 0;
| }
configure:10336: result: no
configure:10359: checking for Berkeley DB C++ headers
configure:10390: g++ -c -g -O2 -Wall -Wextra -Wformat -Wformat-security -Wno-unused-parameter  -Wstack-protector -fstack-protector-all -fPIE  -DBOOST_SPIRIT_THREADSAFE -DHAVE_BUILD_INFO -D__STDC_FORMAT_MACROS -isystem /opt/local/include -I/opt/local/include/db53 -I/usr/local/Cellar/berkeley-db5/5.3.28/include -DMAC_OSX  -U_FORTIFY_SOURCE -D_FORTIFY_SOURCE=2 conftest.cpp >&5
conftest.cpp:30:16: fatal error: 'bdb5.3/db_cxx.h' file not found
      #include <bdb5.3/db_cxx.h>
               ^~~~~~~~~~~~~~~~~
1 error generated.
configure:10390: $? = 1
configure: failed program was:
| /* confdefs.h */
| #define PACKAGE_NAME "Smileycoin Core"
| #define PACKAGE_TARNAME "smileycoin"
| #define PACKAGE_VERSION "2.2.4"
| #define PACKAGE_STRING "Smileycoin Core 2.2.4"
| #define PACKAGE_BUGREPORT "smlyarad@smlyarad.is"
| #define PACKAGE_URL ""
| #define STDC_HEADERS 1
| #define HAVE_SYS_TYPES_H 1
| #define HAVE_SYS_STAT_H 1
| #define HAVE_STDLIB_H 1
| #define HAVE_STRING_H 1
| #define HAVE_MEMORY_H 1
| #define HAVE_STRINGS_H 1
| #define HAVE_INTTYPES_H 1
| #define HAVE_STDINT_H 1
| #define HAVE_UNISTD_H 1
| #define HAVE_PTHREAD_PRIO_INHERIT 1
| #define HAVE_PTHREAD 1
| #define HAVE_DECL_STRERROR_R 1
| #define HAVE_STRERROR_R 1
| #define HAVE_STDIO_H 1
| #define HAVE_STDLIB_H 1
| #define HAVE_UNISTD_H 1
| #define HAVE_STRINGS_H 1
| #define HAVE_SYS_TYPES_H 1
| #define HAVE_SYS_STAT_H 1
| /* end confdefs.h.  */
| 
|       #include <bdb5.3/db_cxx.h>
| 
| int
| main ()
| {
| 
|       #if !((DB_VERSION_MAJOR == 5 && DB_VERSION_MINOR >= 3) || DB_VERSION_MAJOR > 5)
|         #error "failed to find bdb 5.3+"
|       #endif
| 
|   ;
|   return 0;
| }
configure:10390: g++ -c -g -O2 -Wall -Wextra -Wformat -Wformat-security -Wno-unused-parameter  -Wstack-protector -fstack-protector-all -fPIE  -DBOOST_SPIRIT_THREADSAFE -DHAVE_BUILD_INFO -D__STDC_FORMAT_MACROS -isystem /opt/local/include -I/opt/local/include/db53 -I/usr/local/Cellar/berkeley-db5/5.3.28/include -DMAC_OSX  -U_FORTIFY_SOURCE -D_FORTIFY_SOURCE=2 conftest.cpp >&5
conftest.cpp:30:16: fatal error: 'libdb5.3/db_cxx.h' file not found
      #include <libdb5.3/db_cxx.h>
               ^~~~~~~~~~~~~~~~~~~
1 error generated.
configure:10390: $? = 1
configure: failed program was:
| /* confdefs.h */
| #define PACKAGE_NAME "Smileycoin Core"
| #define PACKAGE_TARNAME "smileycoin"
| #define PACKAGE_VERSION "2.2.4"
| #define PACKAGE_STRING "Smileycoin Core 2.2.4"
| #define PACKAGE_BUGREPORT "smlyarad@smlyarad.is"
| #define PACKAGE_URL ""
| #define STDC_HEADERS 1
| #define HAVE_SYS_TYPES_H 1
| #define HAVE_SYS_STAT_H 1
| #define HAVE_STDLIB_H 1
| #define HAVE_STRING_H 1
| #define HAVE_MEMORY_H 1
| #define HAVE_STRINGS_H 1
| #define HAVE_INTTYPES_H 1
| #define HAVE_STDINT_H 1
| #define HAVE_UNISTD_H 1
| #define HAVE_PTHREAD_PRIO_INHERIT 1
| #define HAVE_PTHREAD 1
| #define HAVE_DECL_STRERROR_R 1
| #define HAVE_STRERROR_R 1
| #define HAVE_STDIO_H 1
| #define HAVE_STDLIB_H 1
| #define HAVE_UNISTD_H 1
| #define HAVE_STRINGS_H 1
| #define HAVE_SYS_TYPES_H 1
| #define HAVE_SYS_STAT_H 1
| /* end confdefs.h.  */
| 
|       #include <libdb5.3/db_cxx.h>
| 
| int
| main ()
| {
| 
|       #if !((DB_VERSION_MAJOR == 5 && DB_VERSION_MINOR >= 3) || DB_VERSION_MAJOR > 5)
|         #error "failed to find bdb 5.3+"
|       #endif
| 
|   ;
|   return 0;
| }
configure:10390: g++ -c -g -O2 -Wall -Wextra -Wformat -Wformat-security -Wno-unused-parameter  -Wstack-protector -fstack-protector-all -fPIE  -DBOOST_SPIRIT_THREADSAFE -DHAVE_BUILD_INFO -D__STDC_FORMAT_MACROS -isystem /opt/local/include -I/opt/local/include/db53 -I/usr/local/Cellar/berkeley-db5/5.3.28/include -DMAC_OSX  -U_FORTIFY_SOURCE -D_FORTIFY_SOURCE=2 conftest.cpp >&5
conftest.cpp:30:16: fatal error: 'db5.3/db_cxx.h' file not found
      #include <db5.3/db_cxx.h>
               ^~~~~~~~~~~~~~~~
1 error generated.
configure:10390: $? = 1
configure: failed program was:
| /* confdefs.h */
| #define PACKAGE_NAME "Smileycoin Core"
| #define PACKAGE_TARNAME "smileycoin"
| #define PACKAGE_VERSION "2.2.4"
| #define PACKAGE_STRING "Smileycoin Core 2.2.4"
| #define PACKAGE_BUGREPORT "smlyarad@smlyarad.is"
| #define PACKAGE_URL ""
| #define STDC_HEADERS 1
| #define HAVE_SYS_TYPES_H 1
| #define HAVE_SYS_STAT_H 1
| #define HAVE_STDLIB_H 1
| #define HAVE_STRING_H 1
| #define HAVE_MEMORY_H 1
| #define HAVE_STRINGS_H 1
| #define HAVE_INTTYPES_H 1
| #define HAVE_STDINT_H 1
| #define HAVE_UNISTD_H 1
| #define HAVE_PTHREAD_PRIO_INHERIT 1
| #define HAVE_PTHREAD 1
| #define HAVE_DECL_STRERROR_R 1
| #define HAVE_STRERROR_R 1
| #define HAVE_STDIO_H 1
| #define HAVE_STDLIB_H 1
| #define HAVE_UNISTD_H 1
| #define HAVE_STRINGS_H 1
| #define HAVE_SYS_TYPES_H 1
| #define HAVE_SYS_STAT_H 1
| /* end confdefs.h.  */
| 
|       #include <db5.3/db_cxx.h>
| 
| int
| main ()
| {
| 
|       #if !((DB_VERSION_MAJOR == 5 && DB_VERSION_MINOR >= 3) || DB_VERSION_MAJOR > 5)
|         #error "failed to find bdb 5.3+"
|       #endif
| 
|   ;
|   return 0;
| }
configure:10390: g++ -c -g -O2 -Wall -Wextra -Wformat -Wformat-security -Wno-unused-parameter  -Wstack-protector -fstack-protector-all -fPIE  -DBOOST_SPIRIT_THREADSAFE -DHAVE_BUILD_INFO -D__STDC_FORMAT_MACROS -isystem /opt/local/include -I/opt/local/include/db53 -I/usr/local/Cellar/berkeley-db5/5.3.28/include -DMAC_OSX  -U_FORTIFY_SOURCE -D_FORTIFY_SOURCE=2 conftest.cpp >&5
conftest.cpp:30:16: fatal error: 'bdb53/db_cxx.h' file not found
      #include <bdb53/db_cxx.h>
               ^~~~~~~~~~~~~~~~
1 error generated.
configure:10390: $? = 1
configure: failed program was:
| /* confdefs.h */
| #define PACKAGE_NAME "Smileycoin Core"
| #define PACKAGE_TARNAME "smileycoin"
| #define PACKAGE_VERSION "2.2.4"
| #define PACKAGE_STRING "Smileycoin Core 2.2.4"
| #define PACKAGE_BUGREPORT "smlyarad@smlyarad.is"
| #define PACKAGE_URL ""
| #define STDC_HEADERS 1
| #define HAVE_SYS_TYPES_H 1
| #define HAVE_SYS_STAT_H 1
| #define HAVE_STDLIB_H 1
| #define HAVE_STRING_H 1
| #define HAVE_MEMORY_H 1
| #define HAVE_STRINGS_H 1
| #define HAVE_INTTYPES_H 1
| #define HAVE_STDINT_H 1
| #define HAVE_UNISTD_H 1
| #define HAVE_PTHREAD_PRIO_INHERIT 1
| #define HAVE_PTHREAD 1
| #define HAVE_DECL_STRERROR_R 1
| #define HAVE_STRERROR_R 1
| #define HAVE_STDIO_H 1
| #define HAVE_STDLIB_H 1
| #define HAVE_UNISTD_H 1
| #define HAVE_STRINGS_H 1
| #define HAVE_SYS_TYPES_H 1
| #define HAVE_SYS_STAT_H 1
| /* end confdefs.h.  */
| 
|       #include <bdb53/db_cxx.h>
| 
| int
| main ()
| {
| 
|       #if !((DB_VERSION_MAJOR == 5 && DB_VERSION_MINOR >= 3) || DB_VERSION_MAJOR > 5)
|         #error "failed to find bdb 5.3+"
|       #endif
| 
|   ;
|   return 0;
| }
configure:10390: g++ -c -g -O2 -Wall -Wextra -Wformat -Wformat-security -Wno-unused-parameter  -Wstack-protector -fstack-protector-all -fPIE  -DBOOST_SPIRIT_THREADSAFE -DHAVE_BUILD_INFO -D__STDC_FORMAT_MACROS -isystem /opt/local/include -I/opt/local/include/db53 -I/usr/local/Cellar/berkeley-db5/5.3.28/include -DMAC_OSX  -U_FORTIFY_SOURCE -D_FORTIFY_SOURCE=2 conftest.cpp >&5
conftest.cpp:30:16: fatal error: 'libdb53/db_cxx.h' file not found
      #include <libdb53/db_cxx.h>
               ^~~~~~~~~~~~~~~~~~
1 error generated.
configure:10390: $? = 1
configure: failed program was:
| /* confdefs.h */
| #define PACKAGE_NAME "Smileycoin Core"
| #define PACKAGE_TARNAME "smileycoin"
| #define PACKAGE_VERSION "2.2.4"
| #define PACKAGE_STRING "Smileycoin Core 2.2.4"
| #define PACKAGE_BUGREPORT "smlyarad@smlyarad.is"
| #define PACKAGE_URL ""
| #define STDC_HEADERS 1
| #define HAVE_SYS_TYPES_H 1
| #define HAVE_SYS_STAT_H 1
| #define HAVE_STDLIB_H 1
| #define HAVE_STRING_H 1
| #define HAVE_MEMORY_H 1
| #define HAVE_STRINGS_H 1
| #define HAVE_INTTYPES_H 1
| #define HAVE_STDINT_H 1
| #define HAVE_UNISTD_H 1
| #define HAVE_PTHREAD_PRIO_INHERIT 1
| #define HAVE_PTHREAD 1
| #define HAVE_DECL_STRERROR_R 1
| #define HAVE_STRERROR_R 1
| #define HAVE_STDIO_H 1
| #define HAVE_STDLIB_H 1
| #define HAVE_UNISTD_H 1
| #define HAVE_STRINGS_H 1
| #define HAVE_SYS_TYPES_H 1
| #define HAVE_SYS_STAT_H 1
| /* end confdefs.h.  */
| 
|       #include <libdb53/db_cxx.h>
| 
| int
| main ()
| {
| 
|       #if !((DB_VERSION_MAJOR == 5 && DB_VERSION_MINOR >= 3) || DB_VERSION_MAJOR > 5)
|         #error "failed to find bdb 5.3+"
|       #endif
| 
|   ;
|   return 0;
| }
configure:10390: g++ -c -g -O2 -Wall -Wextra -Wformat -Wformat-security -Wno-unused-parameter  -Wstack-protector -fstack-protector-all -fPIE  -DBOOST_SPIRIT_THREADSAFE -DHAVE_BUILD_INFO -D__STDC_FORMAT_MACROS -isystem /opt/local/include -I/opt/local/include/db53 -I/usr/local/Cellar/berkeley-db5/5.3.28/include -DMAC_OSX  -U_FORTIFY_SOURCE -D_FORTIFY_SOURCE=2 conftest.cpp >&5
configure:10390: $? = 0
configure:10419: g++ -c -g -O2 -Wall -Wextra -Wformat -Wformat-security -Wno-unused-parameter  -Wstack-protector -fstack-protector-all -fPIE  -DBOOST_SPIRIT_THREADSAFE -DHAVE_BUILD_INFO -D__STDC_FORMAT_MACROS -isystem /opt/local/include -I/opt/local/include/db53 -I/usr/local/Cellar/berkeley-db5/5.3.28/include -DMAC_OSX  -U_FORTIFY_SOURCE -D_FORTIFY_SOURCE=2 conftest.cpp >&5
configure:10419: $? = 0
configure:10467: result: /opt/local/include/db53/
configure:10481: checking for main in -ldb_cxx-5.3
configure:10500: g++ -o conftest -g -O2 -Wall -Wextra -Wformat -Wformat-security -Wno-unused-parameter  -Wstack-protector -fstack-protector-all -fPIE  -DBOOST_SPIRIT_THREADSAFE -DHAVE_BUILD_INFO -D__STDC_FORMAT_MACROS -isystem /opt/local/include -I/opt/local/include/db53 -I/usr/local/Cellar/berkeley-db5/5.3.28/include -DMAC_OSX  -U_FORTIFY_SOURCE -D_FORTIFY_SOURCE=2   -pie -Wl,-dead_strip conftest.cpp -ldb_cxx-5.3   -L/opt/local/lib -L/opt/local/lib/db53 -L/usr/local/Cellar/berkeley-db5/5.3.28/lib >&5
clang: warning: argument unused during compilation: '-pie' [-Wunused-command-line-argument]
conftest.cpp:33:1: warning: all paths through this function will call itself [-Winfinite-recursion]
{
^
1 warning generated.
ld: warning: directory not found for option '-L/usr/local/Cellar/berkeley-db5/5.3.28/lib'
configure:10500: $? = 0
configure:10510: result: yes
configure:10531: checking miniupnpc/miniwget.h usability
configure:10531: g++ -c -g -O2 -Wall -Wextra -Wformat -Wformat-security -Wno-unused-parameter  -Wstack-protector -fstack-protector-all -fPIE  -DBOOST_SPIRIT_THREADSAFE -DHAVE_BUILD_INFO -D__STDC_FORMAT_MACROS -isystem /opt/local/include -I/opt/local/include/db53 -I/usr/local/Cellar/berkeley-db5/5.3.28/include -DMAC_OSX  -U_FORTIFY_SOURCE -D_FORTIFY_SOURCE=2 conftest.cpp >&5
conftest.cpp:62:10: fatal error: 'miniupnpc/miniwget.h' file not found
#include <miniupnpc/miniwget.h>
         ^~~~~~~~~~~~~~~~~~~~~~
1 error generated.
configure:10531: $? = 1
configure: failed program was:
| /* confdefs.h */
| #define PACKAGE_NAME "Smileycoin Core"
| #define PACKAGE_TARNAME "smileycoin"
| #define PACKAGE_VERSION "2.2.4"
| #define PACKAGE_STRING "Smileycoin Core 2.2.4"
| #define PACKAGE_BUGREPORT "smlyarad@smlyarad.is"
| #define PACKAGE_URL ""
| #define STDC_HEADERS 1
| #define HAVE_SYS_TYPES_H 1
| #define HAVE_SYS_STAT_H 1
| #define HAVE_STDLIB_H 1
| #define HAVE_STRING_H 1
| #define HAVE_MEMORY_H 1
| #define HAVE_STRINGS_H 1
| #define HAVE_INTTYPES_H 1
| #define HAVE_STDINT_H 1
| #define HAVE_UNISTD_H 1
| #define HAVE_PTHREAD_PRIO_INHERIT 1
| #define HAVE_PTHREAD 1
| #define HAVE_DECL_STRERROR_R 1
| #define HAVE_STRERROR_R 1
| #define HAVE_STDIO_H 1
| #define HAVE_STDLIB_H 1
| #define HAVE_UNISTD_H 1
| #define HAVE_STRINGS_H 1
| #define HAVE_SYS_TYPES_H 1
| #define HAVE_SYS_STAT_H 1
| /* end confdefs.h.  */
| #include <stdio.h>
| #ifdef HAVE_SYS_TYPES_H
| # include <sys/types.h>
| #endif
| #ifdef HAVE_SYS_STAT_H
| # include <sys/stat.h>
| #endif
| #ifdef STDC_HEADERS
| # include <stdlib.h>
| # include <stddef.h>
| #else
| # ifdef HAVE_STDLIB_H
| #  include <stdlib.h>
| # endif
| #endif
| #ifdef HAVE_STRING_H
| # if !defined STDC_HEADERS && defined HAVE_MEMORY_H
| #  include <memory.h>
| # endif
| # include <string.h>
| #endif
| #ifdef HAVE_STRINGS_H
| # include <strings.h>
| #endif
| #ifdef HAVE_INTTYPES_H
| # include <inttypes.h>
| #endif
| #ifdef HAVE_STDINT_H
| # include <stdint.h>
| #endif
| #ifdef HAVE_UNISTD_H
| # include <unistd.h>
| #endif
| #include <miniupnpc/miniwget.h>
configure:10531: result: no
configure:10531: checking miniupnpc/miniwget.h presence
configure:10531: g++ -E  -DBOOST_SPIRIT_THREADSAFE -DHAVE_BUILD_INFO -D__STDC_FORMAT_MACROS -isystem /opt/local/include -I/opt/local/include/db53 -I/usr/local/Cellar/berkeley-db5/5.3.28/include -DMAC_OSX  -U_FORTIFY_SOURCE -D_FORTIFY_SOURCE=2 conftest.cpp
conftest.cpp:29:10: fatal error: 'miniupnpc/miniwget.h' file not found
#include <miniupnpc/miniwget.h>
         ^~~~~~~~~~~~~~~~~~~~~~
1 error generated.
configure:10531: $? = 1
configure: failed program was:
| /* confdefs.h */
| #define PACKAGE_NAME "Smileycoin Core"
| #define PACKAGE_TARNAME "smileycoin"
| #define PACKAGE_VERSION "2.2.4"
| #define PACKAGE_STRING "Smileycoin Core 2.2.4"
| #define PACKAGE_BUGREPORT "smlyarad@smlyarad.is"
| #define PACKAGE_URL ""
| #define STDC_HEADERS 1
| #define HAVE_SYS_TYPES_H 1
| #define HAVE_SYS_STAT_H 1
| #define HAVE_STDLIB_H 1
| #define HAVE_STRING_H 1
| #define HAVE_MEMORY_H 1
| #define HAVE_STRINGS_H 1
| #define HAVE_INTTYPES_H 1
| #define HAVE_STDINT_H 1
| #define HAVE_UNISTD_H 1
| #define HAVE_PTHREAD_PRIO_INHERIT 1
| #define HAVE_PTHREAD 1
| #define HAVE_DECL_STRERROR_R 1
| #define HAVE_STRERROR_R 1
| #define HAVE_STDIO_H 1
| #define HAVE_STDLIB_H 1
| #define HAVE_UNISTD_H 1
| #define HAVE_STRINGS_H 1
| #define HAVE_SYS_TYPES_H 1
| #define HAVE_SYS_STAT_H 1
| /* end confdefs.h.  */
| #include <miniupnpc/miniwget.h>
configure:10531: result: no
configure:10531: checking for miniupnpc/miniwget.h
configure:10531: result: no
configure:10531: checking miniupnpc/miniupnpc.h usability
configure:10531: g++ -c -g -O2 -Wall -Wextra -Wformat -Wformat-security -Wno-unused-parameter  -Wstack-protector -fstack-protector-all -fPIE  -DBOOST_SPIRIT_THREADSAFE -DHAVE_BUILD_INFO -D__STDC_FORMAT_MACROS -isystem /opt/local/include -I/opt/local/include/db53 -I/usr/local/Cellar/berkeley-db5/5.3.28/include -DMAC_OSX  -U_FORTIFY_SOURCE -D_FORTIFY_SOURCE=2 conftest.cpp >&5
conftest.cpp:62:10: fatal error: 'miniupnpc/miniupnpc.h' file not found
#include <miniupnpc/miniupnpc.h>
         ^~~~~~~~~~~~~~~~~~~~~~~
1 error generated.
configure:10531: $? = 1
configure: failed program was:
| /* confdefs.h */
| #define PACKAGE_NAME "Smileycoin Core"
| #define PACKAGE_TARNAME "smileycoin"
| #define PACKAGE_VERSION "2.2.4"
| #define PACKAGE_STRING "Smileycoin Core 2.2.4"
| #define PACKAGE_BUGREPORT "smlyarad@smlyarad.is"
| #define PACKAGE_URL ""
| #define STDC_HEADERS 1
| #define HAVE_SYS_TYPES_H 1
| #define HAVE_SYS_STAT_H 1
| #define HAVE_STDLIB_H 1
| #define HAVE_STRING_H 1
| #define HAVE_MEMORY_H 1
| #define HAVE_STRINGS_H 1
| #define HAVE_INTTYPES_H 1
| #define HAVE_STDINT_H 1
| #define HAVE_UNISTD_H 1
| #define HAVE_PTHREAD_PRIO_INHERIT 1
| #define HAVE_PTHREAD 1
| #define HAVE_DECL_STRERROR_R 1
| #define HAVE_STRERROR_R 1
| #define HAVE_STDIO_H 1
| #define HAVE_STDLIB_H 1
| #define HAVE_UNISTD_H 1
| #define HAVE_STRINGS_H 1
| #define HAVE_SYS_TYPES_H 1
| #define HAVE_SYS_STAT_H 1
| /* end confdefs.h.  */
| #include <stdio.h>
| #ifdef HAVE_SYS_TYPES_H
| # include <sys/types.h>
| #endif
| #ifdef HAVE_SYS_STAT_H
| # include <sys/stat.h>
| #endif
| #ifdef STDC_HEADERS
| # include <stdlib.h>
| # include <stddef.h>
| #else
| # ifdef HAVE_STDLIB_H
| #  include <stdlib.h>
| # endif
| #endif
| #ifdef HAVE_STRING_H
| # if !defined STDC_HEADERS && defined HAVE_MEMORY_H
| #  include <memory.h>
| # endif
| # include <string.h>
| #endif
| #ifdef HAVE_STRINGS_H
| # include <strings.h>
| #endif
| #ifdef HAVE_INTTYPES_H
| # include <inttypes.h>
| #endif
| #ifdef HAVE_STDINT_H
| # include <stdint.h>
| #endif
| #ifdef HAVE_UNISTD_H
| # include <unistd.h>
| #endif
| #include <miniupnpc/miniupnpc.h>
configure:10531: result: no
configure:10531: checking miniupnpc/miniupnpc.h presence
configure:10531: g++ -E  -DBOOST_SPIRIT_THREADSAFE -DHAVE_BUILD_INFO -D__STDC_FORMAT_MACROS -isystem /opt/local/include -I/opt/local/include/db53 -I/usr/local/Cellar/berkeley-db5/5.3.28/include -DMAC_OSX  -U_FORTIFY_SOURCE -D_FORTIFY_SOURCE=2 conftest.cpp
conftest.cpp:29:10: fatal error: 'miniupnpc/miniupnpc.h' file not found
#include <miniupnpc/miniupnpc.h>
         ^~~~~~~~~~~~~~~~~~~~~~~
1 error generated.
configure:10531: $? = 1
configure: failed program was:
| /* confdefs.h */
| #define PACKAGE_NAME "Smileycoin Core"
| #define PACKAGE_TARNAME "smileycoin"
| #define PACKAGE_VERSION "2.2.4"
| #define PACKAGE_STRING "Smileycoin Core 2.2.4"
| #define PACKAGE_BUGREPORT "smlyarad@smlyarad.is"
| #define PACKAGE_URL ""
| #define STDC_HEADERS 1
| #define HAVE_SYS_TYPES_H 1
| #define HAVE_SYS_STAT_H 1
| #define HAVE_STDLIB_H 1
| #define HAVE_STRING_H 1
| #define HAVE_MEMORY_H 1
| #define HAVE_STRINGS_H 1
| #define HAVE_INTTYPES_H 1
| #define HAVE_STDINT_H 1
| #define HAVE_UNISTD_H 1
| #define HAVE_PTHREAD_PRIO_INHERIT 1
| #define HAVE_PTHREAD 1
| #define HAVE_DECL_STRERROR_R 1
| #define HAVE_STRERROR_R 1
| #define HAVE_STDIO_H 1
| #define HAVE_STDLIB_H 1
| #define HAVE_UNISTD_H 1
| #define HAVE_STRINGS_H 1
| #define HAVE_SYS_TYPES_H 1
| #define HAVE_SYS_STAT_H 1
| /* end confdefs.h.  */
| #include <miniupnpc/miniupnpc.h>
configure:10531: result: no
configure:10531: checking for miniupnpc/miniupnpc.h
configure:10531: result: no
configure:10531: checking miniupnpc/upnpcommands.h usability
configure:10531: g++ -c -g -O2 -Wall -Wextra -Wformat -Wformat-security -Wno-unused-parameter  -Wstack-protector -fstack-protector-all -fPIE  -DBOOST_SPIRIT_THREADSAFE -DHAVE_BUILD_INFO -D__STDC_FORMAT_MACROS -isystem /opt/local/include -I/opt/local/include/db53 -I/usr/local/Cellar/berkeley-db5/5.3.28/include -DMAC_OSX  -U_FORTIFY_SOURCE -D_FORTIFY_SOURCE=2 conftest.cpp >&5
conftest.cpp:62:10: fatal error: 'miniupnpc/upnpcommands.h' file not found
#include <miniupnpc/upnpcommands.h>
         ^~~~~~~~~~~~~~~~~~~~~~~~~~
1 error generated.
configure:10531: $? = 1
configure: failed program was:
| /* confdefs.h */
| #define PACKAGE_NAME "Smileycoin Core"
| #define PACKAGE_TARNAME "smileycoin"
| #define PACKAGE_VERSION "2.2.4"
| #define PACKAGE_STRING "Smileycoin Core 2.2.4"
| #define PACKAGE_BUGREPORT "smlyarad@smlyarad.is"
| #define PACKAGE_URL ""
| #define STDC_HEADERS 1
| #define HAVE_SYS_TYPES_H 1
| #define HAVE_SYS_STAT_H 1
| #define HAVE_STDLIB_H 1
| #define HAVE_STRING_H 1
| #define HAVE_MEMORY_H 1
| #define HAVE_STRINGS_H 1
| #define HAVE_INTTYPES_H 1
| #define HAVE_STDINT_H 1
| #define HAVE_UNISTD_H 1
| #define HAVE_PTHREAD_PRIO_INHERIT 1
| #define HAVE_PTHREAD 1
| #define HAVE_DECL_STRERROR_R 1
| #define HAVE_STRERROR_R 1
| #define HAVE_STDIO_H 1
| #define HAVE_STDLIB_H 1
| #define HAVE_UNISTD_H 1
| #define HAVE_STRINGS_H 1
| #define HAVE_SYS_TYPES_H 1
| #define HAVE_SYS_STAT_H 1
| /* end confdefs.h.  */
| #include <stdio.h>
| #ifdef HAVE_SYS_TYPES_H
| # include <sys/types.h>
| #endif
| #ifdef HAVE_SYS_STAT_H
| # include <sys/stat.h>
| #endif
| #ifdef STDC_HEADERS
| # include <stdlib.h>
| # include <stddef.h>
| #else
| # ifdef HAVE_STDLIB_H
| #  include <stdlib.h>
| # endif
| #endif
| #ifdef HAVE_STRING_H
| # if !defined STDC_HEADERS && defined HAVE_MEMORY_H
| #  include <memory.h>
| # endif
| # include <string.h>
| #endif
| #ifdef HAVE_STRINGS_H
| # include <strings.h>
| #endif
| #ifdef HAVE_INTTYPES_H
| # include <inttypes.h>
| #endif
| #ifdef HAVE_STDINT_H
| # include <stdint.h>
| #endif
| #ifdef HAVE_UNISTD_H
| # include <unistd.h>
| #endif
| #include <miniupnpc/upnpcommands.h>
configure:10531: result: no
configure:10531: checking miniupnpc/upnpcommands.h presence
configure:10531: g++ -E  -DBOOST_SPIRIT_THREADSAFE -DHAVE_BUILD_INFO -D__STDC_FORMAT_MACROS -isystem /opt/local/include -I/opt/local/include/db53 -I/usr/local/Cellar/berkeley-db5/5.3.28/include -DMAC_OSX  -U_FORTIFY_SOURCE -D_FORTIFY_SOURCE=2 conftest.cpp
conftest.cpp:29:10: fatal error: 'miniupnpc/upnpcommands.h' file not found
#include <miniupnpc/upnpcommands.h>
         ^~~~~~~~~~~~~~~~~~~~~~~~~~
1 error generated.
configure:10531: $? = 1
configure: failed program was:
| /* confdefs.h */
| #define PACKAGE_NAME "Smileycoin Core"
| #define PACKAGE_TARNAME "smileycoin"
| #define PACKAGE_VERSION "2.2.4"
| #define PACKAGE_STRING "Smileycoin Core 2.2.4"
| #define PACKAGE_BUGREPORT "smlyarad@smlyarad.is"
| #define PACKAGE_URL ""
| #define STDC_HEADERS 1
| #define HAVE_SYS_TYPES_H 1
| #define HAVE_SYS_STAT_H 1
| #define HAVE_STDLIB_H 1
| #define HAVE_STRING_H 1
| #define HAVE_MEMORY_H 1
| #define HAVE_STRINGS_H 1
| #define HAVE_INTTYPES_H 1
| #define HAVE_STDINT_H 1
| #define HAVE_UNISTD_H 1
| #define HAVE_PTHREAD_PRIO_INHERIT 1
| #define HAVE_PTHREAD 1
| #define HAVE_DECL_STRERROR_R 1
| #define HAVE_STRERROR_R 1
| #define HAVE_STDIO_H 1
| #define HAVE_STDLIB_H 1
| #define HAVE_UNISTD_H 1
| #define HAVE_STRINGS_H 1
| #define HAVE_SYS_TYPES_H 1
| #define HAVE_SYS_STAT_H 1
| /* end confdefs.h.  */
| #include <miniupnpc/upnpcommands.h>
configure:10531: result: no
configure:10531: checking for miniupnpc/upnpcommands.h
configure:10531: result: no
configure:10531: checking miniupnpc/upnperrors.h usability
configure:10531: g++ -c -g -O2 -Wall -Wextra -Wformat -Wformat-security -Wno-unused-parameter  -Wstack-protector -fstack-protector-all -fPIE  -DBOOST_SPIRIT_THREADSAFE -DHAVE_BUILD_INFO -D__STDC_FORMAT_MACROS -isystem /opt/local/include -I/opt/local/include/db53 -I/usr/local/Cellar/berkeley-db5/5.3.28/include -DMAC_OSX  -U_FORTIFY_SOURCE -D_FORTIFY_SOURCE=2 conftest.cpp >&5
conftest.cpp:62:10: fatal error: 'miniupnpc/upnperrors.h' file not found
#include <miniupnpc/upnperrors.h>
         ^~~~~~~~~~~~~~~~~~~~~~~~
1 error generated.
configure:10531: $? = 1
configure: failed program was:
| /* confdefs.h */
| #define PACKAGE_NAME "Smileycoin Core"
| #define PACKAGE_TARNAME "smileycoin"
| #define PACKAGE_VERSION "2.2.4"
| #define PACKAGE_STRING "Smileycoin Core 2.2.4"
| #define PACKAGE_BUGREPORT "smlyarad@smlyarad.is"
| #define PACKAGE_URL ""
| #define STDC_HEADERS 1
| #define HAVE_SYS_TYPES_H 1
| #define HAVE_SYS_STAT_H 1
| #define HAVE_STDLIB_H 1
| #define HAVE_STRING_H 1
| #define HAVE_MEMORY_H 1
| #define HAVE_STRINGS_H 1
| #define HAVE_INTTYPES_H 1
| #define HAVE_STDINT_H 1
| #define HAVE_UNISTD_H 1
| #define HAVE_PTHREAD_PRIO_INHERIT 1
| #define HAVE_PTHREAD 1
| #define HAVE_DECL_STRERROR_R 1
| #define HAVE_STRERROR_R 1
| #define HAVE_STDIO_H 1
| #define HAVE_STDLIB_H 1
| #define HAVE_UNISTD_H 1
| #define HAVE_STRINGS_H 1
| #define HAVE_SYS_TYPES_H 1
| #define HAVE_SYS_STAT_H 1
| /* end confdefs.h.  */
| #include <stdio.h>
| #ifdef HAVE_SYS_TYPES_H
| # include <sys/types.h>
| #endif
| #ifdef HAVE_SYS_STAT_H
| # include <sys/stat.h>
| #endif
| #ifdef STDC_HEADERS
| # include <stdlib.h>
| # include <stddef.h>
| #else
| # ifdef HAVE_STDLIB_H
| #  include <stdlib.h>
| # endif
| #endif
| #ifdef HAVE_STRING_H
| # if !defined STDC_HEADERS && defined HAVE_MEMORY_H
| #  include <memory.h>
| # endif
| # include <string.h>
| #endif
| #ifdef HAVE_STRINGS_H
| # include <strings.h>
| #endif
| #ifdef HAVE_INTTYPES_H
| # include <inttypes.h>
| #endif
| #ifdef HAVE_STDINT_H
| # include <stdint.h>
| #endif
| #ifdef HAVE_UNISTD_H
| # include <unistd.h>
| #endif
| #include <miniupnpc/upnperrors.h>
configure:10531: result: no
configure:10531: checking miniupnpc/upnperrors.h presence
configure:10531: g++ -E  -DBOOST_SPIRIT_THREADSAFE -DHAVE_BUILD_INFO -D__STDC_FORMAT_MACROS -isystem /opt/local/include -I/opt/local/include/db53 -I/usr/local/Cellar/berkeley-db5/5.3.28/include -DMAC_OSX  -U_FORTIFY_SOURCE -D_FORTIFY_SOURCE=2 conftest.cpp
conftest.cpp:29:10: fatal error: 'miniupnpc/upnperrors.h' file not found
#include <miniupnpc/upnperrors.h>
         ^~~~~~~~~~~~~~~~~~~~~~~~
1 error generated.
configure:10531: $? = 1
configure: failed program was:
| /* confdefs.h */
| #define PACKAGE_NAME "Smileycoin Core"
| #define PACKAGE_TARNAME "smileycoin"
| #define PACKAGE_VERSION "2.2.4"
| #define PACKAGE_STRING "Smileycoin Core 2.2.4"
| #define PACKAGE_BUGREPORT "smlyarad@smlyarad.is"
| #define PACKAGE_URL ""
| #define STDC_HEADERS 1
| #define HAVE_SYS_TYPES_H 1
| #define HAVE_SYS_STAT_H 1
| #define HAVE_STDLIB_H 1
| #define HAVE_STRING_H 1
| #define HAVE_MEMORY_H 1
| #define HAVE_STRINGS_H 1
| #define HAVE_INTTYPES_H 1
| #define HAVE_STDINT_H 1
| #define HAVE_UNISTD_H 1
| #define HAVE_PTHREAD_PRIO_INHERIT 1
| #define HAVE_PTHREAD 1
| #define HAVE_DECL_STRERROR_R 1
| #define HAVE_STRERROR_R 1
| #define HAVE_STDIO_H 1
| #define HAVE_STDLIB_H 1
| #define HAVE_UNISTD_H 1
| #define HAVE_STRINGS_H 1
| #define HAVE_SYS_TYPES_H 1
| #define HAVE_SYS_STAT_H 1
| /* end confdefs.h.  */
| #include <miniupnpc/upnperrors.h>
configure:10531: result: no
configure:10531: checking for miniupnpc/upnperrors.h
configure:10531: result: no
configure:10544: checking for main in -lminiupnpc
configure:10563: g++ -o conftest -g -O2 -Wall -Wextra -Wformat -Wformat-security -Wno-unused-parameter  -Wstack-protector -fstack-protector-all -fPIE  -DBOOST_SPIRIT_THREADSAFE -DHAVE_BUILD_INFO -D__STDC_FORMAT_MACROS -isystem /opt/local/include -I/opt/local/include/db53 -I/usr/local/Cellar/berkeley-db5/5.3.28/include -DMAC_OSX  -U_FORTIFY_SOURCE -D_FORTIFY_SOURCE=2   -pie -Wl,-dead_strip conftest.cpp -lminiupnpc   -L/opt/local/lib -L/opt/local/lib/db53 -L/usr/local/Cellar/berkeley-db5/5.3.28/lib >&5
clang: warning: argument unused during compilation: '-pie' [-Wunused-command-line-argument]
conftest.cpp:33:1: warning: all paths through this function will call itself [-Winfinite-recursion]
{
^
1 warning generated.
ld: warning: directory not found for option '-L/usr/local/Cellar/berkeley-db5/5.3.28/lib'
ld: library not found for -lminiupnpc
clang: error: linker command failed with exit code 1 (use -v to see invocation)
configure:10563: $? = 1
configure: failed program was:
| /* confdefs.h */
| #define PACKAGE_NAME "Smileycoin Core"
| #define PACKAGE_TARNAME "smileycoin"
| #define PACKAGE_VERSION "2.2.4"
| #define PACKAGE_STRING "Smileycoin Core 2.2.4"
| #define PACKAGE_BUGREPORT "smlyarad@smlyarad.is"
| #define PACKAGE_URL ""
| #define STDC_HEADERS 1
| #define HAVE_SYS_TYPES_H 1
| #define HAVE_SYS_STAT_H 1
| #define HAVE_STDLIB_H 1
| #define HAVE_STRING_H 1
| #define HAVE_MEMORY_H 1
| #define HAVE_STRINGS_H 1
| #define HAVE_INTTYPES_H 1
| #define HAVE_STDINT_H 1
| #define HAVE_UNISTD_H 1
| #define HAVE_PTHREAD_PRIO_INHERIT 1
| #define HAVE_PTHREAD 1
| #define HAVE_DECL_STRERROR_R 1
| #define HAVE_STRERROR_R 1
| #define HAVE_STDIO_H 1
| #define HAVE_STDLIB_H 1
| #define HAVE_UNISTD_H 1
| #define HAVE_STRINGS_H 1
| #define HAVE_SYS_TYPES_H 1
| #define HAVE_SYS_STAT_H 1
| /* end confdefs.h.  */
| 
| 
| int
| main ()
| {
| return main ();
|   ;
|   return 0;
| }
configure:10572: result: no
configure:10635: checking for boostlib >= 1.20.0
configure:10718: g++ -c -g -O2 -Wall -Wextra -Wformat -Wformat-security -Wno-unused-parameter  -Wstack-protector -fstack-protector-all -fPIE  -DBOOST_SPIRIT_THREADSAFE -DHAVE_BUILD_INFO -D__STDC_FORMAT_MACROS -isystem /opt/local/include -I/opt/local/include/db53 -I/usr/local/Cellar/berkeley-db5/5.3.28/include -DMAC_OSX  -U_FORTIFY_SOURCE -D_FORTIFY_SOURCE=2 -I/usr/local/include conftest.cpp >&5
configure:10718: $? = 0
configure:10720: result: yes
configure:10904: checking whether the Boost::System library is available
configure:10928: g++ -c -g -O2 -Wall -Wextra -Wformat -Wformat-security -Wno-unused-parameter  -Wstack-protector -fstack-protector-all -fPIE  -DBOOST_SPIRIT_THREADSAFE -DHAVE_BUILD_INFO -D__STDC_FORMAT_MACROS -isystem /opt/local/include -I/opt/local/include/db53 -I/usr/local/Cellar/berkeley-db5/5.3.28/include -DMAC_OSX  -U_FORTIFY_SOURCE -D_FORTIFY_SOURCE=2 -I/usr/local/include conftest.cpp >&5
conftest.cpp:34:1: warning: expression result unused [-Wunused-value]
boost::system::system_category
^~~~~~~~~~~~~~~~~~~~~~~~~~~~~~
1 warning generated.
configure:10928: $? = 0
configure:10943: result: yes
configure:10959: checking for exit in -lboost_system
configure:10984: g++ -o conftest -g -O2 -Wall -Wextra -Wformat -Wformat-security -Wno-unused-parameter  -Wstack-protector -fstack-protector-all -fPIE  -DBOOST_SPIRIT_THREADSAFE -DHAVE_BUILD_INFO -D__STDC_FORMAT_MACROS -isystem /opt/local/include -I/opt/local/include/db53 -I/usr/local/Cellar/berkeley-db5/5.3.28/include -DMAC_OSX  -U_FORTIFY_SOURCE -D_FORTIFY_SOURCE=2 -I/usr/local/include   -pie -Wl,-dead_strip -L/usr/local/lib conftest.cpp -lboost_system   -L/opt/local/lib -L/opt/local/lib/db53 -L/usr/local/Cellar/berkeley-db5/5.3.28/lib >&5
clang: warning: argument unused during compilation: '-pie' [-Wunused-command-line-argument]
ld: warning: directory not found for option '-L/usr/local/Cellar/berkeley-db5/5.3.28/lib'
configure:10984: $? = 0
configure:10994: result: yes
configure:11149: checking whether the Boost::Filesystem library is available
configure:11173: g++ -c -g -O2 -Wall -Wextra -Wformat -Wformat-security -Wno-unused-parameter  -Wstack-protector -fstack-protector-all -fPIE  -DBOOST_SPIRIT_THREADSAFE -DHAVE_BUILD_INFO -D__STDC_FORMAT_MACROS -isystem /opt/local/include -I/opt/local/include/db53 -I/usr/local/Cellar/berkeley-db5/5.3.28/include -DMAC_OSX  -U_FORTIFY_SOURCE -D_FORTIFY_SOURCE=2 -I/usr/local/include conftest.cpp >&5
In file included from conftest.cpp:31:
In file included from /usr/local/include/boost/filesystem/path.hpp:28:
/usr/local/include/boost/iterator/iterator_facade.hpp:832:3: warning: unused typedef 'boost_static_assert_typedef_832' [-Wunused-local-typedef]
  BOOST_ITERATOR_FACADE_RELATION(==, return, equal)
  ^
/usr/local/include/boost/iterator/iterator_facade.hpp:825:3: note: expanded from macro 'BOOST_ITERATOR_FACADE_RELATION'
  BOOST_ITERATOR_FACADE_INTEROP(                                    \
  ^
/usr/local/include/boost/iterator/iterator_facade.hpp:814:7: note: expanded from macro 'BOOST_ITERATOR_FACADE_INTEROP'
      BOOST_STATIC_ASSERT((                                                     \
      ^
/usr/local/include/boost/static_assert.hpp:170:16: note: expanded from macro 'BOOST_STATIC_ASSERT'
               BOOST_JOIN(boost_static_assert_typedef_, __LINE__) BOOST_STATIC_ASSERT_UNUSED_ATTRIBUTE
               ^
note: (skipping 1 expansions in backtrace; use -fmacro-backtrace-limit=0 to see all)
/usr/local/include/boost/config/suffix.hpp:545:31: note: expanded from macro 'BOOST_DO_JOIN'
#define BOOST_DO_JOIN( X, Y ) BOOST_DO_JOIN2(X,Y)
                              ^
/usr/local/include/boost/config/suffix.hpp:546:32: note: expanded from macro 'BOOST_DO_JOIN2'
#define BOOST_DO_JOIN2( X, Y ) X##Y
                               ^
<scratch space>:134:1: note: expanded from here
boost_static_assert_typedef_832
^
In file included from conftest.cpp:31:
In file included from /usr/local/include/boost/filesystem/path.hpp:28:
/usr/local/include/boost/iterator/iterator_facade.hpp:833:3: warning: unused typedef 'boost_static_assert_typedef_833' [-Wunused-local-typedef]
  BOOST_ITERATOR_FACADE_RELATION(!=, return !, equal)
  ^
/usr/local/include/boost/iterator/iterator_facade.hpp:825:3: note: expanded from macro 'BOOST_ITERATOR_FACADE_RELATION'
  BOOST_ITERATOR_FACADE_INTEROP(                                    \
  ^
/usr/local/include/boost/iterator/iterator_facade.hpp:814:7: note: expanded from macro 'BOOST_ITERATOR_FACADE_INTEROP'
      BOOST_STATIC_ASSERT((                                                     \
      ^
/usr/local/include/boost/static_assert.hpp:170:16: note: expanded from macro 'BOOST_STATIC_ASSERT'
               BOOST_JOIN(boost_static_assert_typedef_, __LINE__) BOOST_STATIC_ASSERT_UNUSED_ATTRIBUTE
               ^
note: (skipping 1 expansions in backtrace; use -fmacro-backtrace-limit=0 to see all)
/usr/local/include/boost/config/suffix.hpp:545:31: note: expanded from macro 'BOOST_DO_JOIN'
#define BOOST_DO_JOIN( X, Y ) BOOST_DO_JOIN2(X,Y)
                              ^
/usr/local/include/boost/config/suffix.hpp:546:32: note: expanded from macro 'BOOST_DO_JOIN2'
#define BOOST_DO_JOIN2( X, Y ) X##Y
                               ^
<scratch space>:136:1: note: expanded from here
boost_static_assert_typedef_833
^
In file included from conftest.cpp:31:
In file included from /usr/local/include/boost/filesystem/path.hpp:28:
/usr/local/include/boost/iterator/iterator_facade.hpp:835:3: warning: unused typedef 'boost_static_assert_typedef_835' [-Wunused-local-typedef]
  BOOST_ITERATOR_FACADE_RELATION(<, return 0 >, distance_from)
  ^
/usr/local/include/boost/iterator/iterator_facade.hpp:825:3: note: expanded from macro 'BOOST_ITERATOR_FACADE_RELATION'
  BOOST_ITERATOR_FACADE_INTEROP(                                    \
  ^
/usr/local/include/boost/iterator/iterator_facade.hpp:814:7: note: expanded from macro 'BOOST_ITERATOR_FACADE_INTEROP'
      BOOST_STATIC_ASSERT((                                                     \
      ^
/usr/local/include/boost/static_assert.hpp:170:16: note: expanded from macro 'BOOST_STATIC_ASSERT'
               BOOST_JOIN(boost_static_assert_typedef_, __LINE__) BOOST_STATIC_ASSERT_UNUSED_ATTRIBUTE
               ^
note: (skipping 1 expansions in backtrace; use -fmacro-backtrace-limit=0 to see all)
/usr/local/include/boost/config/suffix.hpp:545:31: note: expanded from macro 'BOOST_DO_JOIN'
#define BOOST_DO_JOIN( X, Y ) BOOST_DO_JOIN2(X,Y)
                              ^
/usr/local/include/boost/config/suffix.hpp:546:32: note: expanded from macro 'BOOST_DO_JOIN2'
#define BOOST_DO_JOIN2( X, Y ) X##Y
                               ^
<scratch space>:138:1: note: expanded from here
boost_static_assert_typedef_835
^
In file included from conftest.cpp:31:
In file included from /usr/local/include/boost/filesystem/path.hpp:28:
/usr/local/include/boost/iterator/iterator_facade.hpp:836:3: warning: unused typedef 'boost_static_assert_typedef_836' [-Wunused-local-typedef]
  BOOST_ITERATOR_FACADE_RELATION(>, return 0 <, distance_from)
  ^
/usr/local/include/boost/iterator/iterator_facade.hpp:825:3: note: expanded from macro 'BOOST_ITERATOR_FACADE_RELATION'
  BOOST_ITERATOR_FACADE_INTEROP(                                    \
  ^
/usr/local/include/boost/iterator/iterator_facade.hpp:814:7: note: expanded from macro 'BOOST_ITERATOR_FACADE_INTEROP'
      BOOST_STATIC_ASSERT((                                                     \
      ^
/usr/local/include/boost/static_assert.hpp:170:16: note: expanded from macro 'BOOST_STATIC_ASSERT'
               BOOST_JOIN(boost_static_assert_typedef_, __LINE__) BOOST_STATIC_ASSERT_UNUSED_ATTRIBUTE
               ^
note: (skipping 1 expansions in backtrace; use -fmacro-backtrace-limit=0 to see all)
/usr/local/include/boost/config/suffix.hpp:545:31: note: expanded from macro 'BOOST_DO_JOIN'
#define BOOST_DO_JOIN( X, Y ) BOOST_DO_JOIN2(X,Y)
                              ^
/usr/local/include/boost/config/suffix.hpp:546:32: note: expanded from macro 'BOOST_DO_JOIN2'
#define BOOST_DO_JOIN2( X, Y ) X##Y
                               ^
<scratch space>:140:1: note: expanded from here
boost_static_assert_typedef_836
^
In file included from conftest.cpp:31:
In file included from /usr/local/include/boost/filesystem/path.hpp:28:
/usr/local/include/boost/iterator/iterator_facade.hpp:837:3: warning: unused typedef 'boost_static_assert_typedef_837' [-Wunused-local-typedef]
  BOOST_ITERATOR_FACADE_RELATION(<=, return 0 >=, distance_from)
  ^
/usr/local/include/boost/iterator/iterator_facade.hpp:825:3: note: expanded from macro 'BOOST_ITERATOR_FACADE_RELATION'
  BOOST_ITERATOR_FACADE_INTEROP(                                    \
  ^
/usr/local/include/boost/iterator/iterator_facade.hpp:814:7: note: expanded from macro 'BOOST_ITERATOR_FACADE_INTEROP'
      BOOST_STATIC_ASSERT((                                                     \
      ^
/usr/local/include/boost/static_assert.hpp:170:16: note: expanded from macro 'BOOST_STATIC_ASSERT'
               BOOST_JOIN(boost_static_assert_typedef_, __LINE__) BOOST_STATIC_ASSERT_UNUSED_ATTRIBUTE
               ^
note: (skipping 1 expansions in backtrace; use -fmacro-backtrace-limit=0 to see all)
/usr/local/include/boost/config/suffix.hpp:545:31: note: expanded from macro 'BOOST_DO_JOIN'
#define BOOST_DO_JOIN( X, Y ) BOOST_DO_JOIN2(X,Y)
                              ^
/usr/local/include/boost/config/suffix.hpp:546:32: note: expanded from macro 'BOOST_DO_JOIN2'
#define BOOST_DO_JOIN2( X, Y ) X##Y
                               ^
<scratch space>:142:1: note: expanded from here
boost_static_assert_typedef_837
^
In file included from conftest.cpp:31:
In file included from /usr/local/include/boost/filesystem/path.hpp:28:
/usr/local/include/boost/iterator/iterator_facade.hpp:838:3: warning: unused typedef 'boost_static_assert_typedef_838' [-Wunused-local-typedef]
  BOOST_ITERATOR_FACADE_RELATION(>=, return 0 <=, distance_from)
  ^
/usr/local/include/boost/iterator/iterator_facade.hpp:825:3: note: expanded from macro 'BOOST_ITERATOR_FACADE_RELATION'
  BOOST_ITERATOR_FACADE_INTEROP(                                    \
  ^
/usr/local/include/boost/iterator/iterator_facade.hpp:814:7: note: expanded from macro 'BOOST_ITERATOR_FACADE_INTEROP'
      BOOST_STATIC_ASSERT((                                                     \
      ^
/usr/local/include/boost/static_assert.hpp:170:16: note: expanded from macro 'BOOST_STATIC_ASSERT'
               BOOST_JOIN(boost_static_assert_typedef_, __LINE__) BOOST_STATIC_ASSERT_UNUSED_ATTRIBUTE
               ^
note: (skipping 1 expansions in backtrace; use -fmacro-backtrace-limit=0 to see all)
/usr/local/include/boost/config/suffix.hpp:545:31: note: expanded from macro 'BOOST_DO_JOIN'
#define BOOST_DO_JOIN( X, Y ) BOOST_DO_JOIN2(X,Y)
                              ^
/usr/local/include/boost/config/suffix.hpp:546:32: note: expanded from macro 'BOOST_DO_JOIN2'
#define BOOST_DO_JOIN2( X, Y ) X##Y
                               ^
<scratch space>:144:1: note: expanded from here
boost_static_assert_typedef_838
^
In file included from conftest.cpp:31:
In file included from /usr/local/include/boost/filesystem/path.hpp:28:
/usr/local/include/boost/iterator/iterator_facade.hpp:842:3: warning: unused typedef 'boost_static_assert_typedef_847' [-Wunused-local-typedef]
  BOOST_ITERATOR_FACADE_INTEROP(
  ^
/usr/local/include/boost/iterator/iterator_facade.hpp:814:7: note: expanded from macro 'BOOST_ITERATOR_FACADE_INTEROP'
      BOOST_STATIC_ASSERT((                                                     \
      ^
/usr/local/include/boost/static_assert.hpp:170:16: note: expanded from macro 'BOOST_STATIC_ASSERT'
               BOOST_JOIN(boost_static_assert_typedef_, __LINE__) BOOST_STATIC_ASSERT_UNUSED_ATTRIBUTE
               ^
/usr/local/include/boost/config/suffix.hpp:544:28: note: expanded from macro 'BOOST_JOIN'
#define BOOST_JOIN( X, Y ) BOOST_DO_JOIN( X, Y )
                           ^
/usr/local/include/boost/config/suffix.hpp:545:31: note: expanded from macro 'BOOST_DO_JOIN'
#define BOOST_DO_JOIN( X, Y ) BOOST_DO_JOIN2(X,Y)
                              ^
/usr/local/include/boost/config/suffix.hpp:546:32: note: expanded from macro 'BOOST_DO_JOIN2'
#define BOOST_DO_JOIN2( X, Y ) X##Y
                               ^
<scratch space>:146:1: note: expanded from here
boost_static_assert_typedef_847
^
7 warnings generated.
configure:11173: $? = 0
configure:11187: result: yes
configure:11199: checking for exit in -lboost_filesystem
configure:11224: g++ -o conftest -g -O2 -Wall -Wextra -Wformat -Wformat-security -Wno-unused-parameter  -Wstack-protector -fstack-protector-all -fPIE  -DBOOST_SPIRIT_THREADSAFE -DHAVE_BUILD_INFO -D__STDC_FORMAT_MACROS -isystem /opt/local/include -I/opt/local/include/db53 -I/usr/local/Cellar/berkeley-db5/5.3.28/include -DMAC_OSX  -U_FORTIFY_SOURCE -D_FORTIFY_SOURCE=2 -I/usr/local/include   -pie -Wl,-dead_strip -L/usr/local/lib conftest.cpp -lboost_filesystem   -L/opt/local/lib -L/opt/local/lib/db53 -L/usr/local/Cellar/berkeley-db5/5.3.28/lib -lboost_system >&5
clang: warning: argument unused during compilation: '-pie' [-Wunused-command-line-argument]
ld: warning: directory not found for option '-L/usr/local/Cellar/berkeley-db5/5.3.28/lib'
configure:11224: $? = 0
configure:11234: result: yes
configure:11384: checking whether the Boost::Program_Options library is available
configure:11408: g++ -c -g -O2 -Wall -Wextra -Wformat -Wformat-security -Wno-unused-parameter  -Wstack-protector -fstack-protector-all -fPIE  -DBOOST_SPIRIT_THREADSAFE -DHAVE_BUILD_INFO -D__STDC_FORMAT_MACROS -isystem /opt/local/include -I/opt/local/include/db53 -I/usr/local/Cellar/berkeley-db5/5.3.28/include -DMAC_OSX  -U_FORTIFY_SOURCE -D_FORTIFY_SOURCE=2 -I/usr/local/include conftest.cpp >&5
In file included from conftest.cpp:32:
In file included from /usr/local/include/boost/program_options.hpp:15:
In file included from /usr/local/include/boost/program_options/options_description.hpp:13:
In file included from /usr/local/include/boost/program_options/value_semantic.hpp:14:
In file included from /usr/local/include/boost/lexical_cast.hpp:167:
In file included from /usr/local/include/boost/math/special_functions/sign.hpp:17:
In file included from /usr/local/include/boost/math/special_functions/math_fwd.hpp:28:
/usr/local/include/boost/math/policies/policy.hpp:832:4: warning: unused typedef 'boost_static_assert_typedef_832' [-Wunused-local-typedef]
   BOOST_STATIC_ASSERT( ::std::numeric_limits<T>::is_specialized);
   ^
/usr/local/include/boost/static_assert.hpp:170:16: note: expanded from macro 'BOOST_STATIC_ASSERT'
               BOOST_JOIN(boost_static_assert_typedef_, __LINE__) BOOST_STATIC_ASSERT_UNUSED_ATTRIBUTE
               ^
/usr/local/include/boost/config/suffix.hpp:544:28: note: expanded from macro 'BOOST_JOIN'
#define BOOST_JOIN( X, Y ) BOOST_DO_JOIN( X, Y )
                           ^
/usr/local/include/boost/config/suffix.hpp:545:31: note: expanded from macro 'BOOST_DO_JOIN'
#define BOOST_DO_JOIN( X, Y ) BOOST_DO_JOIN2(X,Y)
                              ^
/usr/local/include/boost/config/suffix.hpp:546:32: note: expanded from macro 'BOOST_DO_JOIN2'
#define BOOST_DO_JOIN2( X, Y ) X##Y
                               ^
<scratch space>:116:1: note: expanded from here
boost_static_assert_typedef_832
^
In file included from conftest.cpp:32:
In file included from /usr/local/include/boost/program_options.hpp:15:
In file included from /usr/local/include/boost/program_options/options_description.hpp:13:
In file included from /usr/local/include/boost/program_options/value_semantic.hpp:14:
In file included from /usr/local/include/boost/lexical_cast.hpp:167:
In file included from /usr/local/include/boost/math/special_functions/sign.hpp:17:
In file included from /usr/local/include/boost/math/special_functions/math_fwd.hpp:28:
/usr/local/include/boost/math/policies/policy.hpp:910:4: warning: unused typedef 'boost_static_assert_typedef_910' [-Wunused-local-typedef]
   BOOST_STATIC_ASSERT( ::std::numeric_limits<T>::is_specialized);
   ^
/usr/local/include/boost/static_assert.hpp:170:16: note: expanded from macro 'BOOST_STATIC_ASSERT'
               BOOST_JOIN(boost_static_assert_typedef_, __LINE__) BOOST_STATIC_ASSERT_UNUSED_ATTRIBUTE
               ^
/usr/local/include/boost/config/suffix.hpp:544:28: note: expanded from macro 'BOOST_JOIN'
#define BOOST_JOIN( X, Y ) BOOST_DO_JOIN( X, Y )
                           ^
/usr/local/include/boost/config/suffix.hpp:545:31: note: expanded from macro 'BOOST_DO_JOIN'
#define BOOST_DO_JOIN( X, Y ) BOOST_DO_JOIN2(X,Y)
                              ^
/usr/local/include/boost/config/suffix.hpp:546:32: note: expanded from macro 'BOOST_DO_JOIN2'
#define BOOST_DO_JOIN2( X, Y ) X##Y
                               ^
<scratch space>:118:1: note: expanded from here
boost_static_assert_typedef_910
^
In file included from conftest.cpp:32:
In file included from /usr/local/include/boost/program_options.hpp:15:
In file included from /usr/local/include/boost/program_options/options_description.hpp:13:
In file included from /usr/local/include/boost/program_options/value_semantic.hpp:14:
In file included from /usr/local/include/boost/lexical_cast.hpp:167:
In file included from /usr/local/include/boost/math/special_functions/sign.hpp:17:
In file included from /usr/local/include/boost/math/special_functions/math_fwd.hpp:28:
/usr/local/include/boost/math/policies/policy.hpp:911:4: warning: unused typedef 'boost_static_assert_typedef_911' [-Wunused-local-typedef]
   BOOST_STATIC_ASSERT( ::std::numeric_limits<T>::radix == 2);
   ^
/usr/local/include/boost/static_assert.hpp:170:16: note: expanded from macro 'BOOST_STATIC_ASSERT'
               BOOST_JOIN(boost_static_assert_typedef_, __LINE__) BOOST_STATIC_ASSERT_UNUSED_ATTRIBUTE
               ^
/usr/local/include/boost/config/suffix.hpp:544:28: note: expanded from macro 'BOOST_JOIN'
#define BOOST_JOIN( X, Y ) BOOST_DO_JOIN( X, Y )
                           ^
/usr/local/include/boost/config/suffix.hpp:545:31: note: expanded from macro 'BOOST_DO_JOIN'
#define BOOST_DO_JOIN( X, Y ) BOOST_DO_JOIN2(X,Y)
                              ^
/usr/local/include/boost/config/suffix.hpp:546:32: note: expanded from macro 'BOOST_DO_JOIN2'
#define BOOST_DO_JOIN2( X, Y ) X##Y
                               ^
<scratch space>:120:1: note: expanded from here
boost_static_assert_typedef_911
^
In file included from conftest.cpp:32:
In file included from /usr/local/include/boost/program_options.hpp:15:
In file included from /usr/local/include/boost/program_options/options_description.hpp:13:
In file included from /usr/local/include/boost/program_options/value_semantic.hpp:14:
In file included from /usr/local/include/boost/lexical_cast.hpp:169:
In file included from /usr/local/include/boost/range/iterator_range_core.hpp:23:
/usr/local/include/boost/iterator/iterator_facade.hpp:832:3: warning: unused typedef 'boost_static_assert_typedef_832' [-Wunused-local-typedef]
  BOOST_ITERATOR_FACADE_RELATION(==, return, equal)
  ^
/usr/local/include/boost/iterator/iterator_facade.hpp:825:3: note: expanded from macro 'BOOST_ITERATOR_FACADE_RELATION'
  BOOST_ITERATOR_FACADE_INTEROP(                                    \
  ^
/usr/local/include/boost/iterator/iterator_facade.hpp:814:7: note: expanded from macro 'BOOST_ITERATOR_FACADE_INTEROP'
      BOOST_STATIC_ASSERT((                                                     \
      ^
/usr/local/include/boost/static_assert.hpp:170:16: note: expanded from macro 'BOOST_STATIC_ASSERT'
               BOOST_JOIN(boost_static_assert_typedef_, __LINE__) BOOST_STATIC_ASSERT_UNUSED_ATTRIBUTE
               ^
note: (skipping 1 expansions in backtrace; use -fmacro-backtrace-limit=0 to see all)
/usr/local/include/boost/config/suffix.hpp:545:31: note: expanded from macro 'BOOST_DO_JOIN'
#define BOOST_DO_JOIN( X, Y ) BOOST_DO_JOIN2(X,Y)
                              ^
/usr/local/include/boost/config/suffix.hpp:546:32: note: expanded from macro 'BOOST_DO_JOIN2'
#define BOOST_DO_JOIN2( X, Y ) X##Y
                               ^
<scratch space>:56:1: note: expanded from here
boost_static_assert_typedef_832
^
In file included from conftest.cpp:32:
In file included from /usr/local/include/boost/program_options.hpp:15:
In file included from /usr/local/include/boost/program_options/options_description.hpp:13:
In file included from /usr/local/include/boost/program_options/value_semantic.hpp:14:
In file included from /usr/local/include/boost/lexical_cast.hpp:169:
In file included from /usr/local/include/boost/range/iterator_range_core.hpp:23:
/usr/local/include/boost/iterator/iterator_facade.hpp:833:3: warning: unused typedef 'boost_static_assert_typedef_833' [-Wunused-local-typedef]
  BOOST_ITERATOR_FACADE_RELATION(!=, return !, equal)
  ^
/usr/local/include/boost/iterator/iterator_facade.hpp:825:3: note: expanded from macro 'BOOST_ITERATOR_FACADE_RELATION'
  BOOST_ITERATOR_FACADE_INTEROP(                                    \
  ^
/usr/local/include/boost/iterator/iterator_facade.hpp:814:7: note: expanded from macro 'BOOST_ITERATOR_FACADE_INTEROP'
      BOOST_STATIC_ASSERT((                                                     \
      ^
/usr/local/include/boost/static_assert.hpp:170:16: note: expanded from macro 'BOOST_STATIC_ASSERT'
               BOOST_JOIN(boost_static_assert_typedef_, __LINE__) BOOST_STATIC_ASSERT_UNUSED_ATTRIBUTE
               ^
note: (skipping 1 expansions in backtrace; use -fmacro-backtrace-limit=0 to see all)
/usr/local/include/boost/config/suffix.hpp:545:31: note: expanded from macro 'BOOST_DO_JOIN'
#define BOOST_DO_JOIN( X, Y ) BOOST_DO_JOIN2(X,Y)
                              ^
/usr/local/include/boost/config/suffix.hpp:546:32: note: expanded from macro 'BOOST_DO_JOIN2'
#define BOOST_DO_JOIN2( X, Y ) X##Y
                               ^
<scratch space>:58:1: note: expanded from here
boost_static_assert_typedef_833
^
In file included from conftest.cpp:32:
In file included from /usr/local/include/boost/program_options.hpp:15:
In file included from /usr/local/include/boost/program_options/options_description.hpp:13:
In file included from /usr/local/include/boost/program_options/value_semantic.hpp:14:
In file included from /usr/local/include/boost/lexical_cast.hpp:169:
In file included from /usr/local/include/boost/range/iterator_range_core.hpp:23:
/usr/local/include/boost/iterator/iterator_facade.hpp:835:3: warning: unused typedef 'boost_static_assert_typedef_835' [-Wunused-local-typedef]
  BOOST_ITERATOR_FACADE_RELATION(<, return 0 >, distance_from)
  ^
/usr/local/include/boost/iterator/iterator_facade.hpp:825:3: note: expanded from macro 'BOOST_ITERATOR_FACADE_RELATION'
  BOOST_ITERATOR_FACADE_INTEROP(                                    \
  ^
/usr/local/include/boost/iterator/iterator_facade.hpp:814:7: note: expanded from macro 'BOOST_ITERATOR_FACADE_INTEROP'
      BOOST_STATIC_ASSERT((                                                     \
      ^
/usr/local/include/boost/static_assert.hpp:170:16: note: expanded from macro 'BOOST_STATIC_ASSERT'
               BOOST_JOIN(boost_static_assert_typedef_, __LINE__) BOOST_STATIC_ASSERT_UNUSED_ATTRIBUTE
               ^
note: (skipping 1 expansions in backtrace; use -fmacro-backtrace-limit=0 to see all)
/usr/local/include/boost/config/suffix.hpp:545:31: note: expanded from macro 'BOOST_DO_JOIN'
#define BOOST_DO_JOIN( X, Y ) BOOST_DO_JOIN2(X,Y)
                              ^
/usr/local/include/boost/config/suffix.hpp:546:32: note: expanded from macro 'BOOST_DO_JOIN2'
#define BOOST_DO_JOIN2( X, Y ) X##Y
                               ^
<scratch space>:60:1: note: expanded from here
boost_static_assert_typedef_835
^
In file included from conftest.cpp:32:
In file included from /usr/local/include/boost/program_options.hpp:15:
In file included from /usr/local/include/boost/program_options/options_description.hpp:13:
In file included from /usr/local/include/boost/program_options/value_semantic.hpp:14:
In file included from /usr/local/include/boost/lexical_cast.hpp:169:
In file included from /usr/local/include/boost/range/iterator_range_core.hpp:23:
/usr/local/include/boost/iterator/iterator_facade.hpp:836:3: warning: unused typedef 'boost_static_assert_typedef_836' [-Wunused-local-typedef]
  BOOST_ITERATOR_FACADE_RELATION(>, return 0 <, distance_from)
  ^
/usr/local/include/boost/iterator/iterator_facade.hpp:825:3: note: expanded from macro 'BOOST_ITERATOR_FACADE_RELATION'
  BOOST_ITERATOR_FACADE_INTEROP(                                    \
  ^
/usr/local/include/boost/iterator/iterator_facade.hpp:814:7: note: expanded from macro 'BOOST_ITERATOR_FACADE_INTEROP'
      BOOST_STATIC_ASSERT((                                                     \
      ^
/usr/local/include/boost/static_assert.hpp:170:16: note: expanded from macro 'BOOST_STATIC_ASSERT'
               BOOST_JOIN(boost_static_assert_typedef_, __LINE__) BOOST_STATIC_ASSERT_UNUSED_ATTRIBUTE
               ^
note: (skipping 1 expansions in backtrace; use -fmacro-backtrace-limit=0 to see all)
/usr/local/include/boost/config/suffix.hpp:545:31: note: expanded from macro 'BOOST_DO_JOIN'
#define BOOST_DO_JOIN( X, Y ) BOOST_DO_JOIN2(X,Y)
                              ^
/usr/local/include/boost/config/suffix.hpp:546:32: note: expanded from macro 'BOOST_DO_JOIN2'
#define BOOST_DO_JOIN2( X, Y ) X##Y
                               ^
<scratch space>:62:1: note: expanded from here
boost_static_assert_typedef_836
^
In file included from conftest.cpp:32:
In file included from /usr/local/include/boost/program_options.hpp:15:
In file included from /usr/local/include/boost/program_options/options_description.hpp:13:
In file included from /usr/local/include/boost/program_options/value_semantic.hpp:14:
In file included from /usr/local/include/boost/lexical_cast.hpp:169:
In file included from /usr/local/include/boost/range/iterator_range_core.hpp:23:
/usr/local/include/boost/iterator/iterator_facade.hpp:837:3: warning: unused typedef 'boost_static_assert_typedef_837' [-Wunused-local-typedef]
  BOOST_ITERATOR_FACADE_RELATION(<=, return 0 >=, distance_from)
  ^
/usr/local/include/boost/iterator/iterator_facade.hpp:825:3: note: expanded from macro 'BOOST_ITERATOR_FACADE_RELATION'
  BOOST_ITERATOR_FACADE_INTEROP(                                    \
  ^
/usr/local/include/boost/iterator/iterator_facade.hpp:814:7: note: expanded from macro 'BOOST_ITERATOR_FACADE_INTEROP'
      BOOST_STATIC_ASSERT((                                                     \
      ^
/usr/local/include/boost/static_assert.hpp:170:16: note: expanded from macro 'BOOST_STATIC_ASSERT'
               BOOST_JOIN(boost_static_assert_typedef_, __LINE__) BOOST_STATIC_ASSERT_UNUSED_ATTRIBUTE
               ^
note: (skipping 1 expansions in backtrace; use -fmacro-backtrace-limit=0 to see all)
/usr/local/include/boost/config/suffix.hpp:545:31: note: expanded from macro 'BOOST_DO_JOIN'
#define BOOST_DO_JOIN( X, Y ) BOOST_DO_JOIN2(X,Y)
                              ^
/usr/local/include/boost/config/suffix.hpp:546:32: note: expanded from macro 'BOOST_DO_JOIN2'
#define BOOST_DO_JOIN2( X, Y ) X##Y
                               ^
<scratch space>:64:1: note: expanded from here
boost_static_assert_typedef_837
^
In file included from conftest.cpp:32:
In file included from /usr/local/include/boost/program_options.hpp:15:
In file included from /usr/local/include/boost/program_options/options_description.hpp:13:
In file included from /usr/local/include/boost/program_options/value_semantic.hpp:14:
In file included from /usr/local/include/boost/lexical_cast.hpp:169:
In file included from /usr/local/include/boost/range/iterator_range_core.hpp:23:
/usr/local/include/boost/iterator/iterator_facade.hpp:838:3: warning: unused typedef 'boost_static_assert_typedef_838' [-Wunused-local-typedef]
  BOOST_ITERATOR_FACADE_RELATION(>=, return 0 <=, distance_from)
  ^
/usr/local/include/boost/iterator/iterator_facade.hpp:825:3: note: expanded from macro 'BOOST_ITERATOR_FACADE_RELATION'
  BOOST_ITERATOR_FACADE_INTEROP(                                    \
  ^
/usr/local/include/boost/iterator/iterator_facade.hpp:814:7: note: expanded from macro 'BOOST_ITERATOR_FACADE_INTEROP'
      BOOST_STATIC_ASSERT((                                                     \
      ^
/usr/local/include/boost/static_assert.hpp:170:16: note: expanded from macro 'BOOST_STATIC_ASSERT'
               BOOST_JOIN(boost_static_assert_typedef_, __LINE__) BOOST_STATIC_ASSERT_UNUSED_ATTRIBUTE
               ^
note: (skipping 1 expansions in backtrace; use -fmacro-backtrace-limit=0 to see all)
/usr/local/include/boost/config/suffix.hpp:545:31: note: expanded from macro 'BOOST_DO_JOIN'
#define BOOST_DO_JOIN( X, Y ) BOOST_DO_JOIN2(X,Y)
                              ^
/usr/local/include/boost/config/suffix.hpp:546:32: note: expanded from macro 'BOOST_DO_JOIN2'
#define BOOST_DO_JOIN2( X, Y ) X##Y
                               ^
<scratch space>:66:1: note: expanded from here
boost_static_assert_typedef_838
^
In file included from conftest.cpp:32:
In file included from /usr/local/include/boost/program_options.hpp:15:
In file included from /usr/local/include/boost/program_options/options_description.hpp:13:
In file included from /usr/local/include/boost/program_options/value_semantic.hpp:14:
In file included from /usr/local/include/boost/lexical_cast.hpp:169:
In file included from /usr/local/include/boost/range/iterator_range_core.hpp:23:
/usr/local/include/boost/iterator/iterator_facade.hpp:842:3: warning: unused typedef 'boost_static_assert_typedef_847' [-Wunused-local-typedef]
  BOOST_ITERATOR_FACADE_INTEROP(
  ^
/usr/local/include/boost/iterator/iterator_facade.hpp:814:7: note: expanded from macro 'BOOST_ITERATOR_FACADE_INTEROP'
      BOOST_STATIC_ASSERT((                                                     \
      ^
/usr/local/include/boost/static_assert.hpp:170:16: note: expanded from macro 'BOOST_STATIC_ASSERT'
               BOOST_JOIN(boost_static_assert_typedef_, __LINE__) BOOST_STATIC_ASSERT_UNUSED_ATTRIBUTE
               ^
/usr/local/include/boost/config/suffix.hpp:544:28: note: expanded from macro 'BOOST_JOIN'
#define BOOST_JOIN( X, Y ) BOOST_DO_JOIN( X, Y )
                           ^
/usr/local/include/boost/config/suffix.hpp:545:31: note: expanded from macro 'BOOST_DO_JOIN'
#define BOOST_DO_JOIN( X, Y ) BOOST_DO_JOIN2(X,Y)
                              ^
/usr/local/include/boost/config/suffix.hpp:546:32: note: expanded from macro 'BOOST_DO_JOIN2'
#define BOOST_DO_JOIN2( X, Y ) X##Y
                               ^
<scratch space>:68:1: note: expanded from here
boost_static_assert_typedef_847
^
In file included from conftest.cpp:32:
In file included from /usr/local/include/boost/program_options.hpp:15:
In file included from /usr/local/include/boost/program_options/options_description.hpp:13:
In file included from /usr/local/include/boost/program_options/value_semantic.hpp:14:
In file included from /usr/local/include/boost/lexical_cast.hpp:169:
In file included from /usr/local/include/boost/range/iterator_range_core.hpp:28:
In file included from /usr/local/include/boost/range/functions.hpp:23:
In file included from /usr/local/include/boost/range/rbegin.hpp:19:
In file included from /usr/local/include/boost/range/reverse_iterator.hpp:20:
In file included from /usr/local/include/boost/iterator/reverse_iterator.hpp:12:
/usr/local/include/boost/iterator/iterator_adaptor.hpp:224:7: warning: unused typedef 'boost_static_assert_typedef_224' [-Wunused-local-typedef]
      BOOST_STATIC_ASSERT((is_convertible<Tr1, Tr2>::value));
      ^
/usr/local/include/boost/static_assert.hpp:170:16: note: expanded from macro 'BOOST_STATIC_ASSERT'
               BOOST_JOIN(boost_static_assert_typedef_, __LINE__) BOOST_STATIC_ASSERT_UNUSED_ATTRIBUTE
               ^
/usr/local/include/boost/config/suffix.hpp:544:28: note: expanded from macro 'BOOST_JOIN'
#define BOOST_JOIN( X, Y ) BOOST_DO_JOIN( X, Y )
                           ^
/usr/local/include/boost/config/suffix.hpp:545:31: note: expanded from macro 'BOOST_DO_JOIN'
#define BOOST_DO_JOIN( X, Y ) BOOST_DO_JOIN2(X,Y)
                              ^
/usr/local/include/boost/config/suffix.hpp:546:32: note: expanded from macro 'BOOST_DO_JOIN2'
#define BOOST_DO_JOIN2( X, Y ) X##Y
                               ^
<scratch space>:118:1: note: expanded from here
boost_static_assert_typedef_224
^
In file included from conftest.cpp:32:
In file included from /usr/local/include/boost/program_options.hpp:15:
In file included from /usr/local/include/boost/program_options/options_description.hpp:13:
In file included from /usr/local/include/boost/program_options/value_semantic.hpp:14:
In file included from /usr/local/include/boost/lexical_cast.hpp:169:
In file included from /usr/local/include/boost/range/iterator_range_core.hpp:31:
In file included from /usr/local/include/boost/range/algorithm/equal.hpp:14:
In file included from /usr/local/include/boost/range/concepts.hpp:19:
/usr/local/include/boost/concept_check.hpp:45:7: warning: unused typedef 'boost_concept_check45' [-Wunused-local-typedef]
      BOOST_CONCEPT_ASSERT((Model));
      ^
/usr/local/include/boost/concept/assert.hpp:44:5: note: expanded from macro 'BOOST_CONCEPT_ASSERT'
    BOOST_CONCEPT_ASSERT_FN(void(*)ModelInParens)
    ^
/usr/local/include/boost/concept/detail/general.hpp:71:7: note: expanded from macro 'BOOST_CONCEPT_ASSERT_FN'
      BOOST_PP_CAT(boost_concept_check,__LINE__)
      ^
/usr/local/include/boost/preprocessor/cat.hpp:22:32: note: expanded from macro 'BOOST_PP_CAT'
#    define BOOST_PP_CAT(a, b) BOOST_PP_CAT_I(a, b)
                               ^
/usr/local/include/boost/preprocessor/cat.hpp:29:34: note: expanded from macro 'BOOST_PP_CAT_I'
#    define BOOST_PP_CAT_I(a, b) a ## b
                                 ^
<scratch space>:128:1: note: expanded from here
boost_concept_check45
^
In file included from conftest.cpp:32:
In file included from /usr/local/include/boost/program_options.hpp:15:
In file included from /usr/local/include/boost/program_options/options_description.hpp:13:
In file included from /usr/local/include/boost/program_options/value_semantic.hpp:14:
In file included from /usr/local/include/boost/lexical_cast.hpp:169:
In file included from /usr/local/include/boost/range/iterator_range_core.hpp:31:
In file included from /usr/local/include/boost/range/algorithm/equal.hpp:14:
In file included from /usr/local/include/boost/range/concepts.hpp:19:
/usr/local/include/boost/concept_check.hpp:453:11: warning: unused typedef 'boost_concept_check453' [-Wunused-local-typedef]
          BOOST_CONCEPT_ASSERT((Convertible<result_type, Return>));
          ^
/usr/local/include/boost/concept/assert.hpp:44:5: note: expanded from macro 'BOOST_CONCEPT_ASSERT'
    BOOST_CONCEPT_ASSERT_FN(void(*)ModelInParens)
    ^
/usr/local/include/boost/concept/detail/general.hpp:71:7: note: expanded from macro 'BOOST_CONCEPT_ASSERT_FN'
      BOOST_PP_CAT(boost_concept_check,__LINE__)
      ^
/usr/local/include/boost/preprocessor/cat.hpp:22:32: note: expanded from macro 'BOOST_PP_CAT'
#    define BOOST_PP_CAT(a, b) BOOST_PP_CAT_I(a, b)
                               ^
/usr/local/include/boost/preprocessor/cat.hpp:29:34: note: expanded from macro 'BOOST_PP_CAT_I'
#    define BOOST_PP_CAT_I(a, b) a ## b
                                 ^
<scratch space>:11:1: note: expanded from here
boost_concept_check453
^
In file included from conftest.cpp:32:
In file included from /usr/local/include/boost/program_options.hpp:15:
In file included from /usr/local/include/boost/program_options/options_description.hpp:13:
In file included from /usr/local/include/boost/program_options/value_semantic.hpp:14:
In file included from /usr/local/include/boost/lexical_cast.hpp:169:
In file included from /usr/local/include/boost/range/iterator_range_core.hpp:31:
In file included from /usr/local/include/boost/range/algorithm/equal.hpp:14:
In file included from /usr/local/include/boost/range/concepts.hpp:19:
/usr/local/include/boost/concept_check.hpp:466:11: warning: unused typedef 'boost_concept_check466' [-Wunused-local-typedef]
          BOOST_CONCEPT_ASSERT((Convertible<Arg, argument_type>));
          ^
/usr/local/include/boost/concept/assert.hpp:44:5: note: expanded from macro 'BOOST_CONCEPT_ASSERT'
    BOOST_CONCEPT_ASSERT_FN(void(*)ModelInParens)
    ^
/usr/local/include/boost/concept/detail/general.hpp:71:7: note: expanded from macro 'BOOST_CONCEPT_ASSERT_FN'
      BOOST_PP_CAT(boost_concept_check,__LINE__)
      ^
/usr/local/include/boost/preprocessor/cat.hpp:22:32: note: expanded from macro 'BOOST_PP_CAT'
#    define BOOST_PP_CAT(a, b) BOOST_PP_CAT_I(a, b)
                               ^
/usr/local/include/boost/preprocessor/cat.hpp:29:34: note: expanded from macro 'BOOST_PP_CAT_I'
#    define BOOST_PP_CAT_I(a, b) a ## b
                                 ^
<scratch space>:179:1: note: expanded from here
boost_concept_check466
^
In file included from conftest.cpp:32:
In file included from /usr/local/include/boost/program_options.hpp:15:
In file included from /usr/local/include/boost/program_options/options_description.hpp:13:
In file included from /usr/local/include/boost/program_options/value_semantic.hpp:14:
In file included from /usr/local/include/boost/lexical_cast.hpp:169:
In file included from /usr/local/include/boost/range/iterator_range_core.hpp:31:
In file included from /usr/local/include/boost/range/algorithm/equal.hpp:14:
In file included from /usr/local/include/boost/range/concepts.hpp:19:
/usr/local/include/boost/concept_check.hpp:465:11: warning: unused typedef 'boost_concept_check465' [-Wunused-local-typedef]
          BOOST_CONCEPT_ASSERT((Convertible<result_type, Return>));
          ^
/usr/local/include/boost/concept/assert.hpp:44:5: note: expanded from macro 'BOOST_CONCEPT_ASSERT'
    BOOST_CONCEPT_ASSERT_FN(void(*)ModelInParens)
    ^
/usr/local/include/boost/concept/detail/general.hpp:71:7: note: expanded from macro 'BOOST_CONCEPT_ASSERT_FN'
      BOOST_PP_CAT(boost_concept_check,__LINE__)
      ^
/usr/local/include/boost/preprocessor/cat.hpp:22:32: note: expanded from macro 'BOOST_PP_CAT'
#    define BOOST_PP_CAT(a, b) BOOST_PP_CAT_I(a, b)
                               ^
/usr/local/include/boost/preprocessor/cat.hpp:29:34: note: expanded from macro 'BOOST_PP_CAT_I'
#    define BOOST_PP_CAT_I(a, b) a ## b
                                 ^
<scratch space>:177:1: note: expanded from here
boost_concept_check465
^
In file included from conftest.cpp:32:
In file included from /usr/local/include/boost/program_options.hpp:15:
In file included from /usr/local/include/boost/program_options/options_description.hpp:13:
In file included from /usr/local/include/boost/program_options/value_semantic.hpp:14:
In file included from /usr/local/include/boost/lexical_cast.hpp:169:
In file included from /usr/local/include/boost/range/iterator_range_core.hpp:31:
In file included from /usr/local/include/boost/range/algorithm/equal.hpp:14:
In file included from /usr/local/include/boost/range/concepts.hpp:19:
/usr/local/include/boost/concept_check.hpp:484:11: warning: unused typedef 'boost_concept_check484' [-Wunused-local-typedef]
          BOOST_CONCEPT_ASSERT((Convertible<result_type, Return>));
          ^
/usr/local/include/boost/concept/assert.hpp:44:5: note: expanded from macro 'BOOST_CONCEPT_ASSERT'
    BOOST_CONCEPT_ASSERT_FN(void(*)ModelInParens)
    ^
/usr/local/include/boost/concept/detail/general.hpp:71:7: note: expanded from macro 'BOOST_CONCEPT_ASSERT_FN'
      BOOST_PP_CAT(boost_concept_check,__LINE__)
      ^
/usr/local/include/boost/preprocessor/cat.hpp:22:32: note: expanded from macro 'BOOST_PP_CAT'
#    define BOOST_PP_CAT(a, b) BOOST_PP_CAT_I(a, b)
                               ^
/usr/local/include/boost/preprocessor/cat.hpp:29:34: note: expanded from macro 'BOOST_PP_CAT_I'
#    define BOOST_PP_CAT_I(a, b) a ## b
                                 ^
<scratch space>:176:1: note: expanded from here
boost_concept_check484
^
In file included from conftest.cpp:32:
In file included from /usr/local/include/boost/program_options.hpp:15:
In file included from /usr/local/include/boost/program_options/options_description.hpp:13:
In file included from /usr/local/include/boost/program_options/value_semantic.hpp:14:
In file included from /usr/local/include/boost/lexical_cast.hpp:169:
In file included from /usr/local/include/boost/range/iterator_range_core.hpp:31:
In file included from /usr/local/include/boost/range/algorithm/equal.hpp:14:
In file included from /usr/local/include/boost/range/concepts.hpp:19:
/usr/local/include/boost/concept_check.hpp:485:11: warning: unused typedef 'boost_concept_check485' [-Wunused-local-typedef]
          BOOST_CONCEPT_ASSERT((Convertible<First, first_argument_type>));
          ^
/usr/local/include/boost/concept/assert.hpp:44:5: note: expanded from macro 'BOOST_CONCEPT_ASSERT'
    BOOST_CONCEPT_ASSERT_FN(void(*)ModelInParens)
    ^
/usr/local/include/boost/concept/detail/general.hpp:71:7: note: expanded from macro 'BOOST_CONCEPT_ASSERT_FN'
      BOOST_PP_CAT(boost_concept_check,__LINE__)
      ^
/usr/local/include/boost/preprocessor/cat.hpp:22:32: note: expanded from macro 'BOOST_PP_CAT'
#    define BOOST_PP_CAT(a, b) BOOST_PP_CAT_I(a, b)
                               ^
/usr/local/include/boost/preprocessor/cat.hpp:29:34: note: expanded from macro 'BOOST_PP_CAT_I'
#    define BOOST_PP_CAT_I(a, b) a ## b
                                 ^
<scratch space>:178:1: note: expanded from here
boost_concept_check485
^
In file included from conftest.cpp:32:
In file included from /usr/local/include/boost/program_options.hpp:15:
In file included from /usr/local/include/boost/program_options/options_description.hpp:13:
In file included from /usr/local/include/boost/program_options/value_semantic.hpp:14:
In file included from /usr/local/include/boost/lexical_cast.hpp:169:
In file included from /usr/local/include/boost/range/iterator_range_core.hpp:31:
In file included from /usr/local/include/boost/range/algorithm/equal.hpp:14:
In file included from /usr/local/include/boost/range/concepts.hpp:19:
/usr/local/include/boost/concept_check.hpp:486:11: warning: unused typedef 'boost_concept_check486' [-Wunused-local-typedef]
          BOOST_CONCEPT_ASSERT((Convertible<Second, second_argument_type>));
          ^
/usr/local/include/boost/concept/assert.hpp:44:5: note: expanded from macro 'BOOST_CONCEPT_ASSERT'
    BOOST_CONCEPT_ASSERT_FN(void(*)ModelInParens)
    ^
/usr/local/include/boost/concept/detail/general.hpp:71:7: note: expanded from macro 'BOOST_CONCEPT_ASSERT_FN'
      BOOST_PP_CAT(boost_concept_check,__LINE__)
      ^
/usr/local/include/boost/preprocessor/cat.hpp:22:32: note: expanded from macro 'BOOST_PP_CAT'
#    define BOOST_PP_CAT(a, b) BOOST_PP_CAT_I(a, b)
                               ^
/usr/local/include/boost/preprocessor/cat.hpp:29:34: note: expanded from macro 'BOOST_PP_CAT_I'
#    define BOOST_PP_CAT_I(a, b) a ## b
                                 ^
<scratch space>:180:1: note: expanded from here
boost_concept_check486
^
In file included from conftest.cpp:32:
In file included from /usr/local/include/boost/program_options.hpp:15:
In file included from /usr/local/include/boost/program_options/options_description.hpp:13:
In file included from /usr/local/include/boost/program_options/value_semantic.hpp:14:
In file included from /usr/local/include/boost/lexical_cast.hpp:169:
In file included from /usr/local/include/boost/range/iterator_range_core.hpp:31:
In file included from /usr/local/include/boost/range/algorithm/equal.hpp:14:
In file included from /usr/local/include/boost/range/concepts.hpp:19:
/usr/local/include/boost/concept_check.hpp:517:9: warning: unused typedef 'boost_concept_check517' [-Wunused-local-typedef]
        BOOST_CONCEPT_ASSERT((SignedInteger<difference_type>));
        ^
/usr/local/include/boost/concept/assert.hpp:44:5: note: expanded from macro 'BOOST_CONCEPT_ASSERT'
    BOOST_CONCEPT_ASSERT_FN(void(*)ModelInParens)
    ^
/usr/local/include/boost/concept/detail/general.hpp:71:7: note: expanded from macro 'BOOST_CONCEPT_ASSERT_FN'
      BOOST_PP_CAT(boost_concept_check,__LINE__)
      ^
/usr/local/include/boost/preprocessor/cat.hpp:22:32: note: expanded from macro 'BOOST_PP_CAT'
#    define BOOST_PP_CAT(a, b) BOOST_PP_CAT_I(a, b)
                               ^
/usr/local/include/boost/preprocessor/cat.hpp:29:34: note: expanded from macro 'BOOST_PP_CAT_I'
#    define BOOST_PP_CAT_I(a, b) a ## b
                                 ^
<scratch space>:158:1: note: expanded from here
boost_concept_check517
^
In file included from conftest.cpp:32:
In file included from /usr/local/include/boost/program_options.hpp:15:
In file included from /usr/local/include/boost/program_options/options_description.hpp:13:
In file included from /usr/local/include/boost/program_options/value_semantic.hpp:14:
In file included from /usr/local/include/boost/lexical_cast.hpp:169:
In file included from /usr/local/include/boost/range/iterator_range_core.hpp:31:
In file included from /usr/local/include/boost/range/algorithm/equal.hpp:14:
In file included from /usr/local/include/boost/range/concepts.hpp:19:
/usr/local/include/boost/concept_check.hpp:518:9: warning: unused typedef 'boost_concept_check518' [-Wunused-local-typedef]
        BOOST_CONCEPT_ASSERT((Convertible<iterator_category, std::input_iterator_tag>));
        ^
/usr/local/include/boost/concept/assert.hpp:44:5: note: expanded from macro 'BOOST_CONCEPT_ASSERT'
    BOOST_CONCEPT_ASSERT_FN(void(*)ModelInParens)
    ^
/usr/local/include/boost/concept/detail/general.hpp:71:7: note: expanded from macro 'BOOST_CONCEPT_ASSERT_FN'
      BOOST_PP_CAT(boost_concept_check,__LINE__)
      ^
/usr/local/include/boost/preprocessor/cat.hpp:22:32: note: expanded from macro 'BOOST_PP_CAT'
#    define BOOST_PP_CAT(a, b) BOOST_PP_CAT_I(a, b)
                               ^
/usr/local/include/boost/preprocessor/cat.hpp:29:34: note: expanded from macro 'BOOST_PP_CAT_I'
#    define BOOST_PP_CAT_I(a, b) a ## b
                                 ^
<scratch space>:160:1: note: expanded from here
boost_concept_check518
^
In file included from conftest.cpp:32:
In file included from /usr/local/include/boost/program_options.hpp:15:
In file included from /usr/local/include/boost/program_options/options_description.hpp:13:
In file included from /usr/local/include/boost/program_options/value_semantic.hpp:14:
In file included from /usr/local/include/boost/lexical_cast.hpp:169:
In file included from /usr/local/include/boost/range/iterator_range_core.hpp:31:
In file included from /usr/local/include/boost/range/algorithm/equal.hpp:14:
In file included from /usr/local/include/boost/range/concepts.hpp:19:
/usr/local/include/boost/concept_check.hpp:548:11: warning: unused typedef 'boost_concept_check551' [-Wunused-local-typedef]
          BOOST_CONCEPT_ASSERT((Convertible<
          ^
/usr/local/include/boost/concept/assert.hpp:44:5: note: expanded from macro 'BOOST_CONCEPT_ASSERT'
    BOOST_CONCEPT_ASSERT_FN(void(*)ModelInParens)
    ^
/usr/local/include/boost/concept/detail/general.hpp:71:7: note: expanded from macro 'BOOST_CONCEPT_ASSERT_FN'
      BOOST_PP_CAT(boost_concept_check,__LINE__)
      ^
/usr/local/include/boost/preprocessor/cat.hpp:22:32: note: expanded from macro 'BOOST_PP_CAT'
#    define BOOST_PP_CAT(a, b) BOOST_PP_CAT_I(a, b)
                               ^
/usr/local/include/boost/preprocessor/cat.hpp:29:34: note: expanded from macro 'BOOST_PP_CAT_I'
#    define BOOST_PP_CAT_I(a, b) a ## b
                                 ^
<scratch space>:177:1: note: expanded from here
boost_concept_check551
^
In file included from conftest.cpp:32:
In file included from /usr/local/include/boost/program_options.hpp:15:
In file included from /usr/local/include/boost/program_options/options_description.hpp:13:
In file included from /usr/local/include/boost/program_options/value_semantic.hpp:14:
In file included from /usr/local/include/boost/lexical_cast.hpp:169:
In file included from /usr/local/include/boost/range/iterator_range_core.hpp:31:
In file included from /usr/local/include/boost/range/algorithm/equal.hpp:14:
In file included from /usr/local/include/boost/range/concepts.hpp:19:
/usr/local/include/boost/concept_check.hpp:576:11: warning: unused typedef 'boost_concept_check579' [-Wunused-local-typedef]
          BOOST_CONCEPT_ASSERT((Convertible<
          ^
/usr/local/include/boost/concept/assert.hpp:44:5: note: expanded from macro 'BOOST_CONCEPT_ASSERT'
    BOOST_CONCEPT_ASSERT_FN(void(*)ModelInParens)
    ^
/usr/local/include/boost/concept/detail/general.hpp:71:7: note: expanded from macro 'BOOST_CONCEPT_ASSERT_FN'
      BOOST_PP_CAT(boost_concept_check,__LINE__)
      ^
/usr/local/include/boost/preprocessor/cat.hpp:22:32: note: expanded from macro 'BOOST_PP_CAT'
#    define BOOST_PP_CAT(a, b) BOOST_PP_CAT_I(a, b)
                               ^
/usr/local/include/boost/preprocessor/cat.hpp:29:34: note: expanded from macro 'BOOST_PP_CAT_I'
#    define BOOST_PP_CAT_I(a, b) a ## b
                                 ^
<scratch space>:154:1: note: expanded from here
boost_concept_check579
^
In file included from conftest.cpp:32:
In file included from /usr/local/include/boost/program_options.hpp:15:
In file included from /usr/local/include/boost/program_options/options_description.hpp:13:
In file included from /usr/local/include/boost/program_options/value_semantic.hpp:14:
In file included from /usr/local/include/boost/lexical_cast.hpp:169:
In file included from /usr/local/include/boost/range/iterator_range_core.hpp:31:
In file included from /usr/local/include/boost/range/algorithm/equal.hpp:14:
In file included from /usr/local/include/boost/range/concepts.hpp:19:
/usr/local/include/boost/concept_check.hpp:606:11: warning: unused typedef 'boost_concept_check609' [-Wunused-local-typedef]
          BOOST_CONCEPT_ASSERT((Convertible<
          ^
/usr/local/include/boost/concept/assert.hpp:44:5: note: expanded from macro 'BOOST_CONCEPT_ASSERT'
    BOOST_CONCEPT_ASSERT_FN(void(*)ModelInParens)
    ^
/usr/local/include/boost/concept/detail/general.hpp:71:7: note: expanded from macro 'BOOST_CONCEPT_ASSERT_FN'
      BOOST_PP_CAT(boost_concept_check,__LINE__)
      ^
/usr/local/include/boost/preprocessor/cat.hpp:22:32: note: expanded from macro 'BOOST_PP_CAT'
#    define BOOST_PP_CAT(a, b) BOOST_PP_CAT_I(a, b)
                               ^
/usr/local/include/boost/preprocessor/cat.hpp:29:34: note: expanded from macro 'BOOST_PP_CAT_I'
#    define BOOST_PP_CAT_I(a, b) a ## b
                                 ^
<scratch space>:131:1: note: expanded from here
boost_concept_check609
^
In file included from conftest.cpp:32:
In file included from /usr/local/include/boost/program_options.hpp:15:
In file included from /usr/local/include/boost/program_options/options_description.hpp:13:
In file included from /usr/local/include/boost/program_options/value_semantic.hpp:14:
In file included from /usr/local/include/boost/lexical_cast.hpp:169:
In file included from /usr/local/include/boost/range/iterator_range_core.hpp:31:
In file included from /usr/local/include/boost/range/algorithm/equal.hpp:14:
In file included from /usr/local/include/boost/range/concepts.hpp:19:
/usr/local/include/boost/concept_check.hpp:653:11: warning: unused typedef 'boost_concept_check653' [-Wunused-local-typedef]
          BOOST_CONCEPT_ASSERT((InputIterator<const_iterator>));
          ^
/usr/local/include/boost/concept/assert.hpp:44:5: note: expanded from macro 'BOOST_CONCEPT_ASSERT'
    BOOST_CONCEPT_ASSERT_FN(void(*)ModelInParens)
    ^
/usr/local/include/boost/concept/detail/general.hpp:71:7: note: expanded from macro 'BOOST_CONCEPT_ASSERT_FN'
      BOOST_PP_CAT(boost_concept_check,__LINE__)
      ^
/usr/local/include/boost/preprocessor/cat.hpp:22:32: note: expanded from macro 'BOOST_PP_CAT'
#    define BOOST_PP_CAT(a, b) BOOST_PP_CAT_I(a, b)
                               ^
/usr/local/include/boost/preprocessor/cat.hpp:29:34: note: expanded from macro 'BOOST_PP_CAT_I'
#    define BOOST_PP_CAT_I(a, b) a ## b
                                 ^
<scratch space>:113:1: note: expanded from here
boost_concept_check653
^
In file included from conftest.cpp:32:
In file included from /usr/local/include/boost/program_options.hpp:15:
In file included from /usr/local/include/boost/program_options/options_description.hpp:13:
In file included from /usr/local/include/boost/program_options/value_semantic.hpp:14:
In file included from /usr/local/include/boost/lexical_cast.hpp:169:
In file included from /usr/local/include/boost/range/iterator_range_core.hpp:31:
In file included from /usr/local/include/boost/range/algorithm/equal.hpp:14:
In file included from /usr/local/include/boost/range/concepts.hpp:19:
/usr/local/include/boost/concept_check.hpp:680:11: warning: unused typedef 'boost_concept_check681' [-Wunused-local-typedef]
          BOOST_CONCEPT_ASSERT((
          ^
/usr/local/include/boost/concept/assert.hpp:44:5: note: expanded from macro 'BOOST_CONCEPT_ASSERT'
    BOOST_CONCEPT_ASSERT_FN(void(*)ModelInParens)
    ^
/usr/local/include/boost/concept/detail/general.hpp:71:7: note: expanded from macro 'BOOST_CONCEPT_ASSERT_FN'
      BOOST_PP_CAT(boost_concept_check,__LINE__)
      ^
/usr/local/include/boost/preprocessor/cat.hpp:22:32: note: expanded from macro 'BOOST_PP_CAT'
#    define BOOST_PP_CAT(a, b) BOOST_PP_CAT_I(a, b)
                               ^
/usr/local/include/boost/preprocessor/cat.hpp:29:34: note: expanded from macro 'BOOST_PP_CAT_I'
#    define BOOST_PP_CAT_I(a, b) a ## b
                                 ^
<scratch space>:209:1: note: expanded from here
boost_concept_check681
^
In file included from conftest.cpp:32:
In file included from /usr/local/include/boost/program_options.hpp:15:
In file included from /usr/local/include/boost/program_options/options_description.hpp:13:
In file included from /usr/local/include/boost/program_options/value_semantic.hpp:14:
In file included from /usr/local/include/boost/lexical_cast.hpp:169:
In file included from /usr/local/include/boost/range/iterator_range_core.hpp:31:
In file included from /usr/local/include/boost/range/algorithm/equal.hpp:14:
In file included from /usr/local/include/boost/range/concepts.hpp:19:
/usr/local/include/boost/concept_check.hpp:683:11: warning: unused typedef 'boost_concept_check683' [-Wunused-local-typedef]
          BOOST_CONCEPT_ASSERT((InputIterator<iterator>));
          ^
/usr/local/include/boost/concept/assert.hpp:44:5: note: expanded from macro 'BOOST_CONCEPT_ASSERT'
    BOOST_CONCEPT_ASSERT_FN(void(*)ModelInParens)
    ^
/usr/local/include/boost/concept/detail/general.hpp:71:7: note: expanded from macro 'BOOST_CONCEPT_ASSERT_FN'
      BOOST_PP_CAT(boost_concept_check,__LINE__)
      ^
/usr/local/include/boost/preprocessor/cat.hpp:22:32: note: expanded from macro 'BOOST_PP_CAT'
#    define BOOST_PP_CAT(a, b) BOOST_PP_CAT_I(a, b)
                               ^
/usr/local/include/boost/preprocessor/cat.hpp:29:34: note: expanded from macro 'BOOST_PP_CAT_I'
#    define BOOST_PP_CAT_I(a, b) a ## b
                                 ^
<scratch space>:211:1: note: expanded from here
boost_concept_check683
^
In file included from conftest.cpp:32:
In file included from /usr/local/include/boost/program_options.hpp:15:
In file included from /usr/local/include/boost/program_options/options_description.hpp:13:
In file included from /usr/local/include/boost/program_options/value_semantic.hpp:14:
In file included from /usr/local/include/boost/lexical_cast.hpp:169:
In file included from /usr/local/include/boost/range/iterator_range_core.hpp:31:
In file included from /usr/local/include/boost/range/algorithm/equal.hpp:14:
In file included from /usr/local/include/boost/range/concepts.hpp:19:
/usr/local/include/boost/concept_check.hpp:700:11: warning: unused typedef 'boost_concept_check703' [-Wunused-local-typedef]
          BOOST_CONCEPT_ASSERT((
          ^
/usr/local/include/boost/concept/assert.hpp:44:5: note: expanded from macro 'BOOST_CONCEPT_ASSERT'
    BOOST_CONCEPT_ASSERT_FN(void(*)ModelInParens)
    ^
/usr/local/include/boost/concept/detail/general.hpp:71:7: note: expanded from macro 'BOOST_CONCEPT_ASSERT_FN'
      BOOST_PP_CAT(boost_concept_check,__LINE__)
      ^
/usr/local/include/boost/preprocessor/cat.hpp:22:32: note: expanded from macro 'BOOST_PP_CAT'
#    define BOOST_PP_CAT(a, b) BOOST_PP_CAT_I(a, b)
                               ^
/usr/local/include/boost/preprocessor/cat.hpp:29:34: note: expanded from macro 'BOOST_PP_CAT_I'
#    define BOOST_PP_CAT_I(a, b) a ## b
                                 ^
<scratch space>:95:1: note: expanded from here
boost_concept_check703
^
In file included from conftest.cpp:32:
In file included from /usr/local/include/boost/program_options.hpp:15:
In file included from /usr/local/include/boost/program_options/options_description.hpp:13:
In file included from /usr/local/include/boost/program_options/value_semantic.hpp:14:
In file included from /usr/local/include/boost/lexical_cast.hpp:169:
In file included from /usr/local/include/boost/range/iterator_range_core.hpp:31:
In file included from /usr/local/include/boost/range/algorithm/equal.hpp:14:
In file included from /usr/local/include/boost/range/concepts.hpp:19:
/usr/local/include/boost/concept_check.hpp:713:11: warning: unused typedef 'boost_concept_check716' [-Wunused-local-typedef]
          BOOST_CONCEPT_ASSERT((
          ^
/usr/local/include/boost/concept/assert.hpp:44:5: note: expanded from macro 'BOOST_CONCEPT_ASSERT'
    BOOST_CONCEPT_ASSERT_FN(void(*)ModelInParens)
    ^
/usr/local/include/boost/concept/detail/general.hpp:71:7: note: expanded from macro 'BOOST_CONCEPT_ASSERT_FN'
      BOOST_PP_CAT(boost_concept_check,__LINE__)
      ^
/usr/local/include/boost/preprocessor/cat.hpp:22:32: note: expanded from macro 'BOOST_PP_CAT'
#    define BOOST_PP_CAT(a, b) BOOST_PP_CAT_I(a, b)
                               ^
/usr/local/include/boost/preprocessor/cat.hpp:29:34: note: expanded from macro 'BOOST_PP_CAT_I'
#    define BOOST_PP_CAT_I(a, b) a ## b
                                 ^
<scratch space>:190:1: note: expanded from here
boost_concept_check716
^
In file included from conftest.cpp:32:
In file included from /usr/local/include/boost/program_options.hpp:15:
In file included from /usr/local/include/boost/program_options/options_description.hpp:13:
In file included from /usr/local/include/boost/program_options/value_semantic.hpp:14:
In file included from /usr/local/include/boost/lexical_cast.hpp:169:
In file included from /usr/local/include/boost/range/iterator_range_core.hpp:31:
In file included from /usr/local/include/boost/range/algorithm/equal.hpp:14:
In file included from /usr/local/include/boost/range/concepts.hpp:19:
/usr/local/include/boost/concept_check.hpp:733:11: warning: unused typedef 'boost_concept_check733' [-Wunused-local-typedef]
          BOOST_CONCEPT_ASSERT((BidirectionalIterator<const_reverse_iterator>));
          ^
/usr/local/include/boost/concept/assert.hpp:44:5: note: expanded from macro 'BOOST_CONCEPT_ASSERT'
    BOOST_CONCEPT_ASSERT_FN(void(*)ModelInParens)
    ^
/usr/local/include/boost/concept/detail/general.hpp:71:7: note: expanded from macro 'BOOST_CONCEPT_ASSERT_FN'
      BOOST_PP_CAT(boost_concept_check,__LINE__)
      ^
/usr/local/include/boost/preprocessor/cat.hpp:22:32: note: expanded from macro 'BOOST_PP_CAT'
#    define BOOST_PP_CAT(a, b) BOOST_PP_CAT_I(a, b)
                               ^
/usr/local/include/boost/preprocessor/cat.hpp:29:34: note: expanded from macro 'BOOST_PP_CAT_I'
#    define BOOST_PP_CAT_I(a, b) a ## b
                                 ^
<scratch space>:76:1: note: expanded from here
boost_concept_check733
^
In file included from conftest.cpp:32:
In file included from /usr/local/include/boost/program_options.hpp:15:
In file included from /usr/local/include/boost/program_options/options_description.hpp:13:
In file included from /usr/local/include/boost/program_options/value_semantic.hpp:14:
In file included from /usr/local/include/boost/lexical_cast.hpp:169:
In file included from /usr/local/include/boost/range/iterator_range_core.hpp:31:
In file included from /usr/local/include/boost/range/algorithm/equal.hpp:14:
In file included from /usr/local/include/boost/range/concepts.hpp:19:
/usr/local/include/boost/concept_check.hpp:729:11: warning: unused typedef 'boost_concept_check731' [-Wunused-local-typedef]
          BOOST_CONCEPT_ASSERT((
          ^
/usr/local/include/boost/concept/assert.hpp:44:5: note: expanded from macro 'BOOST_CONCEPT_ASSERT'
    BOOST_CONCEPT_ASSERT_FN(void(*)ModelInParens)
    ^
/usr/local/include/boost/concept/detail/general.hpp:71:7: note: expanded from macro 'BOOST_CONCEPT_ASSERT_FN'
      BOOST_PP_CAT(boost_concept_check,__LINE__)
      ^
/usr/local/include/boost/preprocessor/cat.hpp:22:32: note: expanded from macro 'BOOST_PP_CAT'
#    define BOOST_PP_CAT(a, b) BOOST_PP_CAT_I(a, b)
                               ^
/usr/local/include/boost/preprocessor/cat.hpp:29:34: note: expanded from macro 'BOOST_PP_CAT_I'
#    define BOOST_PP_CAT_I(a, b) a ## b
                                 ^
<scratch space>:74:1: note: expanded from here
boost_concept_check731
^
In file included from conftest.cpp:32:
In file included from /usr/local/include/boost/program_options.hpp:15:
In file included from /usr/local/include/boost/program_options/options_description.hpp:13:
In file included from /usr/local/include/boost/program_options/value_semantic.hpp:14:
In file included from /usr/local/include/boost/lexical_cast.hpp:169:
In file included from /usr/local/include/boost/range/iterator_range_core.hpp:31:
In file included from /usr/local/include/boost/range/algorithm/equal.hpp:14:
In file included from /usr/local/include/boost/range/concepts.hpp:19:
/usr/local/include/boost/concept_check.hpp:756:11: warning: unused typedef 'boost_concept_check756' [-Wunused-local-typedef]
          BOOST_CONCEPT_ASSERT((Mutable_BidirectionalIterator<reverse_iterator>));
          ^
/usr/local/include/boost/concept/assert.hpp:44:5: note: expanded from macro 'BOOST_CONCEPT_ASSERT'
    BOOST_CONCEPT_ASSERT_FN(void(*)ModelInParens)
    ^
/usr/local/include/boost/concept/detail/general.hpp:71:7: note: expanded from macro 'BOOST_CONCEPT_ASSERT_FN'
      BOOST_PP_CAT(boost_concept_check,__LINE__)
      ^
/usr/local/include/boost/preprocessor/cat.hpp:22:32: note: expanded from macro 'BOOST_PP_CAT'
#    define BOOST_PP_CAT(a, b) BOOST_PP_CAT_I(a, b)
                               ^
/usr/local/include/boost/preprocessor/cat.hpp:29:34: note: expanded from macro 'BOOST_PP_CAT_I'
#    define BOOST_PP_CAT_I(a, b) a ## b
                                 ^
<scratch space>:173:1: note: expanded from here
boost_concept_check756
^
In file included from conftest.cpp:32:
In file included from /usr/local/include/boost/program_options.hpp:15:
In file included from /usr/local/include/boost/program_options/options_description.hpp:13:
In file included from /usr/local/include/boost/program_options/value_semantic.hpp:14:
In file included from /usr/local/include/boost/lexical_cast.hpp:169:
In file included from /usr/local/include/boost/range/iterator_range_core.hpp:31:
In file included from /usr/local/include/boost/range/algorithm/equal.hpp:14:
In file included from /usr/local/include/boost/range/concepts.hpp:19:
/usr/local/include/boost/concept_check.hpp:755:11: warning: unused typedef 'boost_concept_check755' [-Wunused-local-typedef]
          BOOST_CONCEPT_ASSERT((Mutable_BidirectionalIterator<iterator>));
          ^
/usr/local/include/boost/concept/assert.hpp:44:5: note: expanded from macro 'BOOST_CONCEPT_ASSERT'
    BOOST_CONCEPT_ASSERT_FN(void(*)ModelInParens)
    ^
/usr/local/include/boost/concept/detail/general.hpp:71:7: note: expanded from macro 'BOOST_CONCEPT_ASSERT_FN'
      BOOST_PP_CAT(boost_concept_check,__LINE__)
      ^
/usr/local/include/boost/preprocessor/cat.hpp:22:32: note: expanded from macro 'BOOST_PP_CAT'
#    define BOOST_PP_CAT(a, b) BOOST_PP_CAT_I(a, b)
                               ^
/usr/local/include/boost/preprocessor/cat.hpp:29:34: note: expanded from macro 'BOOST_PP_CAT_I'
#    define BOOST_PP_CAT_I(a, b) a ## b
                                 ^
<scratch space>:171:1: note: expanded from here
boost_concept_check755
^
In file included from conftest.cpp:32:
In file included from /usr/local/include/boost/program_options.hpp:15:
In file included from /usr/local/include/boost/program_options/options_description.hpp:13:
In file included from /usr/local/include/boost/program_options/value_semantic.hpp:14:
In file included from /usr/local/include/boost/lexical_cast.hpp:169:
In file included from /usr/local/include/boost/range/iterator_range_core.hpp:31:
In file included from /usr/local/include/boost/range/algorithm/equal.hpp:14:
In file included from /usr/local/include/boost/range/concepts.hpp:19:
/usr/local/include/boost/concept_check.hpp:773:11: warning: unused typedef 'boost_concept_check776' [-Wunused-local-typedef]
          BOOST_CONCEPT_ASSERT((
          ^
/usr/local/include/boost/concept/assert.hpp:44:5: note: expanded from macro 'BOOST_CONCEPT_ASSERT'
    BOOST_CONCEPT_ASSERT_FN(void(*)ModelInParens)
    ^
/usr/local/include/boost/concept/detail/general.hpp:71:7: note: expanded from macro 'BOOST_CONCEPT_ASSERT_FN'
      BOOST_PP_CAT(boost_concept_check,__LINE__)
      ^
/usr/local/include/boost/preprocessor/cat.hpp:22:32: note: expanded from macro 'BOOST_PP_CAT'
#    define BOOST_PP_CAT(a, b) BOOST_PP_CAT_I(a, b)
                               ^
/usr/local/include/boost/preprocessor/cat.hpp:29:34: note: expanded from macro 'BOOST_PP_CAT_I'
#    define BOOST_PP_CAT_I(a, b) a ## b
                                 ^
<scratch space>:57:1: note: expanded from here
boost_concept_check776
^
In file included from conftest.cpp:32:
In file included from /usr/local/include/boost/program_options.hpp:15:
In file included from /usr/local/include/boost/program_options/options_description.hpp:13:
In file included from /usr/local/include/boost/program_options/value_semantic.hpp:14:
In file included from /usr/local/include/boost/lexical_cast.hpp:169:
In file included from /usr/local/include/boost/range/iterator_range_core.hpp:31:
In file included from /usr/local/include/boost/range/algorithm/equal.hpp:14:
In file included from /usr/local/include/boost/range/concepts.hpp:19:
/usr/local/include/boost/concept_check.hpp:801:11: warning: unused typedef 'boost_concept_check801' [-Wunused-local-typedef]
          BOOST_CONCEPT_ASSERT((Mutable_RandomAccessIterator<typename self::reverse_iterator>));
          ^
/usr/local/include/boost/concept/assert.hpp:44:5: note: expanded from macro 'BOOST_CONCEPT_ASSERT'
    BOOST_CONCEPT_ASSERT_FN(void(*)ModelInParens)
    ^
/usr/local/include/boost/concept/detail/general.hpp:71:7: note: expanded from macro 'BOOST_CONCEPT_ASSERT_FN'
      BOOST_PP_CAT(boost_concept_check,__LINE__)
      ^
/usr/local/include/boost/preprocessor/cat.hpp:22:32: note: expanded from macro 'BOOST_PP_CAT'
#    define BOOST_PP_CAT(a, b) BOOST_PP_CAT_I(a, b)
                               ^
/usr/local/include/boost/preprocessor/cat.hpp:29:34: note: expanded from macro 'BOOST_PP_CAT_I'
#    define BOOST_PP_CAT_I(a, b) a ## b
                                 ^
<scratch space>:154:1: note: expanded from here
boost_concept_check801
^
In file included from conftest.cpp:32:
In file included from /usr/local/include/boost/program_options.hpp:15:
In file included from /usr/local/include/boost/program_options/options_description.hpp:13:
In file included from /usr/local/include/boost/program_options/value_semantic.hpp:14:
In file included from /usr/local/include/boost/lexical_cast.hpp:169:
In file included from /usr/local/include/boost/range/iterator_range_core.hpp:31:
In file included from /usr/local/include/boost/range/algorithm/equal.hpp:14:
In file included from /usr/local/include/boost/range/concepts.hpp:19:
/usr/local/include/boost/concept_check.hpp:800:11: warning: unused typedef 'boost_concept_check800' [-Wunused-local-typedef]
          BOOST_CONCEPT_ASSERT((Mutable_RandomAccessIterator<typename self::iterator>));
          ^
/usr/local/include/boost/concept/assert.hpp:44:5: note: expanded from macro 'BOOST_CONCEPT_ASSERT'
    BOOST_CONCEPT_ASSERT_FN(void(*)ModelInParens)
    ^
/usr/local/include/boost/concept/detail/general.hpp:71:7: note: expanded from macro 'BOOST_CONCEPT_ASSERT_FN'
      BOOST_PP_CAT(boost_concept_check,__LINE__)
      ^
/usr/local/include/boost/preprocessor/cat.hpp:22:32: note: expanded from macro 'BOOST_PP_CAT'
#    define BOOST_PP_CAT(a, b) BOOST_PP_CAT_I(a, b)
                               ^
/usr/local/include/boost/preprocessor/cat.hpp:29:34: note: expanded from macro 'BOOST_PP_CAT_I'
#    define BOOST_PP_CAT_I(a, b) a ## b
                                 ^
<scratch space>:152:1: note: expanded from here
boost_concept_check800
^
In file included from conftest.cpp:32:
In file included from /usr/local/include/boost/program_options.hpp:15:
In file included from /usr/local/include/boost/program_options/options_description.hpp:13:
In file included from /usr/local/include/boost/program_options/value_semantic.hpp:14:
In file included from /usr/local/include/boost/lexical_cast.hpp:169:
In file included from /usr/local/include/boost/range/iterator_range_core.hpp:31:
In file included from /usr/local/include/boost/range/algorithm/equal.hpp:14:
In file included from /usr/local/include/boost/range/concepts.hpp:19:
/usr/local/include/boost/concept_check.hpp:905:11: warning: unused typedef 'boost_concept_check905' [-Wunused-local-typedef]
          BOOST_CONCEPT_ASSERT((BinaryPredicate<key_compare,key_type,key_type>));
          ^
/usr/local/include/boost/concept/assert.hpp:44:5: note: expanded from macro 'BOOST_CONCEPT_ASSERT'
    BOOST_CONCEPT_ASSERT_FN(void(*)ModelInParens)
    ^
/usr/local/include/boost/concept/detail/general.hpp:71:7: note: expanded from macro 'BOOST_CONCEPT_ASSERT_FN'
      BOOST_PP_CAT(boost_concept_check,__LINE__)
      ^
/usr/local/include/boost/preprocessor/cat.hpp:22:32: note: expanded from macro 'BOOST_PP_CAT'
#    define BOOST_PP_CAT(a, b) BOOST_PP_CAT_I(a, b)
                               ^
/usr/local/include/boost/preprocessor/cat.hpp:29:34: note: expanded from macro 'BOOST_PP_CAT_I'
#    define BOOST_PP_CAT_I(a, b) a ## b
                                 ^
<scratch space>:109:1: note: expanded from here
boost_concept_check905
^
In file included from conftest.cpp:32:
In file included from /usr/local/include/boost/program_options.hpp:15:
In file included from /usr/local/include/boost/program_options/options_description.hpp:13:
In file included from /usr/local/include/boost/program_options/value_semantic.hpp:14:
In file included from /usr/local/include/boost/lexical_cast.hpp:169:
In file included from /usr/local/include/boost/range/iterator_range_core.hpp:31:
In file included from /usr/local/include/boost/range/algorithm/equal.hpp:14:
In file included from /usr/local/include/boost/range/concepts.hpp:19:
/usr/local/include/boost/concept_check.hpp:908:11: warning: unused typedef 'boost_concept_check908' [-Wunused-local-typedef]
          BOOST_CONCEPT_ASSERT((BinaryPredicate<value_compare,value_type_,value_type_>));
          ^
/usr/local/include/boost/concept/assert.hpp:44:5: note: expanded from macro 'BOOST_CONCEPT_ASSERT'
    BOOST_CONCEPT_ASSERT_FN(void(*)ModelInParens)
    ^
/usr/local/include/boost/concept/detail/general.hpp:71:7: note: expanded from macro 'BOOST_CONCEPT_ASSERT_FN'
      BOOST_PP_CAT(boost_concept_check,__LINE__)
      ^
/usr/local/include/boost/preprocessor/cat.hpp:22:32: note: expanded from macro 'BOOST_PP_CAT'
#    define BOOST_PP_CAT(a, b) BOOST_PP_CAT_I(a, b)
                               ^
/usr/local/include/boost/preprocessor/cat.hpp:29:34: note: expanded from macro 'BOOST_PP_CAT_I'
#    define BOOST_PP_CAT_I(a, b) a ## b
                                 ^
<scratch space>:111:1: note: expanded from here
boost_concept_check908
^
In file included from conftest.cpp:32:
In file included from /usr/local/include/boost/program_options.hpp:15:
In file included from /usr/local/include/boost/program_options/options_description.hpp:13:
In file included from /usr/local/include/boost/program_options/value_semantic.hpp:14:
/usr/local/include/boost/lexical_cast.hpp:822:17: warning: unused typedef 'boost_static_assert_typedef_822' [-Wunused-local-typedef]
                BOOST_STATIC_ASSERT(std::numeric_limits<T>::digits10 < CHAR_MAX);
                ^
/usr/local/include/boost/static_assert.hpp:170:16: note: expanded from macro 'BOOST_STATIC_ASSERT'
               BOOST_JOIN(boost_static_assert_typedef_, __LINE__) BOOST_STATIC_ASSERT_UNUSED_ATTRIBUTE
               ^
/usr/local/include/boost/config/suffix.hpp:544:28: note: expanded from macro 'BOOST_JOIN'
#define BOOST_JOIN( X, Y ) BOOST_DO_JOIN( X, Y )
                           ^
/usr/local/include/boost/config/suffix.hpp:545:31: note: expanded from macro 'BOOST_DO_JOIN'
#define BOOST_DO_JOIN( X, Y ) BOOST_DO_JOIN2(X,Y)
                              ^
/usr/local/include/boost/config/suffix.hpp:546:32: note: expanded from macro 'BOOST_DO_JOIN2'
#define BOOST_DO_JOIN2( X, Y ) X##Y
                               ^
<scratch space>:139:1: note: expanded from here
boost_static_assert_typedef_822
^
In file included from conftest.cpp:32:
In file included from /usr/local/include/boost/program_options.hpp:15:
In file included from /usr/local/include/boost/program_options/options_description.hpp:13:
In file included from /usr/local/include/boost/program_options/value_semantic.hpp:14:
/usr/local/include/boost/lexical_cast.hpp:797:13: warning: unused typedef 'boost_static_assert_typedef_797' [-Wunused-local-typedef]
            BOOST_STATIC_ASSERT(!std::numeric_limits<T>::is_signed);
            ^
/usr/local/include/boost/static_assert.hpp:170:16: note: expanded from macro 'BOOST_STATIC_ASSERT'
               BOOST_JOIN(boost_static_assert_typedef_, __LINE__) BOOST_STATIC_ASSERT_UNUSED_ATTRIBUTE
               ^
/usr/local/include/boost/config/suffix.hpp:544:28: note: expanded from macro 'BOOST_JOIN'
#define BOOST_JOIN( X, Y ) BOOST_DO_JOIN( X, Y )
                           ^
/usr/local/include/boost/config/suffix.hpp:545:31: note: expanded from macro 'BOOST_DO_JOIN'
#define BOOST_DO_JOIN( X, Y ) BOOST_DO_JOIN2(X,Y)
                              ^
/usr/local/include/boost/config/suffix.hpp:546:32: note: expanded from macro 'BOOST_DO_JOIN2'
#define BOOST_DO_JOIN2( X, Y ) X##Y
                               ^
<scratch space>:137:1: note: expanded from here
boost_static_assert_typedef_797
^
In file included from conftest.cpp:32:
In file included from /usr/local/include/boost/program_options.hpp:15:
In file included from /usr/local/include/boost/program_options/options_description.hpp:13:
In file included from /usr/local/include/boost/program_options/value_semantic.hpp:14:
/usr/local/include/boost/lexical_cast.hpp:876:13: warning: unused typedef 'boost_static_assert_typedef_876' [-Wunused-local-typedef]
            BOOST_STATIC_ASSERT(!std::numeric_limits<T>::is_signed);
            ^
/usr/local/include/boost/static_assert.hpp:170:16: note: expanded from macro 'BOOST_STATIC_ASSERT'
               BOOST_JOIN(boost_static_assert_typedef_, __LINE__) BOOST_STATIC_ASSERT_UNUSED_ATTRIBUTE
               ^
/usr/local/include/boost/config/suffix.hpp:544:28: note: expanded from macro 'BOOST_JOIN'
#define BOOST_JOIN( X, Y ) BOOST_DO_JOIN( X, Y )
                           ^
/usr/local/include/boost/config/suffix.hpp:545:31: note: expanded from macro 'BOOST_DO_JOIN'
#define BOOST_DO_JOIN( X, Y ) BOOST_DO_JOIN2(X,Y)
                              ^
/usr/local/include/boost/config/suffix.hpp:546:32: note: expanded from macro 'BOOST_DO_JOIN2'
#define BOOST_DO_JOIN2( X, Y ) X##Y
                               ^
<scratch space>:141:1: note: expanded from here
boost_static_assert_typedef_876
^
In file included from conftest.cpp:32:
In file included from /usr/local/include/boost/program_options.hpp:15:
In file included from /usr/local/include/boost/program_options/options_description.hpp:13:
In file included from /usr/local/include/boost/program_options/value_semantic.hpp:14:
/usr/local/include/boost/lexical_cast.hpp:883:13: warning: unused typedef 'boost_static_assert_typedef_885' [-Wunused-local-typedef]
            BOOST_STATIC_ASSERT_MSG(std::numeric_limits<T>::is_specialized,
            ^
/usr/local/include/boost/static_assert.hpp:36:48: note: expanded from macro 'BOOST_STATIC_ASSERT_MSG'
#     define BOOST_STATIC_ASSERT_MSG( B, Msg ) BOOST_STATIC_ASSERT( B )
                                               ^
/usr/local/include/boost/static_assert.hpp:170:16: note: expanded from macro 'BOOST_STATIC_ASSERT'
               BOOST_JOIN(boost_static_assert_typedef_, __LINE__) BOOST_STATIC_ASSERT_UNUSED_ATTRIBUTE
               ^
/usr/local/include/boost/config/suffix.hpp:544:28: note: expanded from macro 'BOOST_JOIN'
#define BOOST_JOIN( X, Y ) BOOST_DO_JOIN( X, Y )
                           ^
/usr/local/include/boost/config/suffix.hpp:545:31: note: expanded from macro 'BOOST_DO_JOIN'
#define BOOST_DO_JOIN( X, Y ) BOOST_DO_JOIN2(X,Y)
                              ^
/usr/local/include/boost/config/suffix.hpp:546:32: note: expanded from macro 'BOOST_DO_JOIN2'
#define BOOST_DO_JOIN2( X, Y ) X##Y
                               ^
<scratch space>:143:1: note: expanded from here
boost_static_assert_typedef_885
^
In file included from conftest.cpp:32:
In file included from /usr/local/include/boost/program_options.hpp:15:
In file included from /usr/local/include/boost/program_options/options_description.hpp:13:
In file included from /usr/local/include/boost/program_options/value_semantic.hpp:14:
/usr/local/include/boost/lexical_cast.hpp:1573:17: warning: unused typedef 'boost_static_assert_typedef_1575' [-Wunused-local-typedef]
                BOOST_STATIC_ASSERT_MSG(( sizeof(T) <= sizeof(CharT)) ,
                ^
/usr/local/include/boost/static_assert.hpp:36:48: note: expanded from macro 'BOOST_STATIC_ASSERT_MSG'
#     define BOOST_STATIC_ASSERT_MSG( B, Msg ) BOOST_STATIC_ASSERT( B )
                                               ^
/usr/local/include/boost/static_assert.hpp:170:16: note: expanded from macro 'BOOST_STATIC_ASSERT'
               BOOST_JOIN(boost_static_assert_typedef_, __LINE__) BOOST_STATIC_ASSERT_UNUSED_ATTRIBUTE
               ^
/usr/local/include/boost/config/suffix.hpp:544:28: note: expanded from macro 'BOOST_JOIN'
#define BOOST_JOIN( X, Y ) BOOST_DO_JOIN( X, Y )
                           ^
/usr/local/include/boost/config/suffix.hpp:545:31: note: expanded from macro 'BOOST_DO_JOIN'
#define BOOST_DO_JOIN( X, Y ) BOOST_DO_JOIN2(X,Y)
                              ^
/usr/local/include/boost/config/suffix.hpp:546:32: note: expanded from macro 'BOOST_DO_JOIN2'
#define BOOST_DO_JOIN2( X, Y ) X##Y
                               ^
<scratch space>:145:1: note: expanded from here
boost_static_assert_typedef_1575
^
In file included from conftest.cpp:32:
In file included from /usr/local/include/boost/program_options.hpp:15:
In file included from /usr/local/include/boost/program_options/options_description.hpp:13:
In file included from /usr/local/include/boost/program_options/value_semantic.hpp:14:
/usr/local/include/boost/lexical_cast.hpp:1598:17: warning: unused typedef 'boost_static_assert_typedef_1600' [-Wunused-local-typedef]
                BOOST_STATIC_ASSERT_MSG(( sizeof(T) <= sizeof(CharT)),
                ^
/usr/local/include/boost/static_assert.hpp:36:48: note: expanded from macro 'BOOST_STATIC_ASSERT_MSG'
#     define BOOST_STATIC_ASSERT_MSG( B, Msg ) BOOST_STATIC_ASSERT( B )
                                               ^
/usr/local/include/boost/static_assert.hpp:170:16: note: expanded from macro 'BOOST_STATIC_ASSERT'
               BOOST_JOIN(boost_static_assert_typedef_, __LINE__) BOOST_STATIC_ASSERT_UNUSED_ATTRIBUTE
               ^
/usr/local/include/boost/config/suffix.hpp:544:28: note: expanded from macro 'BOOST_JOIN'
#define BOOST_JOIN( X, Y ) BOOST_DO_JOIN( X, Y )
                           ^
/usr/local/include/boost/config/suffix.hpp:545:31: note: expanded from macro 'BOOST_DO_JOIN'
#define BOOST_DO_JOIN( X, Y ) BOOST_DO_JOIN2(X,Y)
                              ^
/usr/local/include/boost/config/suffix.hpp:546:32: note: expanded from macro 'BOOST_DO_JOIN2'
#define BOOST_DO_JOIN2( X, Y ) X##Y
                               ^
<scratch space>:147:1: note: expanded from here
boost_static_assert_typedef_1600
^
In file included from conftest.cpp:32:
In file included from /usr/local/include/boost/program_options.hpp:15:
In file included from /usr/local/include/boost/program_options/options_description.hpp:13:
In file included from /usr/local/include/boost/program_options/value_semantic.hpp:14:
/usr/local/include/boost/lexical_cast.hpp:1984:17: warning: unused typedef 'boost_static_assert_typedef_1987' [-Wunused-local-typedef]
                BOOST_STATIC_ASSERT_MSG(
                ^
/usr/local/include/boost/static_assert.hpp:36:48: note: expanded from macro 'BOOST_STATIC_ASSERT_MSG'
#     define BOOST_STATIC_ASSERT_MSG( B, Msg ) BOOST_STATIC_ASSERT( B )
                                               ^
/usr/local/include/boost/static_assert.hpp:170:16: note: expanded from macro 'BOOST_STATIC_ASSERT'
               BOOST_JOIN(boost_static_assert_typedef_, __LINE__) BOOST_STATIC_ASSERT_UNUSED_ATTRIBUTE
               ^
/usr/local/include/boost/config/suffix.hpp:544:28: note: expanded from macro 'BOOST_JOIN'
#define BOOST_JOIN( X, Y ) BOOST_DO_JOIN( X, Y )
                           ^
/usr/local/include/boost/config/suffix.hpp:545:31: note: expanded from macro 'BOOST_DO_JOIN'
#define BOOST_DO_JOIN( X, Y ) BOOST_DO_JOIN2(X,Y)
                              ^
/usr/local/include/boost/config/suffix.hpp:546:32: note: expanded from macro 'BOOST_DO_JOIN2'
#define BOOST_DO_JOIN2( X, Y ) X##Y
                               ^
<scratch space>:149:1: note: expanded from here
boost_static_assert_typedef_1987
^
In file included from conftest.cpp:32:
In file included from /usr/local/include/boost/program_options.hpp:15:
In file included from /usr/local/include/boost/program_options/options_description.hpp:13:
In file included from /usr/local/include/boost/program_options/value_semantic.hpp:14:
/usr/local/include/boost/lexical_cast.hpp:2038:17: warning: unused typedef 'boost_static_assert_typedef_2040' [-Wunused-local-typedef]
                BOOST_STATIC_ASSERT_MSG(( sizeof(CharT) == sizeof(T) ),
                ^
/usr/local/include/boost/static_assert.hpp:36:48: note: expanded from macro 'BOOST_STATIC_ASSERT_MSG'
#     define BOOST_STATIC_ASSERT_MSG( B, Msg ) BOOST_STATIC_ASSERT( B )
                                               ^
/usr/local/include/boost/static_assert.hpp:170:16: note: expanded from macro 'BOOST_STATIC_ASSERT'
               BOOST_JOIN(boost_static_assert_typedef_, __LINE__) BOOST_STATIC_ASSERT_UNUSED_ATTRIBUTE
               ^
/usr/local/include/boost/config/suffix.hpp:544:28: note: expanded from macro 'BOOST_JOIN'
#define BOOST_JOIN( X, Y ) BOOST_DO_JOIN( X, Y )
                           ^
/usr/local/include/boost/config/suffix.hpp:545:31: note: expanded from macro 'BOOST_DO_JOIN'
#define BOOST_DO_JOIN( X, Y ) BOOST_DO_JOIN2(X,Y)
                              ^
/usr/local/include/boost/config/suffix.hpp:546:32: note: expanded from macro 'BOOST_DO_JOIN2'
#define BOOST_DO_JOIN2( X, Y ) X##Y
                               ^
<scratch space>:151:1: note: expanded from here
boost_static_assert_typedef_2040
^
45 warnings generated.
configure:11408: $? = 0
configure:11422: result: yes
configure:11434: checking for exit in -lboost_program_options-mt
configure:11459: g++ -o conftest -g -O2 -Wall -Wextra -Wformat -Wformat-security -Wno-unused-parameter  -Wstack-protector -fstack-protector-all -fPIE  -DBOOST_SPIRIT_THREADSAFE -DHAVE_BUILD_INFO -D__STDC_FORMAT_MACROS -isystem /opt/local/include -I/opt/local/include/db53 -I/usr/local/Cellar/berkeley-db5/5.3.28/include -DMAC_OSX  -U_FORTIFY_SOURCE -D_FORTIFY_SOURCE=2 -I/usr/local/include   -pie -Wl,-dead_strip -L/usr/local/lib conftest.cpp -lboost_program_options-mt   -L/opt/local/lib -L/opt/local/lib/db53 -L/usr/local/Cellar/berkeley-db5/5.3.28/lib >&5
clang: warning: argument unused during compilation: '-pie' [-Wunused-command-line-argument]
ld: warning: directory not found for option '-L/usr/local/Cellar/berkeley-db5/5.3.28/lib'
configure:11459: $? = 0
configure:11469: result: yes
configure:11612: checking whether the Boost::Thread library is available
configure:11644: g++ -c -pthread -g -O2 -Wall -Wextra -Wformat -Wformat-security -Wno-unused-parameter  -Wstack-protector -fstack-protector-all -fPIE  -DBOOST_SPIRIT_THREADSAFE -DHAVE_BUILD_INFO -D__STDC_FORMAT_MACROS -isystem /opt/local/include -I/opt/local/include/db53 -I/usr/local/Cellar/berkeley-db5/5.3.28/include -DMAC_OSX  -U_FORTIFY_SOURCE -D_FORTIFY_SOURCE=2 -I/usr/local/include conftest.cpp >&5
In file included from conftest.cpp:33:
In file included from /usr/local/include/boost/thread/thread.hpp:12:
In file included from /usr/local/include/boost/thread/thread_only.hpp:17:
In file included from /usr/local/include/boost/thread/pthread/thread_data.hpp:18:
In file included from /usr/local/include/boost/optional.hpp:15:
/usr/local/include/boost/optional/optional.hpp:355:8: warning: unused typedef 'boost_static_assert_typedef_355' [-Wunused-local-typedef]
       BOOST_STATIC_ASSERT ( ::boost::mpl::not_<is_reference_predicate>::value ) ;
       ^
/usr/local/include/boost/static_assert.hpp:170:16: note: expanded from macro 'BOOST_STATIC_ASSERT'
               BOOST_JOIN(boost_static_assert_typedef_, __LINE__) BOOST_STATIC_ASSERT_UNUSED_ATTRIBUTE
               ^
/usr/local/include/boost/config/suffix.hpp:544:28: note: expanded from macro 'BOOST_JOIN'
#define BOOST_JOIN( X, Y ) BOOST_DO_JOIN( X, Y )
                           ^
/usr/local/include/boost/config/suffix.hpp:545:31: note: expanded from macro 'BOOST_DO_JOIN'
#define BOOST_DO_JOIN( X, Y ) BOOST_DO_JOIN2(X,Y)
                              ^
/usr/local/include/boost/config/suffix.hpp:546:32: note: expanded from macro 'BOOST_DO_JOIN2'
#define BOOST_DO_JOIN2( X, Y ) X##Y
                               ^
<scratch space>:97:1: note: expanded from here
boost_static_assert_typedef_355
^
In file included from conftest.cpp:33:
In file included from /usr/local/include/boost/thread/thread.hpp:12:
In file included from /usr/local/include/boost/thread/thread_only.hpp:17:
In file included from /usr/local/include/boost/thread/pthread/thread_data.hpp:18:
In file included from /usr/local/include/boost/optional.hpp:15:
/usr/local/include/boost/optional/optional.hpp:364:8: warning: unused typedef 'boost_static_assert_typedef_364' [-Wunused-local-typedef]
       BOOST_STATIC_ASSERT ( ::boost::mpl::not_<is_reference_predicate>::value ) ;
       ^
/usr/local/include/boost/static_assert.hpp:170:16: note: expanded from macro 'BOOST_STATIC_ASSERT'
               BOOST_JOIN(boost_static_assert_typedef_, __LINE__) BOOST_STATIC_ASSERT_UNUSED_ATTRIBUTE
               ^
/usr/local/include/boost/config/suffix.hpp:544:28: note: expanded from macro 'BOOST_JOIN'
#define BOOST_JOIN( X, Y ) BOOST_DO_JOIN( X, Y )
                           ^
/usr/local/include/boost/config/suffix.hpp:545:31: note: expanded from macro 'BOOST_DO_JOIN'
#define BOOST_DO_JOIN( X, Y ) BOOST_DO_JOIN2(X,Y)
                              ^
/usr/local/include/boost/config/suffix.hpp:546:32: note: expanded from macro 'BOOST_DO_JOIN2'
#define BOOST_DO_JOIN2( X, Y ) X##Y
                               ^
<scratch space>:99:1: note: expanded from here
boost_static_assert_typedef_364
^
In file included from conftest.cpp:33:
In file included from /usr/local/include/boost/thread/thread.hpp:12:
In file included from /usr/local/include/boost/thread/thread_only.hpp:22:
In file included from /usr/local/include/boost/thread/detail/thread.hpp:29:
In file included from /usr/local/include/boost/bind.hpp:22:
In file included from /usr/local/include/boost/bind/bind.hpp:29:
/usr/local/include/boost/bind/arg.hpp:37:22: warning: unused typedef 'T_must_be_placeholder' [-Wunused-local-typedef]
        typedef char T_must_be_placeholder[ I == is_placeholder<T>::value? 1: -1 ];
                     ^
3 warnings generated.
configure:11644: $? = 0
configure:11659: result: yes
configure:11689: checking for exit in -lboost_thread-mt
configure:11714: g++ -o conftest -g -O2 -Wall -Wextra -Wformat -Wformat-security -Wno-unused-parameter  -Wstack-protector -fstack-protector-all -fPIE  -DBOOST_SPIRIT_THREADSAFE -DHAVE_BUILD_INFO -D__STDC_FORMAT_MACROS -isystem /opt/local/include -I/opt/local/include/db53 -I/usr/local/Cellar/berkeley-db5/5.3.28/include -DMAC_OSX  -U_FORTIFY_SOURCE -D_FORTIFY_SOURCE=2 -I/usr/local/include   -pie -Wl,-dead_strip -L/usr/local/lib conftest.cpp -lboost_thread-mt   -L/opt/local/lib -L/opt/local/lib/db53 -L/usr/local/Cellar/berkeley-db5/5.3.28/lib >&5
clang: warning: argument unused during compilation: '-pie' [-Wunused-command-line-argument]
ld: warning: directory not found for option '-L/usr/local/Cellar/berkeley-db5/5.3.28/lib'
configure:11714: $? = 0
configure:11724: result: yes
configure:11884: checking whether the Boost::Chrono library is available
configure:11908: g++ -c -g -O2 -Wall -Wextra -Wformat -Wformat-security -Wno-unused-parameter  -Wstack-protector -fstack-protector-all -fPIE  -DBOOST_SPIRIT_THREADSAFE -DHAVE_BUILD_INFO -D__STDC_FORMAT_MACROS -isystem /opt/local/include -I/opt/local/include/db53 -I/usr/local/Cellar/berkeley-db5/5.3.28/include -DMAC_OSX  -U_FORTIFY_SOURCE -D_FORTIFY_SOURCE=2 -pthread -I/usr/local/include conftest.cpp >&5
In file included from conftest.cpp:34:
In file included from /usr/local/include/boost/chrono.hpp:17:
In file included from /usr/local/include/boost/chrono/include.hpp:16:
In file included from /usr/local/include/boost/chrono/chrono_io.hpp:29:
In file included from /usr/local/include/boost/chrono/io_v1/chrono_io.hpp:26:
In file included from /usr/local/include/boost/chrono/detail/scan_keyword.hpp:22:
In file included from /usr/local/include/boost/interprocess/smart_ptr/unique_ptr.hpp:22:
/usr/local/include/boost/interprocess/detail/utilities.hpp:162:4: warning: unused typedef 'boost_static_assert_typedef_162' [-Wunused-local-typedef]
   BOOST_STATIC_ASSERT(SztSizeOfType <= SizeType(-1));
   ^
/usr/local/include/boost/static_assert.hpp:170:16: note: expanded from macro 'BOOST_STATIC_ASSERT'
               BOOST_JOIN(boost_static_assert_typedef_, __LINE__) BOOST_STATIC_ASSERT_UNUSED_ATTRIBUTE
               ^
/usr/local/include/boost/config/suffix.hpp:544:28: note: expanded from macro 'BOOST_JOIN'
#define BOOST_JOIN( X, Y ) BOOST_DO_JOIN( X, Y )
                           ^
/usr/local/include/boost/config/suffix.hpp:545:31: note: expanded from macro 'BOOST_DO_JOIN'
#define BOOST_DO_JOIN( X, Y ) BOOST_DO_JOIN2(X,Y)
                              ^
/usr/local/include/boost/config/suffix.hpp:546:32: note: expanded from macro 'BOOST_DO_JOIN2'
#define BOOST_DO_JOIN2( X, Y ) X##Y
                               ^
<scratch space>:111:1: note: expanded from here
boost_static_assert_typedef_162
^
1 warning generated.
configure:11908: $? = 0
configure:11923: result: yes
configure:11939: checking for exit in -lboost_chrono-mt
configure:11964: g++ -o conftest -g -O2 -Wall -Wextra -Wformat -Wformat-security -Wno-unused-parameter  -Wstack-protector -fstack-protector-all -fPIE  -DBOOST_SPIRIT_THREADSAFE -DHAVE_BUILD_INFO -D__STDC_FORMAT_MACROS -isystem /opt/local/include -I/opt/local/include/db53 -I/usr/local/Cellar/berkeley-db5/5.3.28/include -DMAC_OSX  -U_FORTIFY_SOURCE -D_FORTIFY_SOURCE=2 -pthread -I/usr/local/include   -pie -Wl,-dead_strip -L/usr/local/lib conftest.cpp -lboost_chrono-mt   -L/opt/local/lib -L/opt/local/lib/db53 -L/usr/local/Cellar/berkeley-db5/5.3.28/lib >&5
clang: warning: argument unused during compilation: '-pie' [-Wunused-command-line-argument]
ld: warning: directory not found for option '-L/usr/local/Cellar/berkeley-db5/5.3.28/lib'
configure:11964: $? = 0
configure:11974: result: yes
configure:12341: g++ -o conftest -g -O2 -Wall -Wextra -Wformat -Wformat-security -Wno-unused-parameter  -Wstack-protector -fstack-protector-all -fPIE  -DBOOST_SPIRIT_THREADSAFE -DHAVE_BUILD_INFO -D__STDC_FORMAT_MACROS -isystem /opt/local/include -I/opt/local/include/db53 -I/usr/local/Cellar/berkeley-db5/5.3.28/include -DMAC_OSX  -U_FORTIFY_SOURCE -D_FORTIFY_SOURCE=2 -pthread -I/usr/local/include   -pie -Wl,-dead_strip conftest.cpp  -L/opt/local/lib -L/opt/local/lib/db53 -L/usr/local/Cellar/berkeley-db5/5.3.28/lib -L/usr/local/lib -lboost_system -lboost_filesystem -lboost_program_options-mt -lboost_thread-mt -lboost_chrono-mt  >&5
clang: warning: argument unused during compilation: '-pie' [-Wunused-command-line-argument]
In file included from conftest.cpp:36:
In file included from /usr/local/include/boost/thread/thread.hpp:12:
In file included from /usr/local/include/boost/thread/thread_only.hpp:17:
In file included from /usr/local/include/boost/thread/pthread/thread_data.hpp:18:
In file included from /usr/local/include/boost/optional.hpp:15:
/usr/local/include/boost/optional/optional.hpp:355:8: warning: unused typedef 'boost_static_assert_typedef_355' [-Wunused-local-typedef]
       BOOST_STATIC_ASSERT ( ::boost::mpl::not_<is_reference_predicate>::value ) ;
       ^
/usr/local/include/boost/static_assert.hpp:170:16: note: expanded from macro 'BOOST_STATIC_ASSERT'
               BOOST_JOIN(boost_static_assert_typedef_, __LINE__) BOOST_STATIC_ASSERT_UNUSED_ATTRIBUTE
               ^
/usr/local/include/boost/config/suffix.hpp:544:28: note: expanded from macro 'BOOST_JOIN'
#define BOOST_JOIN( X, Y ) BOOST_DO_JOIN( X, Y )
                           ^
/usr/local/include/boost/config/suffix.hpp:545:31: note: expanded from macro 'BOOST_DO_JOIN'
#define BOOST_DO_JOIN( X, Y ) BOOST_DO_JOIN2(X,Y)
                              ^
/usr/local/include/boost/config/suffix.hpp:546:32: note: expanded from macro 'BOOST_DO_JOIN2'
#define BOOST_DO_JOIN2( X, Y ) X##Y
                               ^
<scratch space>:97:1: note: expanded from here
boost_static_assert_typedef_355
^
In file included from conftest.cpp:36:
In file included from /usr/local/include/boost/thread/thread.hpp:12:
In file included from /usr/local/include/boost/thread/thread_only.hpp:17:
In file included from /usr/local/include/boost/thread/pthread/thread_data.hpp:18:
In file included from /usr/local/include/boost/optional.hpp:15:
/usr/local/include/boost/optional/optional.hpp:364:8: warning: unused typedef 'boost_static_assert_typedef_364' [-Wunused-local-typedef]
       BOOST_STATIC_ASSERT ( ::boost::mpl::not_<is_reference_predicate>::value ) ;
       ^
/usr/local/include/boost/static_assert.hpp:170:16: note: expanded from macro 'BOOST_STATIC_ASSERT'
               BOOST_JOIN(boost_static_assert_typedef_, __LINE__) BOOST_STATIC_ASSERT_UNUSED_ATTRIBUTE
               ^
/usr/local/include/boost/config/suffix.hpp:544:28: note: expanded from macro 'BOOST_JOIN'
#define BOOST_JOIN( X, Y ) BOOST_DO_JOIN( X, Y )
                           ^
/usr/local/include/boost/config/suffix.hpp:545:31: note: expanded from macro 'BOOST_DO_JOIN'
#define BOOST_DO_JOIN( X, Y ) BOOST_DO_JOIN2(X,Y)
                              ^
/usr/local/include/boost/config/suffix.hpp:546:32: note: expanded from macro 'BOOST_DO_JOIN2'
#define BOOST_DO_JOIN2( X, Y ) X##Y
                               ^
<scratch space>:99:1: note: expanded from here
boost_static_assert_typedef_364
^
In file included from conftest.cpp:36:
In file included from /usr/local/include/boost/thread/thread.hpp:12:
In file included from /usr/local/include/boost/thread/thread_only.hpp:22:
In file included from /usr/local/include/boost/thread/detail/thread.hpp:29:
In file included from /usr/local/include/boost/bind.hpp:22:
In file included from /usr/local/include/boost/bind/bind.hpp:29:
/usr/local/include/boost/bind/arg.hpp:37:22: warning: unused typedef 'T_must_be_placeholder' [-Wunused-local-typedef]
        typedef char T_must_be_placeholder[ I == is_placeholder<T>::value? 1: -1 ];
                     ^
3 warnings generated.
ld: warning: directory not found for option '-L/usr/local/Cellar/berkeley-db5/5.3.28/lib'
configure:12341: $? = 0
configure:12477: checking for SSL
configure:12484: $PKG_CONFIG --exists --print-errors "libssl"
configure:12487: $? = 0
configure:12501: $PKG_CONFIG --exists --print-errors "libssl"
configure:12504: $? = 0
configure:12542: result: yes
configure:12548: checking for CRYPTO
configure:12555: $PKG_CONFIG --exists --print-errors "libcrypto"
configure:12558: $? = 0
configure:12572: $PKG_CONFIG --exists --print-errors "libcrypto"
configure:12575: $? = 0
configure:12613: result: yes
configure:12622: checking for PROTOBUF
configure:12629: $PKG_CONFIG --exists --print-errors "protobuf"
configure:12632: $? = 0
configure:12646: $PKG_CONFIG --exists --print-errors "protobuf"
configure:12649: $? = 0
configure:12707: result: yes
configure:12722: checking for QR
configure:12729: $PKG_CONFIG --exists --print-errors "libqrencode"
Package libqrencode was not found in the pkg-config search path.
Perhaps you should add the directory containing `libqrencode.pc'
to the PKG_CONFIG_PATH environment variable
No package 'libqrencode' found
configure:12732: $? = 1
configure:12746: $PKG_CONFIG --exists --print-errors "libqrencode"
Package libqrencode was not found in the pkg-config search path.
Perhaps you should add the directory containing `libqrencode.pc'
to the PKG_CONFIG_PATH environment variable
No package 'libqrencode' found
configure:12749: $? = 1
configure:12763: result: no
No package 'libqrencode' found
configure:13086: checking for protoc
configure:13104: found /usr/local/bin/protoc
configure:13116: result: /usr/local/bin/protoc
configure:13149: checking whether to build smileycoind
configure:13159: result: yes
configure:13162: checking whether to build smileycoin-cli
configure:13172: result: yes
configure:13283: checking for QT
configure:13290: $PKG_CONFIG --exists --print-errors "$qt4_modules"
Package QtCore was not found in the pkg-config search path.
Perhaps you should add the directory containing `QtCore.pc'
to the PKG_CONFIG_PATH environment variable
No package 'QtCore' found
Package QtGui was not found in the pkg-config search path.
Perhaps you should add the directory containing `QtGui.pc'
to the PKG_CONFIG_PATH environment variable
No package 'QtGui' found
Package QtNetwork was not found in the pkg-config search path.
Perhaps you should add the directory containing `QtNetwork.pc'
to the PKG_CONFIG_PATH environment variable
No package 'QtNetwork' found
configure:13293: $? = 1
configure:13307: $PKG_CONFIG --exists --print-errors "$qt4_modules"
Package QtCore was not found in the pkg-config search path.
Perhaps you should add the directory containing `QtCore.pc'
to the PKG_CONFIG_PATH environment variable
No package 'QtCore' found
Package QtGui was not found in the pkg-config search path.
Perhaps you should add the directory containing `QtGui.pc'
to the PKG_CONFIG_PATH environment variable
No package 'QtGui' found
Package QtNetwork was not found in the pkg-config search path.
Perhaps you should add the directory containing `QtNetwork.pc'
to the PKG_CONFIG_PATH environment variable
No package 'QtNetwork' found
configure:13310: $? = 1
configure:13324: result: no
No package 'QtCore' found
No package 'QtGui' found
No package 'QtNetwork' found
configure:13430: checking for QT
configure:13437: $PKG_CONFIG --exists --print-errors "$qt5_modules"
configure:13440: $? = 0
configure:13454: $PKG_CONFIG --exists --print-errors "$qt5_modules"
configure:13457: $? = 0
configure:13495: result: yes
configure:13527: checking for QT_TEST
configure:13534: $PKG_CONFIG --exists --print-errors "${QT_LIB_PREFIX}Test"
configure:13537: $? = 0
configure:13551: $PKG_CONFIG --exists --print-errors "${QT_LIB_PREFIX}Test"
configure:13554: $? = 0
configure:13592: result: yes
configure:13599: checking for QT_DBUS
configure:13606: $PKG_CONFIG --exists --print-errors "${QT_LIB_PREFIX}DBus"
configure:13609: $? = 0
configure:13623: $PKG_CONFIG --exists --print-errors "${QT_LIB_PREFIX}DBus"
configure:13626: $? = 0
configure:13664: result: yes
configure:14664: checking for moc-qt5
configure:14697: result: no
configure:14664: checking for moc5
configure:14697: result: no
configure:14664: checking for moc
configure:14682: found /anaconda3/bin/moc
configure:14694: result: /anaconda3/bin/moc
configure:14782: checking for uic-qt5
configure:14815: result: no
configure:14782: checking for uic5
configure:14815: result: no
configure:14782: checking for uic
configure:14800: found /anaconda3/bin/uic
configure:14812: result: /anaconda3/bin/uic
configure:14900: checking for rcc-qt5
configure:14933: result: no
configure:14900: checking for rcc5
configure:14933: result: no
configure:14900: checking for rcc
configure:14918: found /anaconda3/bin/rcc
configure:14930: result: /anaconda3/bin/rcc
configure:15018: checking for lrelease-qt5
configure:15051: result: no
configure:15018: checking for lrelease5
configure:15051: result: no
configure:15018: checking for lrelease
configure:15036: found /anaconda3/bin/lrelease
configure:15048: result: /anaconda3/bin/lrelease
configure:15136: checking for lupdate-qt5
configure:15169: result: no
configure:15136: checking for lupdate5
configure:15169: result: no
configure:15136: checking for lupdate
configure:15154: found /anaconda3/bin/lupdate
configure:15166: result: /anaconda3/bin/lupdate
configure:15209: checking whether the linker accepts -framework Foundation -framework ApplicationServices -framework AppKit
configure:15228: g++ -o conftest -g -O2 -Wall -Wextra -Wformat -Wformat-security -Wno-unused-parameter  -Wstack-protector -fstack-protector-all -fPIE  -DBOOST_SPIRIT_THREADSAFE -DHAVE_BUILD_INFO -D__STDC_FORMAT_MACROS -isystem /opt/local/include -I/opt/local/include/db53 -I/usr/local/Cellar/berkeley-db5/5.3.28/include -DMAC_OSX  -U_FORTIFY_SOURCE -D_FORTIFY_SOURCE=2   -pie -Wl,-dead_strip  -framework Foundation -framework ApplicationServices -framework AppKit conftest.cpp  -L/opt/local/lib -L/opt/local/lib/db53 -L/usr/local/Cellar/berkeley-db5/5.3.28/lib -L/usr/local/Cellar/openssl/1.0.2t/lib -lssl -L/usr/local/Cellar/openssl/1.0.2t/lib -lcrypto >&5
clang: warning: argument unused during compilation: '-pie' [-Wunused-command-line-argument]
ld: warning: directory not found for option '-L/usr/local/Cellar/berkeley-db5/5.3.28/lib'
configure:15228: $? = 0
configure:15238: result: yes
configure:15304: checking whether to build Bitcoin Core GUI
configure:15334: result: yes (Qt5)
configure:15357: checking if ccache should be used
configure:15370: result: no
configure:15374: checking if wallet should be enabled
configure:15377: result: yes
configure:15390: checking whether to build with support for UPnP
configure:15396: result: no
configure:15428: checking whether to build GUI with support for D-Bus
configure:15435: result: yes
configure:15438: checking whether to build GUI with support for QR codes
configure:15444: result: no
configure:15465: checking whether to build test_smileycoin-qt
configure:15472: result: no
configure:15477: checking whether to build test_smileycoin
configure:15484: result: no
configure:15494: checking whether EVP_MD_CTX_new is declared
configure:15494: gcc -c -g -O2  -DBOOST_SPIRIT_THREADSAFE -DHAVE_BUILD_INFO -D__STDC_FORMAT_MACROS -isystem /opt/local/include -I/opt/local/include/db53 -I/usr/local/Cellar/berkeley-db5/5.3.28/include -DMAC_OSX  -U_FORTIFY_SOURCE -D_FORTIFY_SOURCE=2 conftest.c >&5
conftest.c:81:10: error: use of undeclared identifier 'EVP_MD_CTX_new'
  (void) EVP_MD_CTX_new;
         ^
1 error generated.
configure:15494: $? = 1
configure: failed program was:
| /* confdefs.h */
| #define PACKAGE_NAME "Smileycoin Core"
| #define PACKAGE_TARNAME "smileycoin"
| #define PACKAGE_VERSION "2.2.4"
| #define PACKAGE_STRING "Smileycoin Core 2.2.4"
| #define PACKAGE_BUGREPORT "smlyarad@smlyarad.is"
| #define PACKAGE_URL ""
| #define STDC_HEADERS 1
| #define HAVE_SYS_TYPES_H 1
| #define HAVE_SYS_STAT_H 1
| #define HAVE_STDLIB_H 1
| #define HAVE_STRING_H 1
| #define HAVE_MEMORY_H 1
| #define HAVE_STRINGS_H 1
| #define HAVE_INTTYPES_H 1
| #define HAVE_STDINT_H 1
| #define HAVE_UNISTD_H 1
| #define HAVE_PTHREAD_PRIO_INHERIT 1
| #define HAVE_PTHREAD 1
| #define HAVE_DECL_STRERROR_R 1
| #define HAVE_STRERROR_R 1
| #define HAVE_STDIO_H 1
| #define HAVE_STDLIB_H 1
| #define HAVE_UNISTD_H 1
| #define HAVE_STRINGS_H 1
| #define HAVE_SYS_TYPES_H 1
| #define HAVE_SYS_STAT_H 1
| #define HAVE_BOOST /**/
| #define HAVE_BOOST_SYSTEM /**/
| #define HAVE_BOOST_FILESYSTEM /**/
| #define HAVE_BOOST_PROGRAM_OPTIONS /**/
| #define HAVE_BOOST_THREAD /**/
| #define HAVE_BOOST_CHRONO /**/
| #define HAVE_WORKING_BOOST_SLEEP_FOR 1
| #define ENABLE_WALLET 1
| #define USE_DBUS 1
| /* end confdefs.h.  */
| #include <stdio.h>
| #ifdef HAVE_SYS_TYPES_H
| # include <sys/types.h>
| #endif
| #ifdef HAVE_SYS_STAT_H
| # include <sys/stat.h>
| #endif
| #ifdef STDC_HEADERS
| # include <stdlib.h>
| # include <stddef.h>
| #else
| # ifdef HAVE_STDLIB_H
| #  include <stdlib.h>
| # endif
| #endif
| #ifdef HAVE_STRING_H
| # if !defined STDC_HEADERS && defined HAVE_MEMORY_H
| #  include <memory.h>
| # endif
| # include <string.h>
| #endif
| #ifdef HAVE_STRINGS_H
| # include <strings.h>
| #endif
| #ifdef HAVE_INTTYPES_H
| # include <inttypes.h>
| #endif
| #ifdef HAVE_STDINT_H
| # include <stdint.h>
| #endif
| #ifdef HAVE_UNISTD_H
| # include <unistd.h>
| #endif
| #include <openssl/x509_vfy.h>
| 
| 
| int
| main ()
| {
| #ifndef EVP_MD_CTX_new
| #ifdef __cplusplus
|   (void) EVP_MD_CTX_new;
| #else
|   (void) EVP_MD_CTX_new;
| #endif
| #endif
| 
|   ;
|   return 0;
| }
configure:15494: result: no
configure:15735: checking that generated files are newer than configure
configure:15741: result: done
configure:15829: creating ./config.status

## ---------------- ##
## Cache variables. ##
## ---------------- ##

ac_cv_build=x86_64-apple-darwin18.7.0
ac_cv_c_bigendian=no
ac_cv_c_compiler_gnu=yes
ac_cv_cxx_compiler_gnu=yes
ac_cv_env_CCC_set=
ac_cv_env_CCC_value=
ac_cv_env_CC_set=
ac_cv_env_CC_value=
ac_cv_env_CFLAGS_set=
ac_cv_env_CFLAGS_value=
ac_cv_env_CPPFLAGS_set=
ac_cv_env_CPPFLAGS_value=
ac_cv_env_CPP_set=
ac_cv_env_CPP_value=
ac_cv_env_CRYPTO_CFLAGS_set=
ac_cv_env_CRYPTO_CFLAGS_value=
ac_cv_env_CRYPTO_LIBS_set=
ac_cv_env_CRYPTO_LIBS_value=
ac_cv_env_CXXCPP_set=
ac_cv_env_CXXCPP_value=
ac_cv_env_CXXFLAGS_set=
ac_cv_env_CXXFLAGS_value=
ac_cv_env_CXX_set=
ac_cv_env_CXX_value=
ac_cv_env_LDFLAGS_set=
ac_cv_env_LDFLAGS_value=
ac_cv_env_LIBS_set=
ac_cv_env_LIBS_value=
ac_cv_env_OBJCFLAGS_set=
ac_cv_env_OBJCFLAGS_value=
ac_cv_env_OBJCXXFLAGS_set=
ac_cv_env_OBJCXXFLAGS_value=
ac_cv_env_OBJCXX_set=
ac_cv_env_OBJCXX_value=
ac_cv_env_OBJC_set=
ac_cv_env_OBJC_value=
ac_cv_env_PKG_CONFIG_LIBDIR_set=
ac_cv_env_PKG_CONFIG_LIBDIR_value=
ac_cv_env_PKG_CONFIG_PATH_set=
ac_cv_env_PKG_CONFIG_PATH_value=
ac_cv_env_PKG_CONFIG_set=
ac_cv_env_PKG_CONFIG_value=
ac_cv_env_PROTOBUF_CFLAGS_set=
ac_cv_env_PROTOBUF_CFLAGS_value=
ac_cv_env_PROTOBUF_LIBS_set=
ac_cv_env_PROTOBUF_LIBS_value=
ac_cv_env_QR_CFLAGS_set=
ac_cv_env_QR_CFLAGS_value=
ac_cv_env_QR_LIBS_set=
ac_cv_env_QR_LIBS_value=
ac_cv_env_QT_CFLAGS_set=
ac_cv_env_QT_CFLAGS_value=
ac_cv_env_QT_DBUS_CFLAGS_set=
ac_cv_env_QT_DBUS_CFLAGS_value=
ac_cv_env_QT_DBUS_LIBS_set=
ac_cv_env_QT_DBUS_LIBS_value=
ac_cv_env_QT_LIBS_set=
ac_cv_env_QT_LIBS_value=
ac_cv_env_QT_TEST_CFLAGS_set=
ac_cv_env_QT_TEST_CFLAGS_value=
ac_cv_env_QT_TEST_LIBS_set=
ac_cv_env_QT_TEST_LIBS_value=
ac_cv_env_SSL_CFLAGS_set=
ac_cv_env_SSL_CFLAGS_value=
ac_cv_env_SSL_LIBS_set=
ac_cv_env_SSL_LIBS_value=
ac_cv_env_build_alias_set=
ac_cv_env_build_alias_value=
ac_cv_env_host_alias_set=
ac_cv_env_host_alias_value=
ac_cv_env_target_alias_set=
ac_cv_env_target_alias_value=
ac_cv_func_strerror_r=yes
ac_cv_func_strerror_r_char_p=no
ac_cv_have_decl_EVP_MD_CTX_new=no
ac_cv_have_decl_strerror_r=yes
ac_cv_header_inttypes_h=yes
ac_cv_header_memory_h=yes
ac_cv_header_miniupnpc_miniupnpc_h=no
ac_cv_header_miniupnpc_miniwget_h=no
ac_cv_header_miniupnpc_upnpcommands_h=no
ac_cv_header_miniupnpc_upnperrors_h=no
ac_cv_header_stdc=yes
ac_cv_header_stdint_h=yes
ac_cv_header_stdio_h=yes
ac_cv_header_stdlib_h=yes
ac_cv_header_string_h=yes
ac_cv_header_strings_h=yes
ac_cv_header_sys_stat_h=yes
ac_cv_header_sys_types_h=yes
ac_cv_header_unistd_h=yes
ac_cv_host=x86_64-apple-darwin18.7.0
ac_cv_lib_boost_chrono_mt___exit=yes
ac_cv_lib_boost_filesystem___exit=yes
ac_cv_lib_boost_program_options_mt___exit=yes
ac_cv_lib_boost_system___exit=yes
ac_cv_lib_boost_thread_mt___exit=yes
ac_cv_lib_db_cxx_5_3___main=yes
ac_cv_lib_miniupnpc_main=no
ac_cv_objc_compiler_gnu=yes
ac_cv_objcxx_compiler_gnu=yes
ac_cv_objext=o
ac_cv_path_EGREP='/usr/bin/grep -E'
ac_cv_path_GIT=/usr/bin/git
ac_cv_path_GREP=/usr/bin/grep
ac_cv_path_HEXDUMP=/usr/bin/hexdump
ac_cv_path_JAVA=/usr/bin/java
ac_cv_path_LRELEASE=/anaconda3/bin/lrelease
ac_cv_path_LUPDATE=/anaconda3/bin/lupdate
ac_cv_path_MOC=/anaconda3/bin/moc
ac_cv_path_PROTOC=/usr/local/bin/protoc
ac_cv_path_RCC=/anaconda3/bin/rcc
ac_cv_path_SED=/usr/bin/sed
ac_cv_path_UIC=/anaconda3/bin/uic
ac_cv_path_XGETTEXT=/anaconda3/bin/xgettext
ac_cv_path_ac_pt_AR=/usr/bin/ar
ac_cv_path_ac_pt_GCOV=/usr/bin/gcov
ac_cv_path_ac_pt_PKG_CONFIG=/usr/local/bin/pkg-config
ac_cv_path_ac_pt_RANLIB=/usr/bin/ranlib
ac_cv_path_ac_pt_STRIP=/usr/bin/strip
ac_cv_path_install='/usr/bin/install -c'
ac_cv_prog_AWK=awk
ac_cv_prog_BREW=brew
ac_cv_prog_CPP='gcc -E'
ac_cv_prog_CXXCPP='g++ -E'
ac_cv_prog_PORT=port
ac_cv_prog_ac_ct_CC=gcc
ac_cv_prog_ac_ct_CXX=g++
ac_cv_prog_ac_ct_OBJC=gcc
ac_cv_prog_ac_ct_OBJCXX=g++
ac_cv_prog_cc_c89=
ac_cv_prog_cc_g=yes
ac_cv_prog_cxx_g=yes
ac_cv_prog_make_make_set=yes
ac_cv_prog_objc_g=yes
ac_cv_prog_objcxx_g=yes
ac_cv_sys_file_offset_bits=no
ac_cv_sys_largefile_CC=no
am_cv_CC_dependencies_compiler_type=gcc3
am_cv_CXX_dependencies_compiler_type=gcc3
am_cv_OBJCXX_dependencies_compiler_type=gcc3
am_cv_OBJC_dependencies_compiler_type=gcc3
am_cv_make_support_nested_variables=yes
am_cv_prog_cc_c_o=yes
ax_cv_PTHREAD_PRIO_INHERIT=yes
ax_cv_boost_chrono=yes
ax_cv_boost_filesystem=yes
ax_cv_boost_program_options=yes
ax_cv_boost_system=yes
ax_cv_boost_thread=yes
ax_cv_check_cxxcppflags___D_FORTIFY_SOURCE_2=yes
ax_cv_check_cxxcppflags___U_FORTIFY_SOURCE=yes
ax_cv_check_cxxflags___Wstack_protector=yes
ax_cv_check_cxxflags___fPIE=yes
ax_cv_check_cxxflags___fstack_protector_all=yes
ax_cv_check_ldflags___Wl___dynamicbase=no
ax_cv_check_ldflags___Wl___large_address_aware=no
ax_cv_check_ldflags___Wl___nxcompat=no
ax_cv_check_ldflags___Wl__dead_strip=yes
ax_cv_check_ldflags___Wl__z_now=no
ax_cv_check_ldflags___Wl__z_relro=no
ax_cv_check_ldflags___framework_Foundation__framework_ApplicationServices__framework_AppKit=yes
ax_cv_check_ldflags___pie=yes
pkg_cv_CRYPTO_CFLAGS=-I/usr/local/Cellar/openssl/1.0.2t/include
pkg_cv_CRYPTO_LIBS='-L/usr/local/Cellar/openssl/1.0.2t/lib -lcrypto'
pkg_cv_PROTOBUF_CFLAGS='-pthread -I/usr/local/Cellar/protobuf/3.10.0/include'
pkg_cv_PROTOBUF_LIBS='-L/usr/local/Cellar/protobuf/3.10.0/lib -lprotobuf'
pkg_cv_QT_CFLAGS='-DQT_NETWORK_LIB -F/usr/local/Cellar/qt/5.13.2/lib -DQT_WIDGETS_LIB -F/usr/local/Cellar/qt/5.13.2/lib -DQT_GUI_LIB -F/usr/local/Cellar/qt/5.13.2/lib -DQT_CORE_LIB -F/usr/local/Cellar/qt/5.13.2/lib -I/usr/local/Cellar/qt/5.13.2/lib/QtNetwork.framework/Headers -I/usr/local/Cellar/qt/5.13.2/lib/QtWidgets.framework/Headers -I/usr/local/Cellar/qt/5.13.2/lib/QtGui.framework/Headers -I/usr/local/Cellar/qt/5.13.2/lib/QtCore.framework/Headers'
pkg_cv_QT_DBUS_CFLAGS='-DQT_DBUS_LIB -F/usr/local/Cellar/qt/5.13.2/lib -DQT_CORE_LIB -F/usr/local/Cellar/qt/5.13.2/lib -I/usr/local/Cellar/qt/5.13.2/lib/QtDBus.framework/Headers -I/usr/local/Cellar/qt/5.13.2/lib/QtCore.framework/Headers'
pkg_cv_QT_DBUS_LIBS='-F/usr/local/Cellar/qt/5.13.2/lib -framework QtDBus -F/usr/local/Cellar/qt/5.13.2/lib -framework QtCore'
pkg_cv_QT_LIBS='-F/usr/local/Cellar/qt/5.13.2/lib -framework QtNetwork -F/usr/local/Cellar/qt/5.13.2/lib -framework QtWidgets -F/usr/local/Cellar/qt/5.13.2/lib -framework QtGui -F/usr/local/Cellar/qt/5.13.2/lib -framework QtCore'
pkg_cv_QT_TEST_CFLAGS='-DQT_TESTLIB_LIB -F/usr/local/Cellar/qt/5.13.2/lib -DQT_CORE_LIB -F/usr/local/Cellar/qt/5.13.2/lib -I/usr/local/Cellar/qt/5.13.2/lib/QtTest.framework/Headers -I/usr/local/Cellar/qt/5.13.2/lib/QtCore.framework/Headers'
pkg_cv_QT_TEST_LIBS='-F/usr/local/Cellar/qt/5.13.2/lib -framework QtTest -F/usr/local/Cellar/qt/5.13.2/lib -framework QtCore'
pkg_cv_SSL_CFLAGS=-I/usr/local/Cellar/openssl/1.0.2t/include
pkg_cv_SSL_LIBS='-L/usr/local/Cellar/openssl/1.0.2t/lib -lssl'

## ----------------- ##
## Output variables. ##
## ----------------- ##

ACLOCAL='${SHELL} /Users/freyja/Documents/HI/Rafmyntir/rafmyntir/src/build-aux/missing aclocal-1.16'
AMDEPBACKSLASH='\'
AMDEP_FALSE='#'
AMDEP_TRUE=''
AMTAR='$${TAR-tar}'
AM_BACKSLASH='\'
AM_CPPFLAGS=''
AM_DEFAULT_V='$(AM_DEFAULT_VERBOSITY)'
AM_DEFAULT_VERBOSITY='0'
AM_V='$(V)'
AR='/usr/bin/ar'
AUTOCONF='${SHELL} /Users/freyja/Documents/HI/Rafmyntir/rafmyntir/src/build-aux/missing autoconf'
AUTOHEADER='${SHELL} /Users/freyja/Documents/HI/Rafmyntir/rafmyntir/src/build-aux/missing autoheader'
AUTOMAKE='${SHELL} /Users/freyja/Documents/HI/Rafmyntir/rafmyntir/src/build-aux/missing automake-1.16'
AWK='awk'
BDB_CPPFLAGS=' -I/opt/local/include/db53/'
BDB_LIBS='-ldb_cxx-5.3'
BOOST_CHRONO_LIB='-lboost_chrono-mt '
BOOST_CPPFLAGS='-pthread -I/usr/local/include'
BOOST_FILESYSTEM_LIB='-lboost_filesystem'
BOOST_LDFLAGS='-L/usr/local/lib'
BOOST_LIBS='-L/usr/local/lib -lboost_system -lboost_filesystem -lboost_program_options-mt -lboost_thread-mt -lboost_chrono-mt '
BOOST_PROGRAM_OPTIONS_LIB='-lboost_program_options-mt'
BOOST_SYSTEM_LIB='-lboost_system'
BOOST_THREAD_LIB='-lboost_thread-mt'
BOOST_UNIT_TEST_FRAMEWORK_LIB=''
BREW='brew'
BUILD_BITCOIND_FALSE='#'
BUILD_BITCOIND_TRUE=''
BUILD_BITCOIN_CLI_FALSE='#'
BUILD_BITCOIN_CLI_TRUE=''
BUILD_DARWIN_FALSE='#'
BUILD_DARWIN_TRUE=''
BUILD_QT='qt'
BUILD_TEST=''
BUILD_TEST_QT=''
CC='gcc'
CCACHE=''
CCDEPMODE='depmode=gcc3'
CFLAGS='-g -O2'
CLIENT_VERSION_BUILD='0'
CLIENT_VERSION_IS_RELEASE='true'
CLIENT_VERSION_MAJOR='2'
CLIENT_VERSION_MINOR='2'
CLIENT_VERSION_REVISION='4'
COMPARISON_TOOL_REORG_TESTS='0'
COPYRIGHT_YEAR='2019'
CPP='gcc -E'
CPPFLAGS=' -DBOOST_SPIRIT_THREADSAFE -DHAVE_BUILD_INFO -D__STDC_FORMAT_MACROS -isystem /opt/local/include -I/opt/local/include/db53 -I/usr/local/Cellar/berkeley-db5/5.3.28/include -DMAC_OSX  -U_FORTIFY_SOURCE -D_FORTIFY_SOURCE=2'
CRYPTO_CFLAGS='-I/usr/local/Cellar/openssl/1.0.2t/include'
CRYPTO_LIBS='-L/usr/local/Cellar/openssl/1.0.2t/lib -lcrypto'
CXX='g++'
CXXCPP='g++ -E'
CXXDEPMODE='depmode=gcc3'
CXXFLAGS='-g -O2 -Wall -Wextra -Wformat -Wformat-security -Wno-unused-parameter  -Wstack-protector -fstack-protector-all -fPIE'
CYGPATH_W='echo'
DEFS='-DHAVE_CONFIG_H'
DEPDIR='.deps'
ECHO_C='\c'
ECHO_N=''
ECHO_T=''
EGREP='/usr/bin/grep -E'
EMBEDDED_LEVELDB_FALSE='#'
EMBEDDED_LEVELDB_TRUE=''
ENABLE_WALLET_FALSE='#'
ENABLE_WALLET_TRUE=''
EXEEXT=''
GCOV='/usr/bin/gcov'
GENHTML=''
GENISOIMAGE=''
GIT='/usr/bin/git'
GLIBC_BACK_COMPAT_FALSE=''
GLIBC_BACK_COMPAT_TRUE='#'
GREP='/usr/bin/grep'
HEXDUMP='/usr/bin/hexdump'
INSTALLNAMETOOL=''
INSTALL_DATA='${INSTALL} -m 644'
INSTALL_PROGRAM='${INSTALL}'
INSTALL_SCRIPT='${INSTALL}'
INSTALL_STRIP_PROGRAM='$(install_sh) -c -s'
JAVA='/usr/bin/java'
JAVA_COMPARISON_TOOL=''
LCOV=''
LDFLAGS='  -pie -Wl,-dead_strip'
LEVELDB_CPPFLAGS=''
LEVELDB_TARGET_FLAGS='TARGET_OS=Darwin'
LIBLEVELDB=''
LIBMEMENV=''
LIBOBJS=''
LIBS=' -L/opt/local/lib -L/opt/local/lib/db53 -L/usr/local/Cellar/berkeley-db5/5.3.28/lib -L/usr/local/Cellar/openssl/1.0.2t/lib -lssl -L/usr/local/Cellar/openssl/1.0.2t/lib -lcrypto'
LN_S='ln -s'
LRELEASE='/anaconda3/bin/lrelease'
LTLIBOBJS=''
LUPDATE='/anaconda3/bin/lupdate'
MAINT=''
MAINTAINER_MODE_FALSE='#'
MAINTAINER_MODE_TRUE=''
MAKEINFO='${SHELL} /Users/freyja/Documents/HI/Rafmyntir/rafmyntir/src/build-aux/missing makeinfo'
MAKENSIS=''
MKDIR_P='src/build-aux/install-sh -c -d'
MOC='/anaconda3/bin/moc'
MOC_DEFS='-DHAVE_CONFIG_H -I$(top_srcdir)/src -DQ_OS_MAC'
OBJC='gcc'
OBJCDEPMODE='depmode=gcc3'
OBJCFLAGS='-g -O2'
OBJCXX='g++'
OBJCXXDEPMODE='depmode=gcc3'
OBJCXXFLAGS='-g -O2 -Wall -Wextra -Wformat -Wformat-security -Wno-unused-parameter  -Wstack-protector -fstack-protector-all -fPIE'
OBJEXT='o'
OTOOL=''
PACKAGE='smileycoin'
PACKAGE_BUGREPORT='smlyarad@smlyarad.is'
PACKAGE_NAME='Smileycoin Core'
PACKAGE_STRING='Smileycoin Core 2.2.4'
PACKAGE_TARNAME='smileycoin'
PACKAGE_URL=''
PACKAGE_VERSION='2.2.4'
PATH_SEPARATOR=':'
PKG_CONFIG='/usr/local/bin/pkg-config'
PKG_CONFIG_LIBDIR=''
PKG_CONFIG_PATH='/usr/local/opt/openssl/lib/pkgconfig:'
PORT='port'
PROTOBUF_CFLAGS='-pthread -I/usr/local/Cellar/protobuf/3.10.0/include'
PROTOBUF_LIBS='-L/usr/local/Cellar/protobuf/3.10.0/lib -lprotobuf'
PROTOC='/usr/local/bin/protoc'
PTHREAD_CC='gcc'
PTHREAD_CFLAGS='-D_THREAD_SAFE -pthread'
PTHREAD_LIBS=''
QR_CFLAGS=''
QR_LIBS=''
QT_CFLAGS='-DQT_NETWORK_LIB -F/usr/local/Cellar/qt/5.13.2/lib -DQT_WIDGETS_LIB -F/usr/local/Cellar/qt/5.13.2/lib -DQT_GUI_LIB -F/usr/local/Cellar/qt/5.13.2/lib -DQT_CORE_LIB -F/usr/local/Cellar/qt/5.13.2/lib -I/usr/local/Cellar/qt/5.13.2/lib/QtNetwork.framework/Headers -I/usr/local/Cellar/qt/5.13.2/lib/QtWidgets.framework/Headers -I/usr/local/Cellar/qt/5.13.2/lib/QtGui.framework/Headers -I/usr/local/Cellar/qt/5.13.2/lib/QtCore.framework/Headers'
QT_DBUS_CFLAGS='-DQT_DBUS_LIB -F/usr/local/Cellar/qt/5.13.2/lib -DQT_CORE_LIB -F/usr/local/Cellar/qt/5.13.2/lib -I/usr/local/Cellar/qt/5.13.2/lib/QtDBus.framework/Headers -I/usr/local/Cellar/qt/5.13.2/lib/QtCore.framework/Headers'
QT_DBUS_INCLUDES='-DQT_DBUS_LIB -F/usr/local/Cellar/qt/5.13.2/lib -DQT_CORE_LIB -F/usr/local/Cellar/qt/5.13.2/lib -I/usr/local/Cellar/qt/5.13.2/lib/QtDBus.framework/Headers -I/usr/local/Cellar/qt/5.13.2/lib/QtCore.framework/Headers'
QT_DBUS_LIBS='-F/usr/local/Cellar/qt/5.13.2/lib -framework QtDBus -F/usr/local/Cellar/qt/5.13.2/lib -framework QtCore'
QT_INCLUDES='-DQT_NETWORK_LIB -F/usr/local/Cellar/qt/5.13.2/lib -DQT_WIDGETS_LIB -F/usr/local/Cellar/qt/5.13.2/lib -DQT_GUI_LIB -F/usr/local/Cellar/qt/5.13.2/lib -DQT_CORE_LIB -F/usr/local/Cellar/qt/5.13.2/lib -I/usr/local/Cellar/qt/5.13.2/lib/QtNetwork.framework/Headers -I/usr/local/Cellar/qt/5.13.2/lib/QtWidgets.framework/Headers -I/usr/local/Cellar/qt/5.13.2/lib/QtGui.framework/Headers -I/usr/local/Cellar/qt/5.13.2/lib/QtCore.framework/Headers'
QT_LDFLAGS=''
QT_LIBS='-F/usr/local/Cellar/qt/5.13.2/lib -framework QtNetwork -F/usr/local/Cellar/qt/5.13.2/lib -framework QtWidgets -F/usr/local/Cellar/qt/5.13.2/lib -framework QtGui -F/usr/local/Cellar/qt/5.13.2/lib -framework QtCore -framework Foundation -framework ApplicationServices -framework AppKit'
QT_SELECT='qt5'
QT_TEST_CFLAGS='-DQT_TESTLIB_LIB -F/usr/local/Cellar/qt/5.13.2/lib -DQT_CORE_LIB -F/usr/local/Cellar/qt/5.13.2/lib -I/usr/local/Cellar/qt/5.13.2/lib/QtTest.framework/Headers -I/usr/local/Cellar/qt/5.13.2/lib/QtCore.framework/Headers'
QT_TEST_INCLUDES='-DQT_TESTLIB_LIB -F/usr/local/Cellar/qt/5.13.2/lib -DQT_CORE_LIB -F/usr/local/Cellar/qt/5.13.2/lib -I/usr/local/Cellar/qt/5.13.2/lib/QtTest.framework/Headers -I/usr/local/Cellar/qt/5.13.2/lib/QtCore.framework/Headers'
QT_TEST_LIBS='-F/usr/local/Cellar/qt/5.13.2/lib -framework QtTest -F/usr/local/Cellar/qt/5.13.2/lib -framework QtCore'
RANLIB='/usr/bin/ranlib'
RCC='/anaconda3/bin/rcc'
SED='/usr/bin/sed'
SET_MAKE=''
SHELL='/bin/sh'
SSL_CFLAGS='-I/usr/local/Cellar/openssl/1.0.2t/include'
SSL_LIBS='-L/usr/local/Cellar/openssl/1.0.2t/lib -lssl'
STRIP='/usr/bin/strip'
TARGET_DARWIN_FALSE='#'
TARGET_DARWIN_TRUE=''
TARGET_WINDOWS_FALSE=''
TARGET_WINDOWS_TRUE='#'
TESTDEFS=''
UIC='/anaconda3/bin/uic'
USE_COMPARISON_TOOL_FALSE=''
USE_COMPARISON_TOOL_REORG_TESTS_FALSE='#'
USE_COMPARISON_TOOL_REORG_TESTS_TRUE=''
USE_COMPARISON_TOOL_TRUE='#'
USE_LCOV_FALSE=''
USE_LCOV_TRUE='#'
USE_QRCODE=''
USE_QRCODE_FALSE=''
USE_QRCODE_TRUE='#'
USE_UPNP=''
VERSION='2.2.4'
WINDOWS_BITS=''
WINDRES=''
XGETTEXT='/anaconda3/bin/xgettext'
ac_ct_CC='gcc'
ac_ct_CXX='g++'
ac_ct_OBJC='gcc'
ac_ct_OBJCXX='g++'
am__EXEEXT_FALSE=''
am__EXEEXT_TRUE='#'
am__fastdepCC_FALSE='#'
am__fastdepCC_TRUE=''
am__fastdepCXX_FALSE='#'
am__fastdepCXX_TRUE=''
am__fastdepOBJCXX_FALSE='#'
am__fastdepOBJCXX_TRUE=''
am__fastdepOBJC_FALSE='#'
am__fastdepOBJC_TRUE=''
am__include='include'
am__isrc=''
am__leading_dot='.'
am__nodep='_no'
am__quote=''
am__tar='$${TAR-tar} chof - "$$tardir"'
am__untar='$${TAR-tar} xf -'
ax_pthread_config=''
bindir='${exec_prefix}/bin'
build='x86_64-apple-darwin18.7.0'
build_alias=''
build_cpu='x86_64'
build_os='darwin18.7.0'
build_vendor='apple'
datadir='${datarootdir}'
datarootdir='${prefix}/share'
docdir='${datarootdir}/doc/${PACKAGE_TARNAME}'
dvidir='${docdir}'
exec_prefix='${prefix}'
host='x86_64-apple-darwin18.7.0'
host_alias=''
host_cpu='x86_64'
host_os='darwin18.7.0'
host_vendor='apple'
htmldir='${docdir}'
includedir='${prefix}/include'
infodir='${datarootdir}/info'
install_sh='${SHELL} /Users/freyja/Documents/HI/Rafmyntir/rafmyntir/src/build-aux/install-sh'
libdir='${exec_prefix}/lib'
libexecdir='${exec_prefix}/libexec'
localedir='${datarootdir}/locale'
localstatedir='${prefix}/var'
mandir='${datarootdir}/man'
mkdir_p='$(MKDIR_P)'
oldincludedir='/usr/include'
pdfdir='${docdir}'
prefix='/usr/local'
program_transform_name='s,x,x,'
psdir='${docdir}'
sbindir='${exec_prefix}/sbin'
sharedstatedir='${prefix}/com'
sysconfdir='${prefix}/etc'
target_alias=''

## ----------- ##
## confdefs.h. ##
## ----------- ##

/* confdefs.h */
#define PACKAGE_NAME "Smileycoin Core"
#define PACKAGE_TARNAME "smileycoin"
#define PACKAGE_VERSION "2.2.4"
#define PACKAGE_STRING "Smileycoin Core 2.2.4"
#define PACKAGE_BUGREPORT "smlyarad@smlyarad.is"
#define PACKAGE_URL ""
#define STDC_HEADERS 1
#define HAVE_SYS_TYPES_H 1
#define HAVE_SYS_STAT_H 1
#define HAVE_STDLIB_H 1
#define HAVE_STRING_H 1
#define HAVE_MEMORY_H 1
#define HAVE_STRINGS_H 1
#define HAVE_INTTYPES_H 1
#define HAVE_STDINT_H 1
#define HAVE_UNISTD_H 1
#define HAVE_PTHREAD_PRIO_INHERIT 1
#define HAVE_PTHREAD 1
#define HAVE_DECL_STRERROR_R 1
#define HAVE_STRERROR_R 1
#define HAVE_STDIO_H 1
#define HAVE_STDLIB_H 1
#define HAVE_UNISTD_H 1
#define HAVE_STRINGS_H 1
#define HAVE_SYS_TYPES_H 1
#define HAVE_SYS_STAT_H 1
#define HAVE_BOOST /**/
#define HAVE_BOOST_SYSTEM /**/
#define HAVE_BOOST_FILESYSTEM /**/
#define HAVE_BOOST_PROGRAM_OPTIONS /**/
#define HAVE_BOOST_THREAD /**/
#define HAVE_BOOST_CHRONO /**/
#define HAVE_WORKING_BOOST_SLEEP_FOR 1
#define ENABLE_WALLET 1
#define USE_DBUS 1
#define HAVE_DECL_EVP_MD_CTX_NEW 0
#define CLIENT_VERSION_MAJOR 2
#define CLIENT_VERSION_MINOR 2
#define CLIENT_VERSION_REVISION 4
#define CLIENT_VERSION_BUILD 0
#define CLIENT_VERSION_IS_RELEASE true
#define COPYRIGHT_YEAR 2019

configure: exit 0

## ---------------------- ##
## Running config.status. ##
## ---------------------- ##

This file was extended by Smileycoin Core config.status 2.2.4, which was
generated by GNU Autoconf 2.69.  Invocation command line was

  CONFIG_FILES    = 
  CONFIG_HEADERS  = 
  CONFIG_LINKS    = 
  CONFIG_COMMANDS = 
  $ ./config.status 

on htgi-dw0946.rhi.hi.is

config.status:1029: creating Makefile
config.status:1029: creating src/Makefile
config.status:1029: creating src/test/Makefile
config.status:1029: creating src/qt/Makefile
config.status:1029: creating src/qt/test/Makefile
config.status:1029: creating misc/share/qt/Info.plist
config.status:1029: creating src/bitcoin-config.h
config.status:1210: src/bitcoin-config.h is unchanged
config.status:1258: executing depfiles commands
config.status:1335: cd src       && sed -e '/# am--include-marker/d' Makefile         | make -f - am--depfiles
make[1]: Nothing to be done for `am--depfiles'.
config.status:1340: $? = 0
config.status:1335: cd src/test       && sed -e '/# am--include-marker/d' Makefile         | make -f - am--depfiles
make[1]: Nothing to be done for `am--depfiles'.
config.status:1340: $? = 0
config.status:1335: cd src/qt       && sed -e '/# am--include-marker/d' Makefile         | make -f - am--depfiles
make[1]: Nothing to be done for `am--depfiles'.
config.status:1340: $? = 0
config.status:1335: cd src/qt/test       && sed -e '/# am--include-marker/d' Makefile         | make -f - am--depfiles
make[1]: Nothing to be done for `am--depfiles'.
config.status:1340: $? = 0
